<?xml version="1.0" encoding="utf-8"?>
<CoverageSession>
  <Summary numSequencePoints="842" visitedSequencePoints="220" numBranchPoints="270" visitedBranchPoints="71" sequenceCoverage="26.12" branchCoverage="26.29" maxCyclomaticComplexity="285" minCyclomaticComplexity="285" visitedClasses="5" numClasses="7" visitedMethods="17" numMethods="37" />
  <Modules>
    <Module hash="C6A4DC4F-FD89-4153-998E-9316750C89AF">
      <ModulePath>SetupExternal.dll</ModulePath>
      <ModuleTime>2026-03-05T08:04:54</ModuleTime>
      <ModuleName>SetupExternal</ModuleName>
      <Files>
        <File uid="1" fullPath="/Users/chris/projects/lobotomy-corporation-mods/SetupExternal/AssemblyRetargeter.cs" />
        <File uid="2" fullPath="/Users/chris/projects/lobotomy-corporation-mods/SetupExternal/Decompiler.cs" />
        <File uid="3" fullPath="/Users/chris/projects/lobotomy-corporation-mods/SetupExternal/FileSyncer.cs" />
        <File uid="4" fullPath="/Users/chris/projects/lobotomy-corporation-mods/SetupExternal/GamePathFinder.cs" />
        <File uid="5" fullPath="/Users/chris/projects/lobotomy-corporation-mods/SetupExternal/Program.cs" />
        <File uid="6" fullPath="/Users/chris/projects/lobotomy-corporation-mods/SetupExternal/VdfParser.cs" />
      </Files>
      <Classes>
        <Class>
          <Summary numSequencePoints="173" visitedSequencePoints="93" numBranchPoints="96" visitedBranchPoints="31" sequenceCoverage="53.75" branchCoverage="32.29" maxCyclomaticComplexity="96" minCyclomaticComplexity="1" visitedClasses="1" numClasses="1" visitedMethods="2" numMethods="2" />
          <FullName>SetupExternal.AssemblyRetargeter</FullName>
          <Methods>
            <Method cyclomaticComplexity="96" nPathComplexity="96" sequenceCoverage="53.48" branchCoverage="32.29" isConstructor="False" isGetter="False" isSetter="False" isStatic="True">
              <Summary numSequencePoints="172" visitedSequencePoints="92" numBranchPoints="96" visitedBranchPoints="31" sequenceCoverage="53.48" branchCoverage="32.29" maxCyclomaticComplexity="96" minCyclomaticComplexity="96" visitedClasses="0" numClasses="0" visitedMethods="1" numMethods="1" />
              <MetadataToken />
              <Name>System.Boolean SetupExternal.AssemblyRetargeter::Retarget(System.String)</Name>
              <FileRef uid="1" />
              <SequencePoints>
                <SequencePoint vc="5" uspid="25" ordinal="0" sl="25" sc="1" el="25" ec="2" bec="0" bev="0" fileid="1" />
                <SequencePoint vc="5" uspid="26" ordinal="1" sl="26" sc="1" el="26" ec="2" bec="4" bev="3" fileid="1" />
                <SequencePoint vc="1" uspid="27" ordinal="2" sl="27" sc="1" el="27" ec="2" bec="0" bev="0" fileid="1" />
                <SequencePoint vc="1" uspid="28" ordinal="3" sl="28" sc="1" el="28" ec="2" bec="0" bev="0" fileid="1" />
                <SequencePoint vc="1" uspid="29" ordinal="4" sl="29" sc="1" el="29" ec="2" bec="0" bev="0" fileid="1" />
                <SequencePoint vc="4" uspid="33" ordinal="5" sl="33" sc="1" el="33" ec="2" bec="0" bev="0" fileid="1" />
                <SequencePoint vc="4" uspid="34" ordinal="6" sl="34" sc="1" el="34" ec="2" bec="0" bev="0" fileid="1" />
                <SequencePoint vc="4" uspid="35" ordinal="7" sl="35" sc="1" el="35" ec="2" bec="0" bev="0" fileid="1" />
                <SequencePoint vc="4" uspid="38" ordinal="8" sl="38" sc="1" el="38" ec="2" bec="0" bev="0" fileid="1" />
                <SequencePoint vc="4" uspid="39" ordinal="9" sl="39" sc="1" el="39" ec="2" bec="0" bev="0" fileid="1" />
                <SequencePoint vc="4" uspid="43" ordinal="10" sl="43" sc="1" el="43" ec="2" bec="0" bev="0" fileid="1" />
                <SequencePoint vc="4" uspid="44" ordinal="11" sl="44" sc="1" el="44" ec="2" bec="0" bev="0" fileid="1" />
                <SequencePoint vc="4" uspid="45" ordinal="12" sl="45" sc="1" el="45" ec="2" bec="0" bev="0" fileid="1" />
                <SequencePoint vc="4" uspid="46" ordinal="13" sl="46" sc="1" el="46" ec="2" bec="0" bev="0" fileid="1" />
                <SequencePoint vc="4" uspid="47" ordinal="14" sl="47" sc="1" el="47" ec="2" bec="0" bev="0" fileid="1" />
                <SequencePoint vc="4" uspid="49" ordinal="15" sl="49" sc="1" el="49" ec="2" bec="0" bev="0" fileid="1" />
                <SequencePoint vc="4" uspid="50" ordinal="16" sl="50" sc="1" el="50" ec="2" bec="0" bev="0" fileid="1" />
                <SequencePoint vc="4" uspid="51" ordinal="17" sl="51" sc="1" el="51" ec="2" bec="0" bev="0" fileid="1" />
                <SequencePoint vc="4" uspid="52" ordinal="18" sl="52" sc="1" el="52" ec="2" bec="0" bev="0" fileid="1" />
                <SequencePoint vc="4" uspid="53" ordinal="19" sl="53" sc="1" el="53" ec="2" bec="0" bev="0" fileid="1" />
                <SequencePoint vc="4" uspid="54" ordinal="20" sl="54" sc="1" el="54" ec="2" bec="0" bev="0" fileid="1" />
                <SequencePoint vc="4" uspid="56" ordinal="21" sl="56" sc="1" el="56" ec="2" bec="2" bev="2" fileid="1" />
                <SequencePoint vc="1" uspid="57" ordinal="22" sl="57" sc="1" el="57" ec="2" bec="0" bev="0" fileid="1" />
                <SequencePoint vc="1" uspid="58" ordinal="23" sl="58" sc="1" el="58" ec="2" bec="0" bev="0" fileid="1" />
                <SequencePoint vc="1" uspid="59" ordinal="24" sl="59" sc="1" el="59" ec="2" bec="0" bev="0" fileid="1" />
                <SequencePoint vc="3" uspid="62" ordinal="25" sl="62" sc="1" el="62" ec="2" bec="0" bev="0" fileid="1" />
                <SequencePoint vc="17" uspid="63" ordinal="26" sl="63" sc="1" el="63" ec="2" bec="2" bev="2" fileid="1" />
                <SequencePoint vc="4" uspid="64" ordinal="27" sl="64" sc="1" el="64" ec="2" bec="0" bev="0" fileid="1" />
                <SequencePoint vc="4" uspid="65" ordinal="28" sl="65" sc="1" el="65" ec="2" bec="0" bev="0" fileid="1" />
                <SequencePoint vc="4" uspid="66" ordinal="29" sl="66" sc="1" el="66" ec="2" bec="0" bev="0" fileid="1" />
                <SequencePoint vc="3" uspid="69" ordinal="30" sl="69" sc="1" el="69" ec="2" bec="2" bev="2" fileid="1" />
                <SequencePoint vc="1" uspid="70" ordinal="31" sl="70" sc="1" el="70" ec="2" bec="0" bev="0" fileid="1" />
                <SequencePoint vc="1" uspid="71" ordinal="32" sl="71" sc="1" el="71" ec="2" bec="0" bev="0" fileid="1" />
                <SequencePoint vc="1" uspid="74" ordinal="33" sl="74" sc="1" el="74" ec="2" bec="0" bev="0" fileid="1" />
                <SequencePoint vc="1" uspid="75" ordinal="34" sl="75" sc="1" el="75" ec="2" bec="0" bev="0" fileid="1" />
                <SequencePoint vc="3" uspid="76" ordinal="35" sl="76" sc="1" el="76" ec="2" bec="2" bev="1" fileid="1" />
                <SequencePoint vc="0" uspid="77" ordinal="36" sl="77" sc="1" el="77" ec="2" bec="0" bev="0" fileid="1" />
                <SequencePoint vc="0" uspid="78" ordinal="37" sl="78" sc="1" el="78" ec="2" bec="4" bev="0" fileid="1" />
                <SequencePoint vc="0" uspid="79" ordinal="38" sl="79" sc="1" el="79" ec="2" bec="0" bev="0" fileid="1" />
                <SequencePoint vc="0" uspid="80" ordinal="39" sl="80" sc="1" el="80" ec="2" bec="0" bev="0" fileid="1" />
                <SequencePoint vc="0" uspid="81" ordinal="40" sl="81" sc="1" el="81" ec="2" bec="0" bev="0" fileid="1" />
                <SequencePoint vc="0" uspid="82" ordinal="41" sl="82" sc="1" el="82" ec="2" bec="0" bev="0" fileid="1" />
                <SequencePoint vc="1" uspid="83" ordinal="42" sl="83" sc="1" el="83" ec="2" bec="2" bev="1" fileid="1" />
                <SequencePoint vc="0" uspid="84" ordinal="43" sl="84" sc="1" el="84" ec="2" bec="0" bev="0" fileid="1" />
                <SequencePoint vc="0" uspid="85" ordinal="44" sl="85" sc="1" el="85" ec="2" bec="0" bev="0" fileid="1" />
                <SequencePoint vc="0" uspid="86" ordinal="45" sl="86" sc="1" el="86" ec="2" bec="0" bev="0" fileid="1" />
                <SequencePoint vc="1" uspid="89" ordinal="46" sl="89" sc="1" el="89" ec="2" bec="0" bev="0" fileid="1" />
                <SequencePoint vc="1" uspid="90" ordinal="47" sl="90" sc="1" el="90" ec="2" bec="0" bev="0" fileid="1" />
                <SequencePoint vc="1" uspid="91" ordinal="48" sl="91" sc="1" el="91" ec="2" bec="2" bev="1" fileid="1" />
                <SequencePoint vc="0" uspid="92" ordinal="49" sl="92" sc="1" el="92" ec="2" bec="0" bev="0" fileid="1" />
                <SequencePoint vc="0" uspid="93" ordinal="50" sl="93" sc="1" el="93" ec="2" bec="6" bev="0" fileid="1" />
                <SequencePoint vc="0" uspid="94" ordinal="51" sl="94" sc="1" el="94" ec="2" bec="0" bev="0" fileid="1" />
                <SequencePoint vc="0" uspid="95" ordinal="52" sl="95" sc="1" el="95" ec="2" bec="0" bev="0" fileid="1" />
                <SequencePoint vc="0" uspid="96" ordinal="53" sl="96" sc="1" el="96" ec="2" bec="0" bev="0" fileid="1" />
                <SequencePoint vc="0" uspid="97" ordinal="54" sl="97" sc="1" el="97" ec="2" bec="0" bev="0" fileid="1" />
                <SequencePoint vc="1" uspid="100" ordinal="55" sl="100" sc="1" el="100" ec="2" bec="2" bev="1" fileid="1" />
                <SequencePoint vc="0" uspid="101" ordinal="56" sl="101" sc="1" el="101" ec="2" bec="0" bev="0" fileid="1" />
                <SequencePoint vc="0" uspid="102" ordinal="57" sl="102" sc="1" el="102" ec="2" bec="0" bev="0" fileid="1" />
                <SequencePoint vc="0" uspid="103" ordinal="58" sl="103" sc="1" el="103" ec="2" bec="6" bev="0" fileid="1" />
                <SequencePoint vc="0" uspid="104" ordinal="59" sl="104" sc="1" el="104" ec="2" bec="0" bev="0" fileid="1" />
                <SequencePoint vc="0" uspid="105" ordinal="60" sl="105" sc="1" el="105" ec="2" bec="0" bev="0" fileid="1" />
                <SequencePoint vc="0" uspid="106" ordinal="61" sl="106" sc="1" el="106" ec="2" bec="0" bev="0" fileid="1" />
                <SequencePoint vc="0" uspid="107" ordinal="62" sl="107" sc="1" el="107" ec="2" bec="0" bev="0" fileid="1" />
                <SequencePoint vc="1" uspid="110" ordinal="63" sl="110" sc="1" el="110" ec="2" bec="0" bev="0" fileid="1" />
                <SequencePoint vc="1" uspid="111" ordinal="64" sl="111" sc="1" el="111" ec="2" bec="0" bev="0" fileid="1" />
                <SequencePoint vc="1" uspid="113" ordinal="65" sl="113" sc="1" el="113" ec="2" bec="0" bev="0" fileid="1" />
                <SequencePoint vc="1" uspid="114" ordinal="66" sl="114" sc="1" el="114" ec="2" bec="0" bev="0" fileid="1" />
                <SequencePoint vc="1" uspid="115" ordinal="67" sl="115" sc="1" el="115" ec="2" bec="0" bev="0" fileid="1" />
                <SequencePoint vc="5" uspid="118" ordinal="68" sl="118" sc="1" el="118" ec="2" bec="2" bev="2" fileid="1" />
                <SequencePoint vc="1" uspid="119" ordinal="69" sl="119" sc="1" el="119" ec="2" bec="0" bev="0" fileid="1" />
                <SequencePoint vc="3" uspid="121" ordinal="70" sl="121" sc="1" el="121" ec="2" bec="2" bev="1" fileid="1" />
                <SequencePoint vc="0" uspid="122" ordinal="71" sl="122" sc="1" el="122" ec="2" bec="0" bev="0" fileid="1" />
                <SequencePoint vc="0" uspid="123" ordinal="72" sl="123" sc="1" el="123" ec="2" bec="6" bev="0" fileid="1" />
                <SequencePoint vc="0" uspid="124" ordinal="73" sl="124" sc="1" el="124" ec="2" bec="0" bev="0" fileid="1" />
                <SequencePoint vc="0" uspid="125" ordinal="74" sl="125" sc="1" el="125" ec="2" bec="0" bev="0" fileid="1" />
                <SequencePoint vc="0" uspid="126" ordinal="75" sl="126" sc="1" el="126" ec="2" bec="0" bev="0" fileid="1" />
                <SequencePoint vc="0" uspid="127" ordinal="76" sl="127" sc="1" el="127" ec="2" bec="0" bev="0" fileid="1" />
                <SequencePoint vc="0" uspid="128" ordinal="77" sl="128" sc="1" el="128" ec="2" bec="0" bev="0" fileid="1" />
                <SequencePoint vc="0" uspid="129" ordinal="78" sl="129" sc="1" el="129" ec="2" bec="0" bev="0" fileid="1" />
                <SequencePoint vc="0" uspid="130" ordinal="79" sl="130" sc="1" el="130" ec="2" bec="0" bev="0" fileid="1" />
                <SequencePoint vc="3" uspid="133" ordinal="80" sl="133" sc="1" el="133" ec="2" bec="2" bev="1" fileid="1" />
                <SequencePoint vc="0" uspid="134" ordinal="81" sl="134" sc="1" el="134" ec="2" bec="0" bev="0" fileid="1" />
                <SequencePoint vc="0" uspid="135" ordinal="82" sl="135" sc="1" el="135" ec="2" bec="8" bev="0" fileid="1" />
                <SequencePoint vc="0" uspid="136" ordinal="83" sl="136" sc="1" el="136" ec="2" bec="0" bev="0" fileid="1" />
                <SequencePoint vc="0" uspid="137" ordinal="84" sl="137" sc="1" el="137" ec="2" bec="0" bev="0" fileid="1" />
                <SequencePoint vc="0" uspid="138" ordinal="85" sl="138" sc="1" el="138" ec="2" bec="0" bev="0" fileid="1" />
                <SequencePoint vc="0" uspid="139" ordinal="86" sl="139" sc="1" el="139" ec="2" bec="0" bev="0" fileid="1" />
                <SequencePoint vc="0" uspid="140" ordinal="87" sl="140" sc="1" el="140" ec="2" bec="0" bev="0" fileid="1" />
                <SequencePoint vc="0" uspid="141" ordinal="88" sl="141" sc="1" el="141" ec="2" bec="0" bev="0" fileid="1" />
                <SequencePoint vc="0" uspid="142" ordinal="89" sl="142" sc="1" el="142" ec="2" bec="0" bev="0" fileid="1" />
                <SequencePoint vc="3" uspid="145" ordinal="90" sl="145" sc="1" el="145" ec="2" bec="2" bev="1" fileid="1" />
                <SequencePoint vc="0" uspid="146" ordinal="91" sl="146" sc="1" el="146" ec="2" bec="0" bev="0" fileid="1" />
                <SequencePoint vc="0" uspid="147" ordinal="92" sl="147" sc="1" el="147" ec="2" bec="6" bev="0" fileid="1" />
                <SequencePoint vc="0" uspid="148" ordinal="93" sl="148" sc="1" el="148" ec="2" bec="0" bev="0" fileid="1" />
                <SequencePoint vc="0" uspid="149" ordinal="94" sl="149" sc="1" el="149" ec="2" bec="0" bev="0" fileid="1" />
                <SequencePoint vc="0" uspid="150" ordinal="95" sl="150" sc="1" el="150" ec="2" bec="0" bev="0" fileid="1" />
                <SequencePoint vc="0" uspid="151" ordinal="96" sl="151" sc="1" el="151" ec="2" bec="0" bev="0" fileid="1" />
                <SequencePoint vc="0" uspid="152" ordinal="97" sl="152" sc="1" el="152" ec="2" bec="0" bev="0" fileid="1" />
                <SequencePoint vc="0" uspid="153" ordinal="98" sl="153" sc="1" el="153" ec="2" bec="0" bev="0" fileid="1" />
                <SequencePoint vc="0" uspid="154" ordinal="99" sl="154" sc="1" el="154" ec="2" bec="0" bev="0" fileid="1" />
                <SequencePoint vc="1" uspid="157" ordinal="100" sl="157" sc="1" el="157" ec="2" bec="0" bev="0" fileid="1" />
                <SequencePoint vc="1" uspid="158" ordinal="101" sl="158" sc="1" el="158" ec="2" bec="0" bev="0" fileid="1" />
                <SequencePoint vc="1" uspid="161" ordinal="102" sl="161" sc="1" el="161" ec="2" bec="6" bev="3" fileid="1" />
                <SequencePoint vc="0" uspid="162" ordinal="103" sl="162" sc="1" el="162" ec="2" bec="0" bev="0" fileid="1" />
                <SequencePoint vc="0" uspid="163" ordinal="104" sl="163" sc="1" el="163" ec="2" bec="0" bev="0" fileid="1" />
                <SequencePoint vc="0" uspid="164" ordinal="105" sl="164" sc="1" el="164" ec="2" bec="0" bev="0" fileid="1" />
                <SequencePoint vc="1" uspid="167" ordinal="106" sl="167" sc="1" el="167" ec="2" bec="0" bev="0" fileid="1" />
                <SequencePoint vc="1" uspid="168" ordinal="107" sl="168" sc="1" el="168" ec="2" bec="0" bev="0" fileid="1" />
                <SequencePoint vc="1" uspid="169" ordinal="108" sl="169" sc="1" el="169" ec="2" bec="2" bev="1" fileid="1" />
                <SequencePoint vc="0" uspid="170" ordinal="109" sl="170" sc="1" el="170" ec="2" bec="0" bev="0" fileid="1" />
                <SequencePoint vc="0" uspid="171" ordinal="110" sl="171" sc="1" el="171" ec="2" bec="6" bev="0" fileid="1" />
                <SequencePoint vc="0" uspid="172" ordinal="111" sl="172" sc="1" el="172" ec="2" bec="0" bev="0" fileid="1" />
                <SequencePoint vc="0" uspid="173" ordinal="112" sl="173" sc="1" el="173" ec="2" bec="0" bev="0" fileid="1" />
                <SequencePoint vc="0" uspid="174" ordinal="113" sl="174" sc="1" el="174" ec="2" bec="0" bev="0" fileid="1" />
                <SequencePoint vc="0" uspid="175" ordinal="114" sl="175" sc="1" el="175" ec="2" bec="0" bev="0" fileid="1" />
                <SequencePoint vc="1" uspid="178" ordinal="115" sl="178" sc="1" el="178" ec="2" bec="0" bev="0" fileid="1" />
                <SequencePoint vc="1" uspid="179" ordinal="116" sl="179" sc="1" el="179" ec="2" bec="0" bev="0" fileid="1" />
                <SequencePoint vc="1" uspid="180" ordinal="117" sl="180" sc="1" el="180" ec="2" bec="2" bev="1" fileid="1" />
                <SequencePoint vc="0" uspid="181" ordinal="118" sl="181" sc="1" el="181" ec="2" bec="0" bev="0" fileid="1" />
                <SequencePoint vc="0" uspid="182" ordinal="119" sl="182" sc="1" el="182" ec="2" bec="6" bev="0" fileid="1" />
                <SequencePoint vc="0" uspid="183" ordinal="120" sl="183" sc="1" el="183" ec="2" bec="0" bev="0" fileid="1" />
                <SequencePoint vc="0" uspid="184" ordinal="121" sl="184" sc="1" el="184" ec="2" bec="0" bev="0" fileid="1" />
                <SequencePoint vc="0" uspid="185" ordinal="122" sl="185" sc="1" el="185" ec="2" bec="0" bev="0" fileid="1" />
                <SequencePoint vc="0" uspid="186" ordinal="123" sl="186" sc="1" el="186" ec="2" bec="0" bev="0" fileid="1" />
                <SequencePoint vc="1" uspid="189" ordinal="124" sl="189" sc="1" el="189" ec="2" bec="2" bev="1" fileid="1" />
                <SequencePoint vc="0" uspid="190" ordinal="125" sl="190" sc="1" el="190" ec="2" bec="0" bev="0" fileid="1" />
                <SequencePoint vc="0" uspid="191" ordinal="126" sl="191" sc="1" el="191" ec="2" bec="0" bev="0" fileid="1" />
                <SequencePoint vc="0" uspid="192" ordinal="127" sl="192" sc="1" el="192" ec="2" bec="0" bev="0" fileid="1" />
                <SequencePoint vc="1" uspid="194" ordinal="128" sl="194" sc="1" el="194" ec="2" bec="0" bev="0" fileid="1" />
                <SequencePoint vc="1" uspid="195" ordinal="129" sl="195" sc="1" el="195" ec="2" bec="0" bev="0" fileid="1" />
                <SequencePoint vc="2" uspid="197" ordinal="130" sl="197" sc="1" el="197" ec="2" bec="0" bev="0" fileid="1" />
                <SequencePoint vc="2" uspid="199" ordinal="131" sl="199" sc="1" el="199" ec="2" bec="0" bev="0" fileid="1" />
                <SequencePoint vc="2" uspid="200" ordinal="132" sl="200" sc="1" el="200" ec="2" bec="2" bev="2" fileid="1" />
                <SequencePoint vc="1" uspid="201" ordinal="133" sl="201" sc="1" el="201" ec="2" bec="0" bev="0" fileid="1" />
                <SequencePoint vc="1" uspid="202" ordinal="134" sl="202" sc="1" el="202" ec="2" bec="0" bev="0" fileid="1" />
                <SequencePoint vc="1" uspid="203" ordinal="135" sl="203" sc="1" el="203" ec="2" bec="0" bev="0" fileid="1" />
                <SequencePoint vc="1" uspid="204" ordinal="136" sl="204" sc="1" el="204" ec="2" bec="0" bev="0" fileid="1" />
                <SequencePoint vc="1" uspid="205" ordinal="137" sl="205" sc="1" el="205" ec="2" bec="0" bev="0" fileid="1" />
                <SequencePoint vc="2" uspid="206" ordinal="138" sl="206" sc="1" el="206" ec="2" bec="0" bev="0" fileid="1" />
                <SequencePoint vc="3" uspid="208" ordinal="139" sl="208" sc="1" el="208" ec="2" bec="2" bev="2" fileid="1" />
                <SequencePoint vc="2" uspid="209" ordinal="140" sl="209" sc="1" el="209" ec="2" bec="0" bev="0" fileid="1" />
                <SequencePoint vc="2" uspid="210" ordinal="141" sl="210" sc="1" el="210" ec="2" bec="0" bev="0" fileid="1" />
                <SequencePoint vc="2" uspid="212" ordinal="142" sl="212" sc="1" el="212" ec="2" bec="0" bev="0" fileid="1" />
                <SequencePoint vc="2" uspid="213" ordinal="143" sl="213" sc="1" el="213" ec="2" bec="0" bev="0" fileid="1" />
                <SequencePoint vc="2" uspid="214" ordinal="144" sl="214" sc="1" el="214" ec="2" bec="0" bev="0" fileid="1" />
                <SequencePoint vc="0" uspid="215" ordinal="145" sl="215" sc="1" el="215" ec="2" bec="0" bev="0" fileid="1" />
                <SequencePoint vc="0" uspid="216" ordinal="146" sl="216" sc="1" el="216" ec="2" bec="0" bev="0" fileid="1" />
                <SequencePoint vc="0" uspid="217" ordinal="147" sl="217" sc="1" el="217" ec="2" bec="2" bev="0" fileid="1" />
                <SequencePoint vc="0" uspid="218" ordinal="148" sl="218" sc="1" el="218" ec="2" bec="0" bev="0" fileid="1" />
                <SequencePoint vc="0" uspid="219" ordinal="149" sl="219" sc="1" el="219" ec="2" bec="0" bev="0" fileid="1" />
                <SequencePoint vc="0" uspid="220" ordinal="150" sl="220" sc="1" el="220" ec="2" bec="0" bev="0" fileid="1" />
                <SequencePoint vc="0" uspid="221" ordinal="151" sl="221" sc="1" el="221" ec="2" bec="0" bev="0" fileid="1" />
                <SequencePoint vc="2" uspid="223" ordinal="152" sl="223" sc="1" el="223" ec="2" bec="0" bev="0" fileid="1" />
                <SequencePoint vc="3" uspid="224" ordinal="153" sl="224" sc="1" el="224" ec="2" bec="0" bev="0" fileid="1" />
                <SequencePoint vc="3" uspid="226" ordinal="154" sl="226" sc="1" el="226" ec="2" bec="2" bev="2" fileid="1" />
                <SequencePoint vc="2" uspid="227" ordinal="155" sl="227" sc="1" el="227" ec="2" bec="0" bev="0" fileid="1" />
                <SequencePoint vc="2" uspid="228" ordinal="156" sl="228" sc="1" el="228" ec="2" bec="0" bev="0" fileid="1" />
                <SequencePoint vc="2" uspid="229" ordinal="157" sl="229" sc="1" el="229" ec="2" bec="2" bev="1" fileid="1" />
                <SequencePoint vc="2" uspid="230" ordinal="158" sl="230" sc="1" el="230" ec="2" bec="0" bev="0" fileid="1" />
                <SequencePoint vc="2" uspid="231" ordinal="159" sl="231" sc="1" el="231" ec="2" bec="0" bev="0" fileid="1" />
                <SequencePoint vc="2" uspid="232" ordinal="160" sl="232" sc="1" el="232" ec="2" bec="0" bev="0" fileid="1" />
                <SequencePoint vc="2" uspid="234" ordinal="161" sl="234" sc="1" el="234" ec="2" bec="0" bev="0" fileid="1" />
                <SequencePoint vc="2" uspid="235" ordinal="162" sl="235" sc="1" el="235" ec="2" bec="0" bev="0" fileid="1" />
                <SequencePoint vc="0" uspid="237" ordinal="163" sl="237" sc="1" el="237" ec="2" bec="0" bev="0" fileid="1" />
                <SequencePoint vc="1" uspid="239" ordinal="164" sl="239" sc="1" el="239" ec="2" bec="0" bev="0" fileid="1" />
                <SequencePoint vc="1" uspid="240" ordinal="165" sl="240" sc="1" el="240" ec="2" bec="0" bev="0" fileid="1" />
                <SequencePoint vc="0" uspid="243" ordinal="166" sl="243" sc="1" el="243" ec="2" bec="0" bev="0" fileid="1" />
                <SequencePoint vc="0" uspid="244" ordinal="167" sl="244" sc="1" el="244" ec="2" bec="0" bev="0" fileid="1" />
                <SequencePoint vc="0" uspid="245" ordinal="168" sl="245" sc="1" el="245" ec="2" bec="0" bev="0" fileid="1" />
                <SequencePoint vc="0" uspid="246" ordinal="169" sl="246" sc="1" el="246" ec="2" bec="0" bev="0" fileid="1" />
                <SequencePoint vc="0" uspid="247" ordinal="170" sl="247" sc="1" el="247" ec="2" bec="0" bev="0" fileid="1" />
                <SequencePoint vc="5" uspid="250" ordinal="171" sl="250" sc="1" el="250" ec="2" bec="0" bev="0" fileid="1" />
              </SequencePoints>
              <BranchPoints>
                <BranchPoint vc="5" uspid="26" ordinal="0" path="0" offset="7" offsetend="9" sl="26" fileid="1" />
                <BranchPoint vc="0" uspid="26" ordinal="1" path="1" offset="7" offsetend="20" sl="26" fileid="1" />
                <BranchPoint vc="1" uspid="26" ordinal="2" path="0" offset="23" offsetend="25" sl="26" fileid="1" />
                <BranchPoint vc="4" uspid="26" ordinal="3" path="1" offset="23" offsetend="50" sl="26" fileid="1" />
                <BranchPoint vc="1" uspid="56" ordinal="4" path="0" offset="201" offsetend="203" sl="56" fileid="1" />
                <BranchPoint vc="3" uspid="56" ordinal="5" path="1" offset="201" offsetend="228" sl="56" fileid="1" />
                <BranchPoint vc="4" uspid="63" ordinal="7" path="1" offset="382" offsetend="313" sl="63" fileid="1" />
                <BranchPoint vc="3" uspid="63" ordinal="6" path="0" offset="382" offsetend="384" sl="63" fileid="1" />
                <BranchPoint vc="1" uspid="69" ordinal="8" path="0" offset="415" offsetend="420" sl="69" fileid="1" />
                <BranchPoint vc="0" uspid="76" ordinal="15" path="1" offset="602" offsetend="541" sl="76" fileid="1" />
                <BranchPoint vc="0" uspid="78" ordinal="10" path="0" offset="558" offsetend="560" sl="78" fileid="1" />
                <BranchPoint vc="0" uspid="78" ordinal="11" path="1" offset="558" offsetend="579" sl="78" fileid="1" />
                <BranchPoint vc="0" uspid="78" ordinal="12" path="0" offset="584" offsetend="586" sl="78" fileid="1" />
                <BranchPoint vc="0" uspid="78" ordinal="13" path="1" offset="584" offsetend="594" sl="78" fileid="1" />
                <BranchPoint vc="1" uspid="76" ordinal="14" path="0" offset="602" offsetend="604" sl="76" fileid="1" />
                <BranchPoint vc="0" uspid="83" ordinal="16" path="0" offset="630" offsetend="632" sl="83" fileid="1" />
                <BranchPoint vc="1" uspid="83" ordinal="17" path="1" offset="630" offsetend="693" sl="83" fileid="1" />
                <BranchPoint vc="0" uspid="91" ordinal="18" path="0" offset="742" offsetend="747" sl="91" fileid="1" />
                <BranchPoint vc="0" uspid="93" ordinal="20" path="0" offset="764" offsetend="766" sl="93" fileid="1" />
                <BranchPoint vc="0" uspid="93" ordinal="22" path="0" offset="774" offsetend="776" sl="93" fileid="1" />
                <BranchPoint vc="0" uspid="93" ordinal="23" path="1" offset="774" offsetend="780" sl="93" fileid="1" />
                <BranchPoint vc="0" uspid="93" ordinal="24" path="0" offset="791" offsetend="793" sl="93" fileid="1" />
                <BranchPoint vc="0" uspid="93" ordinal="21" path="1" offset="764" offsetend="801" sl="93" fileid="1" />
                <BranchPoint vc="0" uspid="93" ordinal="25" path="1" offset="791" offsetend="860" sl="93" fileid="1" />
                <BranchPoint vc="1" uspid="91" ordinal="19" path="1" offset="742" offsetend="881" sl="91" fileid="1" />
                <BranchPoint vc="0" uspid="100" ordinal="26" path="0" offset="899" offsetend="904" sl="100" fileid="1" />
                <BranchPoint vc="0" uspid="103" ordinal="28" path="0" offset="935" offsetend="937" sl="103" fileid="1" />
                <BranchPoint vc="0" uspid="103" ordinal="30" path="0" offset="945" offsetend="947" sl="103" fileid="1" />
                <BranchPoint vc="0" uspid="103" ordinal="31" path="1" offset="945" offsetend="951" sl="103" fileid="1" />
                <BranchPoint vc="0" uspid="103" ordinal="32" path="0" offset="962" offsetend="964" sl="103" fileid="1" />
                <BranchPoint vc="0" uspid="103" ordinal="29" path="1" offset="935" offsetend="972" sl="103" fileid="1" />
                <BranchPoint vc="0" uspid="103" ordinal="33" path="1" offset="962" offsetend="1031" sl="103" fileid="1" />
                <BranchPoint vc="1" uspid="100" ordinal="27" path="1" offset="899" offsetend="1064" sl="100" fileid="1" />
                <BranchPoint vc="1" uspid="118" ordinal="61" path="1" offset="1596" offsetend="1113" sl="118" fileid="1" />
                <BranchPoint vc="0" uspid="121" ordinal="41" path="1" offset="1248" offsetend="1145" sl="121" fileid="1" />
                <BranchPoint vc="0" uspid="123" ordinal="34" path="0" offset="1171" offsetend="1173" sl="123" fileid="1" />
                <BranchPoint vc="0" uspid="123" ordinal="36" path="0" offset="1192" offsetend="1194" sl="123" fileid="1" />
                <BranchPoint vc="0" uspid="123" ordinal="35" path="1" offset="1171" offsetend="1215" sl="123" fileid="1" />
                <BranchPoint vc="0" uspid="123" ordinal="37" path="1" offset="1192" offsetend="1215" sl="123" fileid="1" />
                <BranchPoint vc="0" uspid="123" ordinal="38" path="0" offset="1220" offsetend="1222" sl="123" fileid="1" />
                <BranchPoint vc="0" uspid="123" ordinal="39" path="1" offset="1220" offsetend="1240" sl="123" fileid="1" />
                <BranchPoint vc="1" uspid="121" ordinal="40" path="0" offset="1248" offsetend="1250" sl="121" fileid="1" />
                <BranchPoint vc="0" uspid="133" ordinal="51" path="1" offset="1407" offsetend="1287" sl="133" fileid="1" />
                <BranchPoint vc="0" uspid="135" ordinal="42" path="0" offset="1305" offsetend="1307" sl="135" fileid="1" />
                <BranchPoint vc="0" uspid="135" ordinal="43" path="1" offset="1305" offsetend="1311" sl="135" fileid="1" />
                <BranchPoint vc="0" uspid="135" ordinal="44" path="0" offset="1325" offsetend="1327" sl="135" fileid="1" />
                <BranchPoint vc="0" uspid="135" ordinal="46" path="0" offset="1346" offsetend="1348" sl="135" fileid="1" />
                <BranchPoint vc="0" uspid="135" ordinal="45" path="1" offset="1325" offsetend="1369" sl="135" fileid="1" />
                <BranchPoint vc="0" uspid="135" ordinal="47" path="1" offset="1346" offsetend="1369" sl="135" fileid="1" />
                <BranchPoint vc="0" uspid="135" ordinal="48" path="0" offset="1374" offsetend="1376" sl="135" fileid="1" />
                <BranchPoint vc="0" uspid="135" ordinal="49" path="1" offset="1374" offsetend="1399" sl="135" fileid="1" />
                <BranchPoint vc="1" uspid="133" ordinal="50" path="0" offset="1407" offsetend="1409" sl="133" fileid="1" />
                <BranchPoint vc="0" uspid="145" ordinal="59" path="1" offset="1549" offsetend="1446" sl="145" fileid="1" />
                <BranchPoint vc="0" uspid="147" ordinal="52" path="0" offset="1472" offsetend="1474" sl="147" fileid="1" />
                <BranchPoint vc="0" uspid="147" ordinal="54" path="0" offset="1493" offsetend="1495" sl="147" fileid="1" />
                <BranchPoint vc="0" uspid="147" ordinal="53" path="1" offset="1472" offsetend="1516" sl="147" fileid="1" />
                <BranchPoint vc="0" uspid="147" ordinal="55" path="1" offset="1493" offsetend="1516" sl="147" fileid="1" />
                <BranchPoint vc="0" uspid="147" ordinal="56" path="0" offset="1521" offsetend="1523" sl="147" fileid="1" />
                <BranchPoint vc="0" uspid="147" ordinal="57" path="1" offset="1521" offsetend="1541" sl="147" fileid="1" />
                <BranchPoint vc="1" uspid="145" ordinal="58" path="0" offset="1549" offsetend="1551" sl="145" fileid="1" />
                <BranchPoint vc="1" uspid="118" ordinal="60" path="0" offset="1596" offsetend="1601" sl="118" fileid="1" />
                <BranchPoint vc="1" uspid="161" ordinal="62" path="0" offset="1621" offsetend="1623" sl="161" fileid="1" />
                <BranchPoint vc="1" uspid="161" ordinal="64" path="0" offset="1626" offsetend="1628" sl="161" fileid="1" />
                <BranchPoint vc="0" uspid="161" ordinal="63" path="1" offset="1621" offsetend="1635" sl="161" fileid="1" />
                <BranchPoint vc="0" uspid="161" ordinal="65" path="1" offset="1626" offsetend="1635" sl="161" fileid="1" />
                <BranchPoint vc="0" uspid="161" ordinal="66" path="0" offset="1640" offsetend="1642" sl="161" fileid="1" />
                <BranchPoint vc="1" uspid="161" ordinal="67" path="1" offset="1640" offsetend="1749" sl="161" fileid="1" />
                <BranchPoint vc="0" uspid="169" ordinal="68" path="0" offset="1808" offsetend="1813" sl="169" fileid="1" />
                <BranchPoint vc="0" uspid="171" ordinal="70" path="0" offset="1830" offsetend="1832" sl="171" fileid="1" />
                <BranchPoint vc="0" uspid="171" ordinal="72" path="0" offset="1840" offsetend="1842" sl="171" fileid="1" />
                <BranchPoint vc="0" uspid="171" ordinal="73" path="1" offset="1840" offsetend="1846" sl="171" fileid="1" />
                <BranchPoint vc="0" uspid="171" ordinal="74" path="0" offset="1857" offsetend="1859" sl="171" fileid="1" />
                <BranchPoint vc="0" uspid="171" ordinal="71" path="1" offset="1830" offsetend="1867" sl="171" fileid="1" />
                <BranchPoint vc="0" uspid="171" ordinal="75" path="1" offset="1857" offsetend="1926" sl="171" fileid="1" />
                <BranchPoint vc="1" uspid="169" ordinal="69" path="1" offset="1808" offsetend="1947" sl="169" fileid="1" />
                <BranchPoint vc="0" uspid="180" ordinal="76" path="0" offset="2006" offsetend="2011" sl="180" fileid="1" />
                <BranchPoint vc="0" uspid="182" ordinal="78" path="0" offset="2028" offsetend="2030" sl="182" fileid="1" />
                <BranchPoint vc="0" uspid="182" ordinal="80" path="0" offset="2038" offsetend="2040" sl="182" fileid="1" />
                <BranchPoint vc="0" uspid="182" ordinal="81" path="1" offset="2038" offsetend="2044" sl="182" fileid="1" />
                <BranchPoint vc="0" uspid="182" ordinal="82" path="0" offset="2055" offsetend="2057" sl="182" fileid="1" />
                <BranchPoint vc="0" uspid="182" ordinal="79" path="1" offset="2028" offsetend="2065" sl="182" fileid="1" />
                <BranchPoint vc="0" uspid="182" ordinal="83" path="1" offset="2055" offsetend="2124" sl="182" fileid="1" />
                <BranchPoint vc="1" uspid="180" ordinal="77" path="1" offset="2006" offsetend="2145" sl="180" fileid="1" />
                <BranchPoint vc="0" uspid="189" ordinal="84" path="0" offset="2166" offsetend="2168" sl="189" fileid="1" />
                <BranchPoint vc="1" uspid="189" ordinal="85" path="1" offset="2166" offsetend="2183" sl="189" fileid="1" />
                <BranchPoint vc="2" uspid="69" ordinal="9" path="1" offset="415" offsetend="2192" sl="69" fileid="1" />
                <BranchPoint vc="1" uspid="200" ordinal="86" path="0" offset="2224" offsetend="2226" sl="200" fileid="1" />
                <BranchPoint vc="2" uspid="200" ordinal="87" path="1" offset="2224" offsetend="2343" sl="200" fileid="1" />
                <BranchPoint vc="2" uspid="208" ordinal="88" path="0" offset="2350" offsetend="2352" sl="208" fileid="1" />
                <BranchPoint vc="0" uspid="217" ordinal="90" path="0" offset="2393" offsetend="2395" sl="217" fileid="1" />
                <BranchPoint vc="0" uspid="217" ordinal="91" path="1" offset="2393" offsetend="2405" sl="217" fileid="1" />
                <BranchPoint vc="3" uspid="208" ordinal="89" path="1" offset="2350" offsetend="2408" sl="208" fileid="1" />
                <BranchPoint vc="2" uspid="226" ordinal="92" path="0" offset="2430" offsetend="2432" sl="226" fileid="1" />
                <BranchPoint vc="2" uspid="229" ordinal="94" path="0" offset="2457" offsetend="2459" sl="229" fileid="1" />
                <BranchPoint vc="0" uspid="229" ordinal="95" path="1" offset="2457" offsetend="2502" sl="229" fileid="1" />
                <BranchPoint vc="1" uspid="226" ordinal="93" path="1" offset="2430" offsetend="2503" sl="226" fileid="1" />
              </BranchPoints>
              <MethodPoint vc="92" uspid="0" p8:type="SequencePoint" ordinal="0" offset="0" sc="0" sl="25" ec="1" el="250" bec="0" bev="0" fileid="1" xmlns:p8="xsi" />
            </Method>
            <Method cyclomaticComplexity="1" nPathComplexity="1" sequenceCoverage="100" branchCoverage="100" isConstructor="True" isGetter="False" isSetter="False" isStatic="True">
              <Summary numSequencePoints="1" visitedSequencePoints="1" numBranchPoints="0" visitedBranchPoints="0" sequenceCoverage="100" branchCoverage="100" maxCyclomaticComplexity="1" minCyclomaticComplexity="1" visitedClasses="0" numClasses="0" visitedMethods="1" numMethods="1" />
              <MetadataToken />
              <Name>System.Void SetupExternal.AssemblyRetargeter::.cctor()</Name>
              <FileRef uid="1" />
              <SequencePoints>
                <SequencePoint vc="1" uspid="17" ordinal="0" sl="17" sc="1" el="17" ec="2" bec="0" bev="0" fileid="1" />
              </SequencePoints>
              <BranchPoints />
              <MethodPoint vc="1" uspid="0" p8:type="SequencePoint" ordinal="1" offset="1" sc="0" sl="17" ec="1" el="17" bec="0" bev="0" fileid="1" xmlns:p8="xsi" />
            </Method>
          </Methods>
        </Class>
        <Class>
          <Summary numSequencePoints="114" visitedSequencePoints="0" numBranchPoints="22" visitedBranchPoints="0" sequenceCoverage="0" branchCoverage="0" maxCyclomaticComplexity="12" minCyclomaticComplexity="1" visitedClasses="0" numClasses="1" visitedMethods="0" numMethods="5" />
          <FullName>SetupExternal.Decompiler</FullName>
          <Methods>
            <Method cyclomaticComplexity="1" nPathComplexity="1" sequenceCoverage="0" branchCoverage="100" isConstructor="False" isGetter="False" isSetter="False" isStatic="True">
              <Summary numSequencePoints="3" visitedSequencePoints="0" numBranchPoints="0" visitedBranchPoints="0" sequenceCoverage="0" branchCoverage="100" maxCyclomaticComplexity="1" minCyclomaticComplexity="1" visitedClasses="0" numClasses="0" visitedMethods="0" numMethods="1" />
              <MetadataToken />
              <Name>System.Void SetupExternal.Decompiler::DebugLog(System.String)</Name>
              <FileRef uid="2" />
              <SequencePoints>
                <SequencePoint vc="0" uspid="21" ordinal="0" sl="21" sc="1" el="21" ec="2" bec="0" bev="0" fileid="2" />
                <SequencePoint vc="0" uspid="22" ordinal="1" sl="22" sc="1" el="22" ec="2" bec="0" bev="0" fileid="2" />
                <SequencePoint vc="0" uspid="23" ordinal="2" sl="23" sc="1" el="23" ec="2" bec="0" bev="0" fileid="2" />
              </SequencePoints>
              <BranchPoints />
              <MethodPoint vc="0" uspid="0" p8:type="SequencePoint" ordinal="0" offset="0" sc="0" sl="21" ec="1" el="23" bec="0" bev="0" fileid="2" xmlns:p8="xsi" />
            </Method>
            <Method cyclomaticComplexity="6" nPathComplexity="6" sequenceCoverage="0" branchCoverage="0" isConstructor="False" isGetter="False" isSetter="False" isStatic="True">
              <Summary numSequencePoints="40" visitedSequencePoints="0" numBranchPoints="6" visitedBranchPoints="0" sequenceCoverage="0" branchCoverage="0" maxCyclomaticComplexity="6" minCyclomaticComplexity="6" visitedClasses="0" numClasses="0" visitedMethods="0" numMethods="1" />
              <MetadataToken />
              <Name>System.Boolean SetupExternal.Decompiler::DecompileDll(System.String,System.String)</Name>
              <FileRef uid="2" />
              <SequencePoints>
                <SequencePoint vc="0" uspid="32" ordinal="0" sl="32" sc="1" el="32" ec="2" bec="0" bev="0" fileid="2" />
                <SequencePoint vc="0" uspid="33" ordinal="1" sl="33" sc="1" el="33" ec="2" bec="0" bev="0" fileid="2" />
                <SequencePoint vc="0" uspid="34" ordinal="2" sl="34" sc="1" el="34" ec="2" bec="0" bev="0" fileid="2" />
                <SequencePoint vc="0" uspid="35" ordinal="3" sl="35" sc="1" el="35" ec="2" bec="0" bev="0" fileid="2" />
                <SequencePoint vc="0" uspid="36" ordinal="4" sl="36" sc="1" el="36" ec="2" bec="0" bev="0" fileid="2" />
                <SequencePoint vc="0" uspid="37" ordinal="5" sl="37" sc="1" el="37" ec="2" bec="0" bev="0" fileid="2" />
                <SequencePoint vc="0" uspid="38" ordinal="6" sl="38" sc="1" el="38" ec="2" bec="0" bev="0" fileid="2" />
                <SequencePoint vc="0" uspid="40" ordinal="7" sl="40" sc="1" el="40" ec="2" bec="0" bev="0" fileid="2" />
                <SequencePoint vc="0" uspid="42" ordinal="8" sl="42" sc="1" el="42" ec="2" bec="2" bev="0" fileid="2" />
                <SequencePoint vc="0" uspid="43" ordinal="9" sl="43" sc="1" el="43" ec="2" bec="0" bev="0" fileid="2" />
                <SequencePoint vc="0" uspid="44" ordinal="10" sl="44" sc="1" el="44" ec="2" bec="0" bev="0" fileid="2" />
                <SequencePoint vc="0" uspid="45" ordinal="11" sl="45" sc="1" el="45" ec="2" bec="0" bev="0" fileid="2" />
                <SequencePoint vc="0" uspid="46" ordinal="12" sl="46" sc="1" el="46" ec="2" bec="0" bev="0" fileid="2" />
                <SequencePoint vc="0" uspid="49" ordinal="13" sl="49" sc="1" el="49" ec="2" bec="0" bev="0" fileid="2" />
                <SequencePoint vc="0" uspid="50" ordinal="14" sl="50" sc="1" el="50" ec="2" bec="0" bev="0" fileid="2" />
                <SequencePoint vc="0" uspid="51" ordinal="15" sl="51" sc="1" el="51" ec="2" bec="0" bev="0" fileid="2" />
                <SequencePoint vc="0" uspid="54" ordinal="16" sl="54" sc="1" el="54" ec="2" bec="2" bev="0" fileid="2" />
                <SequencePoint vc="0" uspid="55" ordinal="17" sl="55" sc="1" el="55" ec="2" bec="0" bev="0" fileid="2" />
                <SequencePoint vc="0" uspid="57" ordinal="18" sl="57" sc="1" el="57" ec="2" bec="0" bev="0" fileid="2" />
                <SequencePoint vc="0" uspid="58" ordinal="19" sl="58" sc="1" el="58" ec="2" bec="0" bev="0" fileid="2" />
                <SequencePoint vc="0" uspid="59" ordinal="20" sl="59" sc="1" el="59" ec="2" bec="0" bev="0" fileid="2" />
                <SequencePoint vc="0" uspid="60" ordinal="21" sl="60" sc="1" el="60" ec="2" bec="0" bev="0" fileid="2" />
                <SequencePoint vc="0" uspid="61" ordinal="22" sl="61" sc="1" el="61" ec="2" bec="0" bev="0" fileid="2" />
                <SequencePoint vc="0" uspid="62" ordinal="23" sl="62" sc="1" el="62" ec="2" bec="0" bev="0" fileid="2" />
                <SequencePoint vc="0" uspid="63" ordinal="24" sl="63" sc="1" el="63" ec="2" bec="0" bev="0" fileid="2" />
                <SequencePoint vc="0" uspid="64" ordinal="25" sl="64" sc="1" el="64" ec="2" bec="0" bev="0" fileid="2" />
                <SequencePoint vc="0" uspid="66" ordinal="26" sl="66" sc="1" el="66" ec="2" bec="0" bev="0" fileid="2" />
                <SequencePoint vc="0" uspid="67" ordinal="27" sl="67" sc="1" el="67" ec="2" bec="0" bev="0" fileid="2" />
                <SequencePoint vc="0" uspid="68" ordinal="28" sl="68" sc="1" el="68" ec="2" bec="0" bev="0" fileid="2" />
                <SequencePoint vc="0" uspid="69" ordinal="29" sl="69" sc="1" el="69" ec="2" bec="0" bev="0" fileid="2" />
                <SequencePoint vc="0" uspid="71" ordinal="30" sl="71" sc="1" el="71" ec="2" bec="0" bev="0" fileid="2" />
                <SequencePoint vc="0" uspid="74" ordinal="31" sl="74" sc="1" el="74" ec="2" bec="0" bev="0" fileid="2" />
                <SequencePoint vc="0" uspid="77" ordinal="32" sl="77" sc="1" el="77" ec="2" bec="0" bev="0" fileid="2" />
                <SequencePoint vc="0" uspid="78" ordinal="33" sl="78" sc="1" el="78" ec="2" bec="2" bev="0" fileid="2" />
                <SequencePoint vc="0" uspid="79" ordinal="34" sl="79" sc="1" el="79" ec="2" bec="0" bev="0" fileid="2" />
                <SequencePoint vc="0" uspid="80" ordinal="35" sl="80" sc="1" el="80" ec="2" bec="0" bev="0" fileid="2" />
                <SequencePoint vc="0" uspid="81" ordinal="36" sl="81" sc="1" el="81" ec="2" bec="0" bev="0" fileid="2" />
                <SequencePoint vc="0" uspid="82" ordinal="37" sl="82" sc="1" el="82" ec="2" bec="0" bev="0" fileid="2" />
                <SequencePoint vc="0" uspid="86" ordinal="38" sl="86" sc="1" el="86" ec="2" bec="0" bev="0" fileid="2" />
                <SequencePoint vc="0" uspid="87" ordinal="39" sl="87" sc="1" el="87" ec="2" bec="0" bev="0" fileid="2" />
              </SequencePoints>
              <BranchPoints>
                <BranchPoint vc="0" uspid="42" ordinal="0" path="0" offset="53" offsetend="55" sl="42" fileid="2" />
                <BranchPoint vc="0" uspid="42" ordinal="1" path="1" offset="53" offsetend="104" sl="42" fileid="2" />
                <BranchPoint vc="0" uspid="54" ordinal="2" path="0" offset="151" offsetend="153" sl="54" fileid="2" />
                <BranchPoint vc="0" uspid="54" ordinal="3" path="1" offset="151" offsetend="256" sl="54" fileid="2" />
                <BranchPoint vc="0" uspid="78" ordinal="4" path="0" offset="286" offsetend="288" sl="78" fileid="2" />
                <BranchPoint vc="0" uspid="78" ordinal="5" path="1" offset="286" offsetend="321" sl="78" fileid="2" />
              </BranchPoints>
              <MethodPoint vc="0" uspid="0" p8:type="SequencePoint" ordinal="1" offset="1" sc="0" sl="32" ec="1" el="87" bec="0" bev="0" fileid="2" xmlns:p8="xsi" />
            </Method>
            <Method cyclomaticComplexity="4" nPathComplexity="4" sequenceCoverage="0" branchCoverage="0" isConstructor="False" isGetter="False" isSetter="False" isStatic="True">
              <Summary numSequencePoints="27" visitedSequencePoints="0" numBranchPoints="4" visitedBranchPoints="0" sequenceCoverage="0" branchCoverage="0" maxCyclomaticComplexity="4" minCyclomaticComplexity="4" visitedClasses="0" numClasses="0" visitedMethods="0" numMethods="1" />
              <MetadataToken />
              <Name>System.Boolean SetupExternal.Decompiler::RestoreDotnetTools()</Name>
              <FileRef uid="2" />
              <SequencePoints>
                <SequencePoint vc="0" uspid="93" ordinal="0" sl="93" sc="1" el="93" ec="2" bec="0" bev="0" fileid="2" />
                <SequencePoint vc="0" uspid="94" ordinal="1" sl="94" sc="1" el="94" ec="2" bec="0" bev="0" fileid="2" />
                <SequencePoint vc="0" uspid="95" ordinal="2" sl="95" sc="1" el="95" ec="2" bec="0" bev="0" fileid="2" />
                <SequencePoint vc="0" uspid="96" ordinal="3" sl="96" sc="1" el="96" ec="2" bec="0" bev="0" fileid="2" />
                <SequencePoint vc="0" uspid="97" ordinal="4" sl="97" sc="1" el="97" ec="2" bec="0" bev="0" fileid="2" />
                <SequencePoint vc="0" uspid="98" ordinal="5" sl="98" sc="1" el="98" ec="2" bec="0" bev="0" fileid="2" />
                <SequencePoint vc="0" uspid="99" ordinal="6" sl="99" sc="1" el="99" ec="2" bec="0" bev="0" fileid="2" />
                <SequencePoint vc="0" uspid="100" ordinal="7" sl="100" sc="1" el="100" ec="2" bec="0" bev="0" fileid="2" />
                <SequencePoint vc="0" uspid="101" ordinal="8" sl="101" sc="1" el="101" ec="2" bec="0" bev="0" fileid="2" />
                <SequencePoint vc="0" uspid="102" ordinal="9" sl="102" sc="1" el="102" ec="2" bec="0" bev="0" fileid="2" />
                <SequencePoint vc="0" uspid="104" ordinal="10" sl="104" sc="1" el="104" ec="2" bec="0" bev="0" fileid="2" />
                <SequencePoint vc="0" uspid="106" ordinal="11" sl="106" sc="1" el="106" ec="2" bec="0" bev="0" fileid="2" />
                <SequencePoint vc="0" uspid="107" ordinal="12" sl="107" sc="1" el="107" ec="2" bec="2" bev="0" fileid="2" />
                <SequencePoint vc="0" uspid="108" ordinal="13" sl="108" sc="1" el="108" ec="2" bec="0" bev="0" fileid="2" />
                <SequencePoint vc="0" uspid="109" ordinal="14" sl="109" sc="1" el="109" ec="2" bec="0" bev="0" fileid="2" />
                <SequencePoint vc="0" uspid="112" ordinal="15" sl="112" sc="1" el="112" ec="2" bec="0" bev="0" fileid="2" />
                <SequencePoint vc="0" uspid="113" ordinal="16" sl="113" sc="1" el="113" ec="2" bec="0" bev="0" fileid="2" />
                <SequencePoint vc="0" uspid="115" ordinal="17" sl="115" sc="1" el="115" ec="2" bec="0" bev="0" fileid="2" />
                <SequencePoint vc="0" uspid="117" ordinal="18" sl="117" sc="1" el="117" ec="2" bec="2" bev="0" fileid="2" />
                <SequencePoint vc="0" uspid="118" ordinal="19" sl="118" sc="1" el="118" ec="2" bec="0" bev="0" fileid="2" />
                <SequencePoint vc="0" uspid="119" ordinal="20" sl="119" sc="1" el="119" ec="2" bec="0" bev="0" fileid="2" />
                <SequencePoint vc="0" uspid="120" ordinal="21" sl="120" sc="1" el="120" ec="2" bec="0" bev="0" fileid="2" />
                <SequencePoint vc="0" uspid="121" ordinal="22" sl="121" sc="1" el="121" ec="2" bec="0" bev="0" fileid="2" />
                <SequencePoint vc="0" uspid="122" ordinal="23" sl="122" sc="1" el="122" ec="2" bec="0" bev="0" fileid="2" />
                <SequencePoint vc="0" uspid="125" ordinal="24" sl="125" sc="1" el="125" ec="2" bec="0" bev="0" fileid="2" />
                <SequencePoint vc="0" uspid="126" ordinal="25" sl="126" sc="1" el="126" ec="2" bec="0" bev="0" fileid="2" />
                <SequencePoint vc="0" uspid="127" ordinal="26" sl="127" sc="1" el="127" ec="2" bec="0" bev="0" fileid="2" />
              </SequencePoints>
              <BranchPoints>
                <BranchPoint vc="0" uspid="107" ordinal="0" path="0" offset="87" offsetend="89" sl="107" fileid="2" />
                <BranchPoint vc="0" uspid="107" ordinal="1" path="1" offset="87" offsetend="98" sl="107" fileid="2" />
                <BranchPoint vc="0" uspid="117" ordinal="2" path="0" offset="165" offsetend="167" sl="117" fileid="2" />
                <BranchPoint vc="0" uspid="117" ordinal="3" path="1" offset="165" offsetend="227" sl="117" fileid="2" />
              </BranchPoints>
              <MethodPoint vc="0" uspid="0" p8:type="SequencePoint" ordinal="2" offset="2" sc="0" sl="93" ec="1" el="127" bec="0" bev="0" fileid="2" xmlns:p8="xsi" />
            </Method>
            <Method cyclomaticComplexity="12" nPathComplexity="12" sequenceCoverage="0" branchCoverage="0" isConstructor="False" isGetter="False" isSetter="False" isStatic="True">
              <Summary numSequencePoints="43" visitedSequencePoints="0" numBranchPoints="12" visitedBranchPoints="0" sequenceCoverage="0" branchCoverage="0" maxCyclomaticComplexity="12" minCyclomaticComplexity="12" visitedClasses="0" numClasses="0" visitedMethods="0" numMethods="1" />
              <MetadataToken />
              <Name>System.Boolean SetupExternal.Decompiler::RunIlspycmd(System.String,System.String)</Name>
              <FileRef uid="2" />
              <SequencePoints>
                <SequencePoint vc="0" uspid="133" ordinal="0" sl="133" sc="1" el="133" ec="2" bec="0" bev="0" fileid="2" />
                <SequencePoint vc="0" uspid="134" ordinal="1" sl="134" sc="1" el="134" ec="2" bec="0" bev="0" fileid="2" />
                <SequencePoint vc="0" uspid="135" ordinal="2" sl="135" sc="1" el="135" ec="2" bec="0" bev="0" fileid="2" />
                <SequencePoint vc="0" uspid="136" ordinal="3" sl="136" sc="1" el="136" ec="2" bec="0" bev="0" fileid="2" />
                <SequencePoint vc="0" uspid="137" ordinal="4" sl="137" sc="1" el="137" ec="2" bec="0" bev="0" fileid="2" />
                <SequencePoint vc="0" uspid="138" ordinal="5" sl="138" sc="1" el="138" ec="2" bec="0" bev="0" fileid="2" />
                <SequencePoint vc="0" uspid="139" ordinal="6" sl="139" sc="1" el="139" ec="2" bec="0" bev="0" fileid="2" />
                <SequencePoint vc="0" uspid="140" ordinal="7" sl="140" sc="1" el="140" ec="2" bec="0" bev="0" fileid="2" />
                <SequencePoint vc="0" uspid="141" ordinal="8" sl="141" sc="1" el="141" ec="2" bec="0" bev="0" fileid="2" />
                <SequencePoint vc="0" uspid="142" ordinal="9" sl="142" sc="1" el="142" ec="2" bec="0" bev="0" fileid="2" />
                <SequencePoint vc="0" uspid="144" ordinal="10" sl="144" sc="1" el="144" ec="2" bec="0" bev="0" fileid="2" />
                <SequencePoint vc="0" uspid="145" ordinal="11" sl="145" sc="1" el="145" ec="2" bec="0" bev="0" fileid="2" />
                <SequencePoint vc="0" uspid="147" ordinal="12" sl="147" sc="1" el="147" ec="2" bec="0" bev="0" fileid="2" />
                <SequencePoint vc="0" uspid="148" ordinal="13" sl="148" sc="1" el="148" ec="2" bec="2" bev="0" fileid="2" />
                <SequencePoint vc="0" uspid="149" ordinal="14" sl="149" sc="1" el="149" ec="2" bec="0" bev="0" fileid="2" />
                <SequencePoint vc="0" uspid="150" ordinal="15" sl="150" sc="1" el="150" ec="2" bec="0" bev="0" fileid="2" />
                <SequencePoint vc="0" uspid="154" ordinal="16" sl="154" sc="1" el="154" ec="2" bec="0" bev="0" fileid="2" />
                <SequencePoint vc="0" uspid="155" ordinal="17" sl="155" sc="1" el="155" ec="2" bec="0" bev="0" fileid="2" />
                <SequencePoint vc="0" uspid="157" ordinal="18" sl="157" sc="1" el="157" ec="2" bec="0" bev="0" fileid="2" />
                <SequencePoint vc="0" uspid="158" ordinal="19" sl="158" sc="1" el="158" ec="2" bec="0" bev="0" fileid="2" />
                <SequencePoint vc="0" uspid="160" ordinal="20" sl="160" sc="1" el="160" ec="2" bec="2" bev="0" fileid="2" />
                <SequencePoint vc="0" uspid="161" ordinal="21" sl="161" sc="1" el="161" ec="2" bec="0" bev="0" fileid="2" />
                <SequencePoint vc="0" uspid="162" ordinal="22" sl="162" sc="1" el="162" ec="2" bec="0" bev="0" fileid="2" />
                <SequencePoint vc="0" uspid="163" ordinal="23" sl="163" sc="1" el="163" ec="2" bec="0" bev="0" fileid="2" />
                <SequencePoint vc="0" uspid="164" ordinal="24" sl="164" sc="1" el="164" ec="2" bec="0" bev="0" fileid="2" />
                <SequencePoint vc="0" uspid="165" ordinal="25" sl="165" sc="1" el="165" ec="2" bec="0" bev="0" fileid="2" />
                <SequencePoint vc="0" uspid="166" ordinal="26" sl="166" sc="1" el="166" ec="2" bec="0" bev="0" fileid="2" />
                <SequencePoint vc="0" uspid="169" ordinal="27" sl="169" sc="1" el="169" ec="2" bec="0" bev="0" fileid="2" />
                <SequencePoint vc="0" uspid="170" ordinal="28" sl="170" sc="1" el="170" ec="2" bec="0" bev="0" fileid="2" />
                <SequencePoint vc="0" uspid="173" ordinal="29" sl="173" sc="1" el="173" ec="2" bec="2" bev="0" fileid="2" />
                <SequencePoint vc="0" uspid="174" ordinal="30" sl="174" sc="1" el="174" ec="2" bec="0" bev="0" fileid="2" />
                <SequencePoint vc="0" uspid="175" ordinal="31" sl="175" sc="1" el="175" ec="2" bec="0" bev="0" fileid="2" />
                <SequencePoint vc="0" uspid="176" ordinal="32" sl="176" sc="1" el="176" ec="2" bec="2" bev="0" fileid="2" />
                <SequencePoint vc="0" uspid="177" ordinal="33" sl="177" sc="1" el="177" ec="2" bec="0" bev="0" fileid="2" />
                <SequencePoint vc="0" uspid="178" ordinal="34" sl="178" sc="1" el="178" ec="2" bec="4" bev="0" fileid="2" />
                <SequencePoint vc="0" uspid="179" ordinal="35" sl="179" sc="1" el="179" ec="2" bec="0" bev="0" fileid="2" />
                <SequencePoint vc="0" uspid="180" ordinal="36" sl="180" sc="1" el="180" ec="2" bec="0" bev="0" fileid="2" />
                <SequencePoint vc="0" uspid="181" ordinal="37" sl="181" sc="1" el="181" ec="2" bec="0" bev="0" fileid="2" />
                <SequencePoint vc="0" uspid="182" ordinal="38" sl="182" sc="1" el="182" ec="2" bec="0" bev="0" fileid="2" />
                <SequencePoint vc="0" uspid="183" ordinal="39" sl="183" sc="1" el="183" ec="2" bec="0" bev="0" fileid="2" />
                <SequencePoint vc="0" uspid="184" ordinal="40" sl="184" sc="1" el="184" ec="2" bec="0" bev="0" fileid="2" />
                <SequencePoint vc="0" uspid="186" ordinal="41" sl="186" sc="1" el="186" ec="2" bec="0" bev="0" fileid="2" />
                <SequencePoint vc="0" uspid="187" ordinal="42" sl="187" sc="1" el="187" ec="2" bec="0" bev="0" fileid="2" />
              </SequencePoints>
              <BranchPoints>
                <BranchPoint vc="0" uspid="148" ordinal="0" path="0" offset="312" offsetend="314" sl="148" fileid="2" />
                <BranchPoint vc="0" uspid="148" ordinal="1" path="1" offset="312" offsetend="323" sl="148" fileid="2" />
                <BranchPoint vc="0" uspid="160" ordinal="2" path="0" offset="371" offsetend="376" sl="160" fileid="2" />
                <BranchPoint vc="0" uspid="160" ordinal="3" path="1" offset="371" offsetend="521" sl="160" fileid="2" />
                <BranchPoint vc="0" uspid="173" ordinal="4" path="0" offset="556" offsetend="558" sl="173" fileid="2" />
                <BranchPoint vc="0" uspid="176" ordinal="11" path="1" offset="666" offsetend="583" sl="176" fileid="2" />
                <BranchPoint vc="0" uspid="178" ordinal="6" path="0" offset="604" offsetend="606" sl="178" fileid="2" />
                <BranchPoint vc="0" uspid="178" ordinal="7" path="1" offset="604" offsetend="621" sl="178" fileid="2" />
                <BranchPoint vc="0" uspid="178" ordinal="8" path="0" offset="626" offsetend="628" sl="178" fileid="2" />
                <BranchPoint vc="0" uspid="178" ordinal="9" path="1" offset="626" offsetend="653" sl="178" fileid="2" />
                <BranchPoint vc="0" uspid="176" ordinal="10" path="0" offset="666" offsetend="668" sl="176" fileid="2" />
                <BranchPoint vc="0" uspid="173" ordinal="5" path="1" offset="556" offsetend="669" sl="173" fileid="2" />
              </BranchPoints>
              <MethodPoint vc="0" uspid="0" p8:type="SequencePoint" ordinal="3" offset="3" sc="0" sl="133" ec="1" el="187" bec="0" bev="0" fileid="2" xmlns:p8="xsi" />
            </Method>
            <Method cyclomaticComplexity="1" nPathComplexity="1" sequenceCoverage="0" branchCoverage="100" isConstructor="True" isGetter="False" isSetter="False" isStatic="True">
              <Summary numSequencePoints="1" visitedSequencePoints="0" numBranchPoints="0" visitedBranchPoints="0" sequenceCoverage="0" branchCoverage="100" maxCyclomaticComplexity="1" minCyclomaticComplexity="1" visitedClasses="0" numClasses="0" visitedMethods="0" numMethods="1" />
              <MetadataToken />
              <Name>System.Void SetupExternal.Decompiler::.cctor()</Name>
              <FileRef uid="2" />
              <SequencePoints>
                <SequencePoint vc="0" uspid="15" ordinal="0" sl="15" sc="1" el="15" ec="2" bec="0" bev="0" fileid="2" />
              </SequencePoints>
              <BranchPoints />
              <MethodPoint vc="0" uspid="0" p8:type="SequencePoint" ordinal="4" offset="4" sc="0" sl="15" ec="1" el="15" bec="0" bev="0" fileid="2" xmlns:p8="xsi" />
            </Method>
          </Methods>
        </Class>
        <Class>
          <Summary numSequencePoints="87" visitedSequencePoints="73" numBranchPoints="18" visitedBranchPoints="15" sequenceCoverage="83.9" branchCoverage="83.33" maxCyclomaticComplexity="12" minCyclomaticComplexity="1" visitedClasses="1" numClasses="1" visitedMethods="5" numMethods="5" />
          <FullName>SetupExternal.FileSyncer</FullName>
          <Methods>
            <Method cyclomaticComplexity="1" nPathComplexity="1" sequenceCoverage="100" branchCoverage="100" isConstructor="False" isGetter="False" isSetter="False" isStatic="True">
              <Summary numSequencePoints="3" visitedSequencePoints="3" numBranchPoints="0" visitedBranchPoints="0" sequenceCoverage="100" branchCoverage="100" maxCyclomaticComplexity="1" minCyclomaticComplexity="1" visitedClasses="0" numClasses="0" visitedMethods="1" numMethods="1" />
              <MetadataToken />
              <Name>System.Void SetupExternal.FileSyncer::DebugLog(System.String)</Name>
              <FileRef uid="3" />
              <SequencePoints>
                <SequencePoint vc="37" uspid="25" ordinal="0" sl="25" sc="1" el="25" ec="2" bec="0" bev="0" fileid="3" />
                <SequencePoint vc="37" uspid="26" ordinal="1" sl="26" sc="1" el="26" ec="2" bec="0" bev="0" fileid="3" />
                <SequencePoint vc="37" uspid="27" ordinal="2" sl="27" sc="1" el="27" ec="2" bec="0" bev="0" fileid="3" />
              </SequencePoints>
              <BranchPoints />
              <MethodPoint vc="3" uspid="0" p8:type="SequencePoint" ordinal="0" offset="0" sc="0" sl="25" ec="1" el="27" bec="0" bev="0" fileid="3" xmlns:p8="xsi" />
            </Method>
            <Method cyclomaticComplexity="12" nPathComplexity="12" sequenceCoverage="76.66" branchCoverage="75" isConstructor="False" isGetter="False" isSetter="False" isStatic="True">
              <Summary numSequencePoints="60" visitedSequencePoints="46" numBranchPoints="12" visitedBranchPoints="9" sequenceCoverage="76.66" branchCoverage="75" maxCyclomaticComplexity="12" minCyclomaticComplexity="12" visitedClasses="0" numClasses="0" visitedMethods="1" numMethods="1" />
              <MetadataToken />
              <Name>SetupExternal.FileSyncer/SyncResult SetupExternal.FileSyncer::SyncDlls(System.String,System.String,System.Boolean)</Name>
              <FileRef uid="3" />
              <SequencePoints>
                <SequencePoint vc="8" uspid="49" ordinal="0" sl="49" sc="1" el="49" ec="2" bec="0" bev="0" fileid="3" />
                <SequencePoint vc="8" uspid="50" ordinal="1" sl="50" sc="1" el="50" ec="2" bec="0" bev="0" fileid="3" />
                <SequencePoint vc="8" uspid="51" ordinal="2" sl="51" sc="1" el="51" ec="2" bec="0" bev="0" fileid="3" />
                <SequencePoint vc="8" uspid="52" ordinal="3" sl="52" sc="1" el="52" ec="2" bec="0" bev="0" fileid="3" />
                <SequencePoint vc="8" uspid="54" ordinal="4" sl="54" sc="1" el="54" ec="2" bec="0" bev="0" fileid="3" />
                <SequencePoint vc="8" uspid="55" ordinal="5" sl="55" sc="1" el="55" ec="2" bec="2" bev="1" fileid="3" />
                <SequencePoint vc="0" uspid="56" ordinal="6" sl="56" sc="1" el="56" ec="2" bec="0" bev="0" fileid="3" />
                <SequencePoint vc="0" uspid="57" ordinal="7" sl="57" sc="1" el="57" ec="2" bec="0" bev="0" fileid="3" />
                <SequencePoint vc="0" uspid="58" ordinal="8" sl="58" sc="1" el="58" ec="2" bec="0" bev="0" fileid="3" />
                <SequencePoint vc="8" uspid="60" ordinal="9" sl="60" sc="1" el="60" ec="2" bec="2" bev="1" fileid="3" />
                <SequencePoint vc="0" uspid="61" ordinal="10" sl="61" sc="1" el="61" ec="2" bec="0" bev="0" fileid="3" />
                <SequencePoint vc="0" uspid="62" ordinal="11" sl="62" sc="1" el="62" ec="2" bec="0" bev="0" fileid="3" />
                <SequencePoint vc="0" uspid="63" ordinal="12" sl="63" sc="1" el="63" ec="2" bec="0" bev="0" fileid="3" />
                <SequencePoint vc="0" uspid="64" ordinal="13" sl="64" sc="1" el="64" ec="2" bec="0" bev="0" fileid="3" />
                <SequencePoint vc="8" uspid="68" ordinal="14" sl="68" sc="1" el="68" ec="2" bec="0" bev="0" fileid="3" />
                <SequencePoint vc="8" uspid="69" ordinal="15" sl="69" sc="1" el="69" ec="2" bec="0" bev="0" fileid="3" />
                <SequencePoint vc="8" uspid="72" ordinal="16" sl="72" sc="1" el="72" ec="2" bec="0" bev="0" fileid="3" />
                <SequencePoint vc="8" uspid="73" ordinal="17" sl="73" sc="1" el="73" ec="2" bec="0" bev="0" fileid="3" />
                <SequencePoint vc="42" uspid="75" ordinal="18" sl="75" sc="1" el="75" ec="2" bec="2" bev="2" fileid="3" />
                <SequencePoint vc="9" uspid="76" ordinal="19" sl="76" sc="1" el="76" ec="2" bec="0" bev="0" fileid="3" />
                <SequencePoint vc="9" uspid="77" ordinal="20" sl="77" sc="1" el="77" ec="2" bec="0" bev="0" fileid="3" />
                <SequencePoint vc="9" uspid="78" ordinal="21" sl="78" sc="1" el="78" ec="2" bec="0" bev="0" fileid="3" />
                <SequencePoint vc="9" uspid="80" ordinal="22" sl="80" sc="1" el="80" ec="2" bec="2" bev="2" fileid="3" />
                <SequencePoint vc="5" uspid="81" ordinal="23" sl="81" sc="1" el="81" ec="2" bec="0" bev="0" fileid="3" />
                <SequencePoint vc="5" uspid="83" ordinal="24" sl="83" sc="1" el="83" ec="2" bec="0" bev="0" fileid="3" />
                <SequencePoint vc="5" uspid="84" ordinal="25" sl="84" sc="1" el="84" ec="2" bec="0" bev="0" fileid="3" />
                <SequencePoint vc="5" uspid="86" ordinal="26" sl="86" sc="1" el="86" ec="2" bec="0" bev="0" fileid="3" />
                <SequencePoint vc="5" uspid="88" ordinal="27" sl="88" sc="1" el="88" ec="2" bec="0" bev="0" fileid="3" />
                <SequencePoint vc="5" uspid="89" ordinal="28" sl="89" sc="1" el="89" ec="2" bec="0" bev="0" fileid="3" />
                <SequencePoint vc="5" uspid="90" ordinal="29" sl="90" sc="1" el="90" ec="2" bec="0" bev="0" fileid="3" />
                <SequencePoint vc="4" uspid="92" ordinal="30" sl="92" sc="1" el="92" ec="2" bec="0" bev="0" fileid="3" />
                <SequencePoint vc="4" uspid="93" ordinal="31" sl="93" sc="1" el="93" ec="2" bec="2" bev="1" fileid="3" />
                <SequencePoint vc="0" uspid="94" ordinal="32" sl="94" sc="1" el="94" ec="2" bec="0" bev="0" fileid="3" />
                <SequencePoint vc="0" uspid="96" ordinal="33" sl="96" sc="1" el="96" ec="2" bec="0" bev="0" fileid="3" />
                <SequencePoint vc="0" uspid="97" ordinal="34" sl="97" sc="1" el="97" ec="2" bec="0" bev="0" fileid="3" />
                <SequencePoint vc="0" uspid="99" ordinal="35" sl="99" sc="1" el="99" ec="2" bec="0" bev="0" fileid="3" />
                <SequencePoint vc="0" uspid="101" ordinal="36" sl="101" sc="1" el="101" ec="2" bec="0" bev="0" fileid="3" />
                <SequencePoint vc="0" uspid="102" ordinal="37" sl="102" sc="1" el="102" ec="2" bec="0" bev="0" fileid="3" />
                <SequencePoint vc="0" uspid="103" ordinal="38" sl="103" sc="1" el="103" ec="2" bec="0" bev="0" fileid="3" />
                <SequencePoint vc="4" uspid="105" ordinal="39" sl="105" sc="1" el="105" ec="2" bec="0" bev="0" fileid="3" />
                <SequencePoint vc="4" uspid="107" ordinal="40" sl="107" sc="1" el="107" ec="2" bec="0" bev="0" fileid="3" />
                <SequencePoint vc="4" uspid="108" ordinal="41" sl="108" sc="1" el="108" ec="2" bec="0" bev="0" fileid="3" />
                <SequencePoint vc="4" uspid="110" ordinal="42" sl="110" sc="1" el="110" ec="2" bec="0" bev="0" fileid="3" />
                <SequencePoint vc="4" uspid="112" ordinal="43" sl="112" sc="1" el="112" ec="2" bec="2" bev="2" fileid="3" />
                <SequencePoint vc="2" uspid="113" ordinal="44" sl="113" sc="1" el="113" ec="2" bec="0" bev="0" fileid="3" />
                <SequencePoint vc="2" uspid="115" ordinal="45" sl="115" sc="1" el="115" ec="2" bec="0" bev="0" fileid="3" />
                <SequencePoint vc="2" uspid="116" ordinal="46" sl="116" sc="1" el="116" ec="2" bec="0" bev="0" fileid="3" />
                <SequencePoint vc="2" uspid="118" ordinal="47" sl="118" sc="1" el="118" ec="2" bec="0" bev="0" fileid="3" />
                <SequencePoint vc="2" uspid="120" ordinal="48" sl="120" sc="1" el="120" ec="2" bec="0" bev="0" fileid="3" />
                <SequencePoint vc="2" uspid="121" ordinal="49" sl="121" sc="1" el="121" ec="2" bec="0" bev="0" fileid="3" />
                <SequencePoint vc="2" uspid="122" ordinal="50" sl="122" sc="1" el="122" ec="2" bec="0" bev="0" fileid="3" />
                <SequencePoint vc="2" uspid="124" ordinal="51" sl="124" sc="1" el="124" ec="2" bec="0" bev="0" fileid="3" />
                <SequencePoint vc="2" uspid="126" ordinal="52" sl="126" sc="1" el="126" ec="2" bec="0" bev="0" fileid="3" />
                <SequencePoint vc="2" uspid="127" ordinal="53" sl="127" sc="1" el="127" ec="2" bec="0" bev="0" fileid="3" />
                <SequencePoint vc="2" uspid="128" ordinal="54" sl="128" sc="1" el="128" ec="2" bec="0" bev="0" fileid="3" />
                <SequencePoint vc="4" uspid="129" ordinal="55" sl="129" sc="1" el="129" ec="2" bec="0" bev="0" fileid="3" />
                <SequencePoint vc="4" uspid="130" ordinal="56" sl="130" sc="1" el="130" ec="2" bec="0" bev="0" fileid="3" />
                <SequencePoint vc="9" uspid="131" ordinal="57" sl="131" sc="1" el="131" ec="2" bec="0" bev="0" fileid="3" />
                <SequencePoint vc="8" uspid="133" ordinal="58" sl="133" sc="1" el="133" ec="2" bec="0" bev="0" fileid="3" />
                <SequencePoint vc="8" uspid="134" ordinal="59" sl="134" sc="1" el="134" ec="2" bec="0" bev="0" fileid="3" />
              </SequencePoints>
              <BranchPoints>
                <BranchPoint vc="0" uspid="55" ordinal="0" path="0" offset="69" offsetend="71" sl="55" fileid="3" />
                <BranchPoint vc="8" uspid="55" ordinal="1" path="1" offset="69" offsetend="84" sl="55" fileid="3" />
                <BranchPoint vc="0" uspid="60" ordinal="2" path="0" offset="97" offsetend="99" sl="60" fileid="3" />
                <BranchPoint vc="8" uspid="60" ordinal="3" path="1" offset="97" offsetend="141" sl="60" fileid="3" />
                <BranchPoint vc="9" uspid="75" ordinal="11" path="1" offset="755" offsetend="250" sl="75" fileid="3" />
                <BranchPoint vc="5" uspid="80" ordinal="4" path="0" offset="291" offsetend="293" sl="80" fileid="3" />
                <BranchPoint vc="4" uspid="80" ordinal="5" path="1" offset="291" offsetend="375" sl="80" fileid="3" />
                <BranchPoint vc="0" uspid="93" ordinal="6" path="0" offset="381" offsetend="383" sl="93" fileid="3" />
                <BranchPoint vc="4" uspid="93" ordinal="7" path="1" offset="381" offsetend="465" sl="93" fileid="3" />
                <BranchPoint vc="2" uspid="112" ordinal="8" path="0" offset="620" offsetend="622" sl="112" fileid="3" />
                <BranchPoint vc="2" uspid="112" ordinal="9" path="1" offset="620" offsetend="701" sl="112" fileid="3" />
                <BranchPoint vc="8" uspid="75" ordinal="10" path="0" offset="755" offsetend="760" sl="75" fileid="3" />
              </BranchPoints>
              <MethodPoint vc="46" uspid="0" p8:type="SequencePoint" ordinal="1" offset="1" sc="0" sl="49" ec="1" el="134" bec="0" bev="0" fileid="3" xmlns:p8="xsi" />
            </Method>
            <Method cyclomaticComplexity="4" nPathComplexity="4" sequenceCoverage="100" branchCoverage="100" isConstructor="False" isGetter="False" isSetter="False" isStatic="True">
              <Summary numSequencePoints="10" visitedSequencePoints="10" numBranchPoints="4" visitedBranchPoints="4" sequenceCoverage="100" branchCoverage="100" maxCyclomaticComplexity="4" minCyclomaticComplexity="4" visitedClasses="0" numClasses="0" visitedMethods="1" numMethods="1" />
              <MetadataToken />
              <Name>System.Void SetupExternal.FileSyncer::UpdateSyncResult(SetupExternal.FileSyncer/SyncResult,System.String)</Name>
              <FileRef uid="3" />
              <SequencePoints>
                <SequencePoint vc="7" uspid="137" ordinal="0" sl="137" sc="1" el="137" ec="2" bec="0" bev="0" fileid="3" />
                <SequencePoint vc="7" uspid="138" ordinal="1" sl="138" sc="1" el="138" ec="2" bec="2" bev="2" fileid="3" />
                <SequencePoint vc="1" uspid="139" ordinal="2" sl="139" sc="1" el="139" ec="2" bec="0" bev="0" fileid="3" />
                <SequencePoint vc="1" uspid="140" ordinal="3" sl="140" sc="1" el="140" ec="2" bec="0" bev="0" fileid="3" />
                <SequencePoint vc="1" uspid="141" ordinal="4" sl="141" sc="1" el="141" ec="2" bec="0" bev="0" fileid="3" />
                <SequencePoint vc="6" uspid="142" ordinal="5" sl="142" sc="1" el="142" ec="2" bec="2" bev="2" fileid="3" />
                <SequencePoint vc="1" uspid="143" ordinal="6" sl="143" sc="1" el="143" ec="2" bec="0" bev="0" fileid="3" />
                <SequencePoint vc="1" uspid="144" ordinal="7" sl="144" sc="1" el="144" ec="2" bec="0" bev="0" fileid="3" />
                <SequencePoint vc="1" uspid="145" ordinal="8" sl="145" sc="1" el="145" ec="2" bec="0" bev="0" fileid="3" />
                <SequencePoint vc="7" uspid="146" ordinal="9" sl="146" sc="1" el="146" ec="2" bec="0" bev="0" fileid="3" />
              </SequencePoints>
              <BranchPoints>
                <BranchPoint vc="1" uspid="138" ordinal="0" path="0" offset="15" offsetend="17" sl="138" fileid="3" />
                <BranchPoint vc="6" uspid="138" ordinal="1" path="1" offset="15" offsetend="29" sl="138" fileid="3" />
                <BranchPoint vc="1" uspid="142" ordinal="2" path="0" offset="43" offsetend="45" sl="142" fileid="3" />
                <BranchPoint vc="7" uspid="142" ordinal="3" path="1" offset="43" offsetend="55" sl="142" fileid="3" />
              </BranchPoints>
              <MethodPoint vc="10" uspid="0" p8:type="SequencePoint" ordinal="2" offset="2" sc="0" sl="137" ec="1" el="146" bec="0" bev="0" fileid="3" xmlns:p8="xsi" />
            </Method>
            <Method cyclomaticComplexity="1" nPathComplexity="1" sequenceCoverage="100" branchCoverage="100" isConstructor="False" isGetter="False" isSetter="False" isStatic="True">
              <Summary numSequencePoints="6" visitedSequencePoints="6" numBranchPoints="0" visitedBranchPoints="0" sequenceCoverage="100" branchCoverage="100" maxCyclomaticComplexity="1" minCyclomaticComplexity="1" visitedClasses="0" numClasses="0" visitedMethods="1" numMethods="1" />
              <MetadataToken />
              <Name>System.String SetupExternal.FileSyncer::ComputeFileHash(System.String)</Name>
              <FileRef uid="3" />
              <SequencePoints>
                <SequencePoint vc="8" uspid="152" ordinal="0" sl="152" sc="1" el="152" ec="2" bec="0" bev="0" fileid="3" />
                <SequencePoint vc="8" uspid="153" ordinal="1" sl="153" sc="1" el="153" ec="2" bec="0" bev="0" fileid="3" />
                <SequencePoint vc="8" uspid="154" ordinal="2" sl="154" sc="1" el="154" ec="2" bec="0" bev="0" fileid="3" />
                <SequencePoint vc="8" uspid="155" ordinal="3" sl="155" sc="1" el="155" ec="2" bec="0" bev="0" fileid="3" />
                <SequencePoint vc="8" uspid="156" ordinal="4" sl="156" sc="1" el="156" ec="2" bec="0" bev="0" fileid="3" />
                <SequencePoint vc="8" uspid="157" ordinal="5" sl="157" sc="1" el="157" ec="2" bec="0" bev="0" fileid="3" />
              </SequencePoints>
              <BranchPoints />
              <MethodPoint vc="6" uspid="0" p8:type="SequencePoint" ordinal="3" offset="3" sc="0" sl="152" ec="1" el="157" bec="0" bev="0" fileid="3" xmlns:p8="xsi" />
            </Method>
            <Method cyclomaticComplexity="2" nPathComplexity="2" sequenceCoverage="100" branchCoverage="100" isConstructor="False" isGetter="False" isSetter="False" isStatic="True">
              <Summary numSequencePoints="8" visitedSequencePoints="8" numBranchPoints="2" visitedBranchPoints="2" sequenceCoverage="100" branchCoverage="100" maxCyclomaticComplexity="2" minCyclomaticComplexity="2" visitedClasses="0" numClasses="0" visitedMethods="1" numMethods="1" />
              <MetadataToken />
              <Name>System.String SetupExternal.FileSyncer::ConvertHashToString(System.Byte[])</Name>
              <FileRef uid="3" />
              <SequencePoints>
                <SequencePoint vc="8" uspid="163" ordinal="0" sl="163" sc="1" el="163" ec="2" bec="0" bev="0" fileid="3" />
                <SequencePoint vc="8" uspid="164" ordinal="1" sl="164" sc="1" el="164" ec="2" bec="0" bev="0" fileid="3" />
                <SequencePoint vc="536" uspid="165" ordinal="2" sl="165" sc="1" el="165" ec="2" bec="2" bev="2" fileid="3" />
                <SequencePoint vc="256" uspid="166" ordinal="3" sl="166" sc="1" el="166" ec="2" bec="0" bev="0" fileid="3" />
                <SequencePoint vc="256" uspid="167" ordinal="4" sl="167" sc="1" el="167" ec="2" bec="0" bev="0" fileid="3" />
                <SequencePoint vc="256" uspid="168" ordinal="5" sl="168" sc="1" el="168" ec="2" bec="0" bev="0" fileid="3" />
                <SequencePoint vc="8" uspid="169" ordinal="6" sl="169" sc="1" el="169" ec="2" bec="0" bev="0" fileid="3" />
                <SequencePoint vc="8" uspid="170" ordinal="7" sl="170" sc="1" el="170" ec="2" bec="0" bev="0" fileid="3" />
              </SequencePoints>
              <BranchPoints>
                <BranchPoint vc="256" uspid="165" ordinal="1" path="1" offset="52" offsetend="14" sl="165" fileid="3" />
                <BranchPoint vc="8" uspid="165" ordinal="0" path="0" offset="52" offsetend="54" sl="165" fileid="3" />
              </BranchPoints>
              <MethodPoint vc="8" uspid="0" p8:type="SequencePoint" ordinal="4" offset="4" sc="0" sl="163" ec="1" el="170" bec="0" bev="0" fileid="3" xmlns:p8="xsi" />
            </Method>
          </Methods>
        </Class>
        <Class>
          <Summary numSequencePoints="5" visitedSequencePoints="5" numBranchPoints="0" visitedBranchPoints="0" sequenceCoverage="100" branchCoverage="100" maxCyclomaticComplexity="1" minCyclomaticComplexity="1" visitedClasses="1" numClasses="1" visitedMethods="5" numMethods="5" />
          <FullName>SetupExternal.FileSyncer/SyncResult</FullName>
          <Methods>
            <Method cyclomaticComplexity="1" nPathComplexity="1" sequenceCoverage="100" branchCoverage="100" isConstructor="False" isGetter="True" isSetter="False" isStatic="True">
              <Summary numSequencePoints="1" visitedSequencePoints="1" numBranchPoints="0" visitedBranchPoints="0" sequenceCoverage="100" branchCoverage="100" maxCyclomaticComplexity="1" minCyclomaticComplexity="1" visitedClasses="0" numClasses="0" visitedMethods="1" numMethods="1" />
              <MetadataToken />
              <Name>System.Int32 SetupExternal.FileSyncer/SyncResult::get_FilesCopied()</Name>
              <FileRef uid="3" />
              <SequencePoints>
                <SequencePoint vc="18" uspid="34" ordinal="0" sl="34" sc="1" el="34" ec="2" bec="0" bev="0" fileid="3" />
              </SequencePoints>
              <BranchPoints />
              <MethodPoint vc="1" uspid="0" p8:type="SequencePoint" ordinal="0" offset="0" sc="0" sl="34" ec="1" el="34" bec="0" bev="0" fileid="3" xmlns:p8="xsi" />
            </Method>
            <Method cyclomaticComplexity="1" nPathComplexity="1" sequenceCoverage="100" branchCoverage="100" isConstructor="False" isGetter="True" isSetter="False" isStatic="True">
              <Summary numSequencePoints="1" visitedSequencePoints="1" numBranchPoints="0" visitedBranchPoints="0" sequenceCoverage="100" branchCoverage="100" maxCyclomaticComplexity="1" minCyclomaticComplexity="1" visitedClasses="0" numClasses="0" visitedMethods="1" numMethods="1" />
              <MetadataToken />
              <Name>System.Int32 SetupExternal.FileSyncer/SyncResult::get_FilesUpdated()</Name>
              <FileRef uid="3" />
              <SequencePoints>
                <SequencePoint vc="10" uspid="35" ordinal="0" sl="35" sc="1" el="35" ec="2" bec="0" bev="0" fileid="3" />
              </SequencePoints>
              <BranchPoints />
              <MethodPoint vc="1" uspid="0" p8:type="SequencePoint" ordinal="1" offset="1" sc="0" sl="35" ec="1" el="35" bec="0" bev="0" fileid="3" xmlns:p8="xsi" />
            </Method>
            <Method cyclomaticComplexity="1" nPathComplexity="1" sequenceCoverage="100" branchCoverage="100" isConstructor="False" isGetter="True" isSetter="False" isStatic="True">
              <Summary numSequencePoints="1" visitedSequencePoints="1" numBranchPoints="0" visitedBranchPoints="0" sequenceCoverage="100" branchCoverage="100" maxCyclomaticComplexity="1" minCyclomaticComplexity="1" visitedClasses="0" numClasses="0" visitedMethods="1" numMethods="1" />
              <MetadataToken />
              <Name>System.Int32 SetupExternal.FileSyncer/SyncResult::get_FilesSkipped()</Name>
              <FileRef uid="3" />
              <SequencePoints>
                <SequencePoint vc="10" uspid="36" ordinal="0" sl="36" sc="1" el="36" ec="2" bec="0" bev="0" fileid="3" />
              </SequencePoints>
              <BranchPoints />
[...]
                <SequencePoint vc="0" uspid="234" ordinal="17" sl="234" sc="1" el="234" ec="2" bec="0" bev="0" fileid="5" />
                <SequencePoint vc="7" uspid="235" ordinal="18" sl="235" sc="1" el="235" ec="2" bec="4" bev="2" fileid="5" />
                <SequencePoint vc="7" uspid="236" ordinal="19" sl="236" sc="1" el="236" ec="2" bec="0" bev="0" fileid="5" />
                <SequencePoint vc="0" uspid="237" ordinal="20" sl="237" sc="1" el="237" ec="2" bec="0" bev="0" fileid="5" />
                <SequencePoint vc="0" uspid="238" ordinal="21" sl="238" sc="1" el="238" ec="2" bec="0" bev="0" fileid="5" />
                <SequencePoint vc="0" uspid="239" ordinal="22" sl="239" sc="1" el="239" ec="2" bec="0" bev="0" fileid="5" />
                <SequencePoint vc="14" uspid="240" ordinal="23" sl="240" sc="1" el="240" ec="2" bec="0" bev="0" fileid="5" />
                <SequencePoint vc="9" uspid="242" ordinal="24" sl="242" sc="1" el="242" ec="2" bec="0" bev="0" fileid="5" />
                <SequencePoint vc="9" uspid="243" ordinal="25" sl="243" sc="1" el="243" ec="2" bec="0" bev="0" fileid="5" />
              </SequencePoints>
              <BranchPoints>
                <BranchPoint vc="0" uspid="217" ordinal="0" path="0" offset="2" offsetend="4" sl="217" fileid="5" />
                <BranchPoint vc="9" uspid="217" ordinal="1" path="1" offset="2" offsetend="11" sl="217" fileid="5" />
                <BranchPoint vc="14" uspid="222" ordinal="19" path="1" offset="194" offsetend="24" sl="222" fileid="5" />
                <BranchPoint vc="8" uspid="224" ordinal="2" path="0" offset="39" offsetend="41" sl="224" fileid="5" />
                <BranchPoint vc="6" uspid="224" ordinal="3" path="1" offset="39" offsetend="51" sl="224" fileid="5" />
                <BranchPoint vc="7" uspid="224" ordinal="4" path="0" offset="56" offsetend="58" sl="224" fileid="5" />
                <BranchPoint vc="6" uspid="226" ordinal="6" path="0" offset="60" offsetend="62" sl="226" fileid="5" />
                <BranchPoint vc="7" uspid="226" ordinal="7" path="1" offset="60" offsetend="68" sl="226" fileid="5" />
                <BranchPoint vc="7" uspid="224" ordinal="5" path="1" offset="56" offsetend="75" sl="224" fileid="5" />
                <BranchPoint vc="7" uspid="229" ordinal="8" path="0" offset="89" offsetend="91" sl="229" fileid="5" />
                <BranchPoint vc="7" uspid="229" ordinal="10" path="0" offset="105" offsetend="107" sl="229" fileid="5" />
                <BranchPoint vc="0" uspid="229" ordinal="9" path="1" offset="89" offsetend="123" sl="229" fileid="5" />
                <BranchPoint vc="0" uspid="229" ordinal="11" path="1" offset="105" offsetend="123" sl="229" fileid="5" />
                <BranchPoint vc="0" uspid="229" ordinal="12" path="0" offset="128" offsetend="130" sl="229" fileid="5" />
                <BranchPoint vc="7" uspid="229" ordinal="13" path="1" offset="128" offsetend="136" sl="229" fileid="5" />
                <BranchPoint vc="7" uspid="235" ordinal="14" path="0" offset="150" offsetend="152" sl="235" fileid="5" />
                <BranchPoint vc="0" uspid="235" ordinal="15" path="1" offset="150" offsetend="168" sl="235" fileid="5" />
                <BranchPoint vc="0" uspid="235" ordinal="16" path="0" offset="173" offsetend="175" sl="235" fileid="5" />
                <BranchPoint vc="14" uspid="235" ordinal="17" path="1" offset="173" offsetend="179" sl="235" fileid="5" />
                <BranchPoint vc="9" uspid="222" ordinal="18" path="0" offset="194" offsetend="199" sl="222" fileid="5" />
              </BranchPoints>
              <MethodPoint vc="20" uspid="0" p8:type="SequencePoint" ordinal="3" offset="3" sc="0" sl="216" ec="1" el="243" bec="0" bev="0" fileid="5" xmlns:p8="xsi" />
            </Method>
            <Method cyclomaticComplexity="6" nPathComplexity="6" sequenceCoverage="0" branchCoverage="0" isConstructor="True" isGetter="False" isSetter="False" isStatic="True">
              <Summary numSequencePoints="29" visitedSequencePoints="0" numBranchPoints="6" visitedBranchPoints="0" sequenceCoverage="0" branchCoverage="0" maxCyclomaticComplexity="6" minCyclomaticComplexity="6" visitedClasses="0" numClasses="0" visitedMethods="0" numMethods="1" />
              <MetadataToken />
              <Name>System.String SetupExternal.Program::GetSolutionRootDirectory()</Name>
              <FileRef uid="5" />
              <SequencePoints>
                <SequencePoint vc="0" uspid="249" ordinal="0" sl="249" sc="1" el="249" ec="2" bec="0" bev="0" fileid="5" />
                <SequencePoint vc="0" uspid="250" ordinal="1" sl="250" sc="1" el="250" ec="2" bec="0" bev="0" fileid="5" />
                <SequencePoint vc="0" uspid="253" ordinal="2" sl="253" sc="1" el="253" ec="2" bec="2" bev="0" fileid="5" />
                <SequencePoint vc="0" uspid="254" ordinal="3" sl="254" sc="1" el="254" ec="2" bec="0" bev="0" fileid="5" />
                <SequencePoint vc="0" uspid="257" ordinal="4" sl="257" sc="1" el="257" ec="2" bec="0" bev="0" fileid="5" />
                <SequencePoint vc="0" uspid="258" ordinal="5" sl="258" sc="1" el="258" ec="2" bec="0" bev="0" fileid="5" />
                <SequencePoint vc="0" uspid="259" ordinal="6" sl="259" sc="1" el="259" ec="2" bec="0" bev="0" fileid="5" />
                <SequencePoint vc="0" uspid="260" ordinal="7" sl="260" sc="1" el="260" ec="2" bec="0" bev="0" fileid="5" />
                <SequencePoint vc="0" uspid="261" ordinal="8" sl="261" sc="1" el="261" ec="2" bec="0" bev="0" fileid="5" />
                <SequencePoint vc="0" uspid="262" ordinal="9" sl="262" sc="1" el="262" ec="2" bec="0" bev="0" fileid="5" />
                <SequencePoint vc="0" uspid="264" ordinal="10" sl="264" sc="1" el="264" ec="2" bec="0" bev="0" fileid="5" />
                <SequencePoint vc="0" uspid="265" ordinal="11" sl="265" sc="1" el="265" ec="2" bec="0" bev="0" fileid="5" />
                <SequencePoint vc="0" uspid="266" ordinal="12" sl="266" sc="1" el="266" ec="2" bec="0" bev="0" fileid="5" />
                <SequencePoint vc="0" uspid="269" ordinal="13" sl="269" sc="1" el="269" ec="2" bec="2" bev="0" fileid="5" />
                <SequencePoint vc="0" uspid="270" ordinal="14" sl="270" sc="1" el="270" ec="2" bec="0" bev="0" fileid="5" />
                <SequencePoint vc="0" uspid="271" ordinal="15" sl="271" sc="1" el="271" ec="2" bec="0" bev="0" fileid="5" />
                <SequencePoint vc="0" uspid="275" ordinal="16" sl="275" sc="1" el="275" ec="2" bec="0" bev="0" fileid="5" />
                <SequencePoint vc="0" uspid="276" ordinal="17" sl="276" sc="1" el="276" ec="2" bec="0" bev="0" fileid="5" />
                <SequencePoint vc="0" uspid="277" ordinal="18" sl="277" sc="1" el="277" ec="2" bec="2" bev="0" fileid="5" />
                <SequencePoint vc="0" uspid="278" ordinal="19" sl="278" sc="1" el="278" ec="2" bec="0" bev="0" fileid="5" />
                <SequencePoint vc="0" uspid="279" ordinal="20" sl="279" sc="1" el="279" ec="2" bec="0" bev="0" fileid="5" />
                <SequencePoint vc="0" uspid="280" ordinal="21" sl="280" sc="1" el="280" ec="2" bec="0" bev="0" fileid="5" />
                <SequencePoint vc="0" uspid="281" ordinal="22" sl="281" sc="1" el="281" ec="2" bec="0" bev="0" fileid="5" />
                <SequencePoint vc="0" uspid="283" ordinal="23" sl="283" sc="1" el="283" ec="2" bec="0" bev="0" fileid="5" />
                <SequencePoint vc="0" uspid="284" ordinal="24" sl="284" sc="1" el="284" ec="2" bec="0" bev="0" fileid="5" />
                <SequencePoint vc="0" uspid="285" ordinal="25" sl="285" sc="1" el="285" ec="2" bec="0" bev="0" fileid="5" />
                <SequencePoint vc="0" uspid="287" ordinal="26" sl="287" sc="1" el="287" ec="2" bec="0" bev="0" fileid="5" />
                <SequencePoint vc="0" uspid="290" ordinal="27" sl="290" sc="1" el="290" ec="2" bec="0" bev="0" fileid="5" />
                <SequencePoint vc="0" uspid="291" ordinal="28" sl="291" sc="1" el="291" ec="2" bec="0" bev="0" fileid="5" />
              </SequencePoints>
              <BranchPoints>
                <BranchPoint vc="0" uspid="253" ordinal="5" path="1" offset="125" offsetend="9" sl="253" fileid="5" />
                <BranchPoint vc="0" uspid="269" ordinal="0" path="0" offset="73" offsetend="75" sl="269" fileid="5" />
                <BranchPoint vc="0" uspid="269" ordinal="1" path="1" offset="73" offsetend="80" sl="269" fileid="5" />
                <BranchPoint vc="0" uspid="277" ordinal="2" path="0" offset="92" offsetend="94" sl="277" fileid="5" />
                <BranchPoint vc="0" uspid="277" ordinal="3" path="1" offset="92" offsetend="97" sl="277" fileid="5" />
                <BranchPoint vc="0" uspid="253" ordinal="4" path="0" offset="125" offsetend="127" sl="253" fileid="5" />
              </BranchPoints>
              <MethodPoint vc="0" uspid="0" p8:type="SequencePoint" ordinal="4" offset="4" sc="0" sl="249" ec="1" el="291" bec="0" bev="0" fileid="5" xmlns:p8="xsi" />
            </Method>
            <Method cyclomaticComplexity="1" nPathComplexity="1" sequenceCoverage="0" branchCoverage="100" isConstructor="False" isGetter="False" isSetter="False" isStatic="True">
              <Summary numSequencePoints="4" visitedSequencePoints="0" numBranchPoints="0" visitedBranchPoints="0" sequenceCoverage="0" branchCoverage="100" maxCyclomaticComplexity="1" minCyclomaticComplexity="1" visitedClasses="0" numClasses="0" visitedMethods="0" numMethods="1" />
              <MetadataToken />
              <Name>System.Boolean SetupExternal.Program::ValidateGamePath(System.String)</Name>
              <FileRef uid="5" />
              <SequencePoints>
                <SequencePoint vc="0" uspid="297" ordinal="0" sl="297" sc="1" el="297" ec="2" bec="0" bev="0" fileid="5" />
                <SequencePoint vc="0" uspid="298" ordinal="1" sl="298" sc="1" el="298" ec="2" bec="0" bev="0" fileid="5" />
                <SequencePoint vc="0" uspid="299" ordinal="2" sl="299" sc="1" el="299" ec="2" bec="0" bev="0" fileid="5" />
                <SequencePoint vc="0" uspid="300" ordinal="3" sl="300" sc="1" el="300" ec="2" bec="0" bev="0" fileid="5" />
              </SequencePoints>
              <BranchPoints />
              <MethodPoint vc="0" uspid="0" p8:type="SequencePoint" ordinal="5" offset="5" sc="0" sl="297" ec="1" el="300" bec="0" bev="0" fileid="5" xmlns:p8="xsi" />
            </Method>
            <Method cyclomaticComplexity="1" nPathComplexity="1" sequenceCoverage="0" branchCoverage="100" isConstructor="False" isGetter="False" isSetter="False" isStatic="True">
              <Summary numSequencePoints="16" visitedSequencePoints="0" numBranchPoints="0" visitedBranchPoints="0" sequenceCoverage="0" branchCoverage="100" maxCyclomaticComplexity="1" minCyclomaticComplexity="1" visitedClasses="0" numClasses="0" visitedMethods="0" numMethods="1" />
              <MetadataToken />
              <Name>System.Void SetupExternal.Program::PrintNotFoundHelp()</Name>
              <FileRef uid="5" />
              <SequencePoints>
                <SequencePoint vc="0" uspid="306" ordinal="0" sl="306" sc="1" el="306" ec="2" bec="0" bev="0" fileid="5" />
                <SequencePoint vc="0" uspid="307" ordinal="1" sl="307" sc="1" el="307" ec="2" bec="0" bev="0" fileid="5" />
                <SequencePoint vc="0" uspid="308" ordinal="2" sl="308" sc="1" el="308" ec="2" bec="0" bev="0" fileid="5" />
                <SequencePoint vc="0" uspid="309" ordinal="3" sl="309" sc="1" el="309" ec="2" bec="0" bev="0" fileid="5" />
                <SequencePoint vc="0" uspid="310" ordinal="4" sl="310" sc="1" el="310" ec="2" bec="0" bev="0" fileid="5" />
                <SequencePoint vc="0" uspid="311" ordinal="5" sl="311" sc="1" el="311" ec="2" bec="0" bev="0" fileid="5" />
                <SequencePoint vc="0" uspid="312" ordinal="6" sl="312" sc="1" el="312" ec="2" bec="0" bev="0" fileid="5" />
                <SequencePoint vc="0" uspid="313" ordinal="7" sl="313" sc="1" el="313" ec="2" bec="0" bev="0" fileid="5" />
                <SequencePoint vc="0" uspid="314" ordinal="8" sl="314" sc="1" el="314" ec="2" bec="0" bev="0" fileid="5" />
                <SequencePoint vc="0" uspid="315" ordinal="9" sl="315" sc="1" el="315" ec="2" bec="0" bev="0" fileid="5" />
                <SequencePoint vc="0" uspid="316" ordinal="10" sl="316" sc="1" el="316" ec="2" bec="0" bev="0" fileid="5" />
                <SequencePoint vc="0" uspid="317" ordinal="11" sl="317" sc="1" el="317" ec="2" bec="0" bev="0" fileid="5" />
                <SequencePoint vc="0" uspid="318" ordinal="12" sl="318" sc="1" el="318" ec="2" bec="0" bev="0" fileid="5" />
                <SequencePoint vc="0" uspid="319" ordinal="13" sl="319" sc="1" el="319" ec="2" bec="0" bev="0" fileid="5" />
                <SequencePoint vc="0" uspid="320" ordinal="14" sl="320" sc="1" el="320" ec="2" bec="0" bev="0" fileid="5" />
                <SequencePoint vc="0" uspid="321" ordinal="15" sl="321" sc="1" el="321" ec="2" bec="0" bev="0" fileid="5" />
              </SequencePoints>
              <BranchPoints />
              <MethodPoint vc="0" uspid="0" p8:type="SequencePoint" ordinal="6" offset="6" sc="0" sl="306" ec="1" el="321" bec="0" bev="0" fileid="5" xmlns:p8="xsi" />
            </Method>
          </Methods>
        </Class>
        <Class>
          <Summary numSequencePoints="25" visitedSequencePoints="25" numBranchPoints="10" visitedBranchPoints="10" sequenceCoverage="100" branchCoverage="100" maxCyclomaticComplexity="10" minCyclomaticComplexity="1" visitedClasses="1" numClasses="1" visitedMethods="2" numMethods="2" />
          <FullName>SetupExternal.VdfParser</FullName>
          <Methods>
            <Method cyclomaticComplexity="10" nPathComplexity="10" sequenceCoverage="100" branchCoverage="100" isConstructor="False" isGetter="False" isSetter="False" isStatic="True">
              <Summary numSequencePoints="24" visitedSequencePoints="24" numBranchPoints="10" visitedBranchPoints="10" sequenceCoverage="100" branchCoverage="100" maxCyclomaticComplexity="10" minCyclomaticComplexity="10" visitedClasses="0" numClasses="0" visitedMethods="1" numMethods="1" />
              <MetadataToken />
              <Name>System.Collections.Generic.List`1&lt;System.String&gt; SetupExternal.VdfParser::ExtractLibraryPaths(System.String)</Name>
              <FileRef uid="6" />
              <SequencePoints>
                <SequencePoint vc="7" uspid="20" ordinal="0" sl="20" sc="1" el="20" ec="2" bec="0" bev="0" fileid="6" />
                <SequencePoint vc="7" uspid="21" ordinal="1" sl="21" sc="1" el="21" ec="2" bec="0" bev="0" fileid="6" />
                <SequencePoint vc="7" uspid="23" ordinal="2" sl="23" sc="1" el="23" ec="2" bec="2" bev="2" fileid="6" />
                <SequencePoint vc="3" uspid="24" ordinal="3" sl="24" sc="1" el="24" ec="2" bec="0" bev="0" fileid="6" />
                <SequencePoint vc="3" uspid="25" ordinal="4" sl="25" sc="1" el="25" ec="2" bec="0" bev="0" fileid="6" />
                <SequencePoint vc="4" uspid="46" ordinal="5" sl="46" sc="1" el="46" ec="2" bec="0" bev="0" fileid="6" />
                <SequencePoint vc="106" uspid="47" ordinal="6" sl="47" sc="1" el="47" ec="2" bec="2" bev="2" fileid="6" />
                <SequencePoint vc="47" uspid="48" ordinal="7" sl="48" sc="1" el="48" ec="2" bec="0" bev="0" fileid="6" />
                <SequencePoint vc="47" uspid="49" ordinal="8" sl="49" sc="1" el="49" ec="2" bec="0" bev="0" fileid="6" />
                <SequencePoint vc="47" uspid="51" ordinal="9" sl="51" sc="1" el="51" ec="2" bec="2" bev="2" fileid="6" />
                <SequencePoint vc="5" uspid="52" ordinal="10" sl="52" sc="1" el="52" ec="2" bec="0" bev="0" fileid="6" />
                <SequencePoint vc="5" uspid="54" ordinal="11" sl="54" sc="1" el="54" ec="2" bec="0" bev="0" fileid="6" />
                <SequencePoint vc="5" uspid="55" ordinal="12" sl="55" sc="1" el="55" ec="2" bec="2" bev="2" fileid="6" />
                <SequencePoint vc="4" uspid="56" ordinal="13" sl="56" sc="1" el="56" ec="2" bec="0" bev="0" fileid="6" />
                <SequencePoint vc="4" uspid="57" ordinal="14" sl="57" sc="1" el="57" ec="2" bec="0" bev="0" fileid="6" />
                <SequencePoint vc="4" uspid="58" ordinal="15" sl="58" sc="1" el="58" ec="2" bec="2" bev="2" fileid="6" />
                <SequencePoint vc="4" uspid="59" ordinal="16" sl="59" sc="1" el="59" ec="2" bec="0" bev="0" fileid="6" />
                <SequencePoint vc="4" uspid="60" ordinal="17" sl="60" sc="1" el="60" ec="2" bec="0" bev="0" fileid="6" />
                <SequencePoint vc="4" uspid="61" ordinal="18" sl="61" sc="1" el="61" ec="2" bec="0" bev="0" fileid="6" />
                <SequencePoint vc="4" uspid="62" ordinal="19" sl="62" sc="1" el="62" ec="2" bec="0" bev="0" fileid="6" />
                <SequencePoint vc="5" uspid="63" ordinal="20" sl="63" sc="1" el="63" ec="2" bec="0" bev="0" fileid="6" />
                <SequencePoint vc="47" uspid="64" ordinal="21" sl="64" sc="1" el="64" ec="2" bec="0" bev="0" fileid="6" />
                <SequencePoint vc="4" uspid="66" ordinal="22" sl="66" sc="1" el="66" ec="2" bec="0" bev="0" fileid="6" />
                <SequencePoint vc="7" uspid="67" ordinal="23" sl="67" sc="1" el="67" ec="2" bec="0" bev="0" fileid="6" />
              </SequencePoints>
              <BranchPoints>
                <BranchPoint vc="3" uspid="23" ordinal="0" path="0" offset="15" offsetend="17" sl="23" fileid="6" />
                <BranchPoint vc="4" uspid="23" ordinal="1" path="1" offset="15" offsetend="25" sl="23" fileid="6" />
                <BranchPoint vc="47" uspid="47" ordinal="9" path="1" offset="174" offsetend="47" sl="47" fileid="6" />
                <BranchPoint vc="5" uspid="51" ordinal="2" path="0" offset="81" offsetend="83" sl="51" fileid="6" />
                <BranchPoint vc="4" uspid="55" ordinal="4" path="0" offset="109" offsetend="111" sl="55" fileid="6" />
                <BranchPoint vc="4" uspid="58" ordinal="6" path="0" offset="146" offsetend="148" sl="58" fileid="6" />
                <BranchPoint vc="4" uspid="58" ordinal="7" path="1" offset="146" offsetend="159" sl="58" fileid="6" />
                <BranchPoint vc="5" uspid="55" ordinal="5" path="1" offset="109" offsetend="160" sl="55" fileid="6" />
                <BranchPoint vc="47" uspid="51" ordinal="3" path="1" offset="81" offsetend="161" sl="51" fileid="6" />
                <BranchPoint vc="4" uspid="47" ordinal="8" path="0" offset="174" offsetend="179" sl="47" fileid="6" />
              </BranchPoints>
              <MethodPoint vc="24" uspid="0" p8:type="SequencePoint" ordinal="0" offset="0" sc="0" sl="20" ec="1" el="67" bec="0" bev="0" fileid="6" xmlns:p8="xsi" />
            </Method>
            <Method cyclomaticComplexity="1" nPathComplexity="1" sequenceCoverage="100" branchCoverage="100" isConstructor="True" isGetter="False" isSetter="False" isStatic="True">
              <Summary numSequencePoints="1" visitedSequencePoints="1" numBranchPoints="0" visitedBranchPoints="0" sequenceCoverage="100" branchCoverage="100" maxCyclomaticComplexity="1" minCyclomaticComplexity="1" visitedClasses="0" numClasses="0" visitedMethods="1" numMethods="1" />
              <MetadataToken />
              <Name>System.Void SetupExternal.VdfParser::.cctor()</Name>
              <FileRef uid="6" />
              <SequencePoints>
                <SequencePoint vc="1" uspid="13" ordinal="0" sl="13" sc="1" el="13" ec="2" bec="0" bev="0" fileid="6" />
              </SequencePoints>
              <BranchPoints />
              <MethodPoint vc="1" uspid="0" p8:type="SequencePoint" ordinal="1" offset="1" sc="0" sl="13" ec="1" el="13" bec="0" bev="0" fileid="6" xmlns:p8="xsi" />
            </Method>
          </Methods>
        </Class>
      </Classes>
    </Module>
  </Modules>
</CoverageSession>