<?xml version="1.0" encoding="utf-8"?>
<CoverageSession>
  <Summary numSequencePoints="421" visitedSequencePoints="352" numBranchPoints="116" visitedBranchPoints="87" sequenceCoverage="83.61" branchCoverage="75" maxCyclomaticComplexity="145" minCyclomaticComplexity="145" visitedClasses="10" numClasses="10" visitedMethods="35" numMethods="41" />
  <Modules>
    <Module hash="A2901D74-C790-46BE-9388-DB7602983D88">
      <ModulePath>CI.dll</ModulePath>
      <ModuleTime>2026-03-05T08:04:45</ModuleTime>
      <ModuleName>CI</ModuleName>
      <Files>
        <File uid="1" fullPath="/Users/chris/projects/lobotomy-corporation-mods/CI/CoverageConfig.cs" />
        <File uid="2" fullPath="/Users/chris/projects/lobotomy-corporation-mods/CI/CoverageConfigReader.cs" />
        <File uid="3" fullPath="/Users/chris/projects/lobotomy-corporation-mods/CI/CoverageThresholdChecker.cs" />
        <File uid="4" fullPath="/Users/chris/projects/lobotomy-corporation-mods/CI/Program.cs" />
      </Files>
      <Classes>
        <Class>
          <Summary numSequencePoints="3" visitedSequencePoints="3" numBranchPoints="0" visitedBranchPoints="0" sequenceCoverage="100" branchCoverage="100" maxCyclomaticComplexity="1" minCyclomaticComplexity="1" visitedClasses="1" numClasses="1" visitedMethods="3" numMethods="3" />
          <FullName>CI.CoverageConfig</FullName>
          <Methods>
            <Method cyclomaticComplexity="1" nPathComplexity="1" sequenceCoverage="100" branchCoverage="100" isConstructor="False" isGetter="True" isSetter="False" isStatic="True">
              <Summary numSequencePoints="1" visitedSequencePoints="1" numBranchPoints="0" visitedBranchPoints="0" sequenceCoverage="100" branchCoverage="100" maxCyclomaticComplexity="1" minCyclomaticComplexity="1" visitedClasses="0" numClasses="0" visitedMethods="1" numMethods="1" />
              <MetadataToken />
              <Name>System.Double CI.CoverageConfig::get_LineThreshold()</Name>
              <FileRef uid="1" />
              <SequencePoints>
                <SequencePoint vc="16" uspid="11" ordinal="0" sl="11" sc="1" el="11" ec="2" bec="0" bev="0" fileid="1" />
              </SequencePoints>
              <BranchPoints />
              <MethodPoint vc="1" uspid="0" p8:type="SequencePoint" ordinal="0" offset="0" sc="0" sl="11" ec="1" el="11" bec="0" bev="0" fileid="1" xmlns:p8="xsi" />
            </Method>
            <Method cyclomaticComplexity="1" nPathComplexity="1" sequenceCoverage="100" branchCoverage="100" isConstructor="False" isGetter="True" isSetter="False" isStatic="True">
              <Summary numSequencePoints="1" visitedSequencePoints="1" numBranchPoints="0" visitedBranchPoints="0" sequenceCoverage="100" branchCoverage="100" maxCyclomaticComplexity="1" minCyclomaticComplexity="1" visitedClasses="0" numClasses="0" visitedMethods="1" numMethods="1" />
              <MetadataToken />
              <Name>System.Double CI.CoverageConfig::get_BranchThreshold()</Name>
              <FileRef uid="1" />
              <SequencePoints>
                <SequencePoint vc="15" uspid="14" ordinal="0" sl="14" sc="1" el="14" ec="2" bec="0" bev="0" fileid="1" />
              </SequencePoints>
              <BranchPoints />
              <MethodPoint vc="1" uspid="0" p8:type="SequencePoint" ordinal="1" offset="1" sc="0" sl="14" ec="1" el="14" bec="0" bev="0" fileid="1" xmlns:p8="xsi" />
            </Method>
            <Method cyclomaticComplexity="1" nPathComplexity="1" sequenceCoverage="100" branchCoverage="100" isConstructor="False" isGetter="True" isSetter="False" isStatic="True">
              <Summary numSequencePoints="1" visitedSequencePoints="1" numBranchPoints="0" visitedBranchPoints="0" sequenceCoverage="100" branchCoverage="100" maxCyclomaticComplexity="1" minCyclomaticComplexity="1" visitedClasses="0" numClasses="0" visitedMethods="1" numMethods="1" />
              <MetadataToken />
              <Name>System.Double CI.CoverageConfig::get_MethodThreshold()</Name>
              <FileRef uid="1" />
              <SequencePoints>
                <SequencePoint vc="15" uspid="17" ordinal="0" sl="17" sc="1" el="17" ec="2" bec="0" bev="0" fileid="1" />
              </SequencePoints>
              <BranchPoints />
              <MethodPoint vc="1" uspid="0" p8:type="SequencePoint" ordinal="2" offset="2" sc="0" sl="17" ec="1" el="17" bec="0" bev="0" fileid="1" xmlns:p8="xsi" />
            </Method>
          </Methods>
        </Class>
        <Class>
          <Summary numSequencePoints="22" visitedSequencePoints="19" numBranchPoints="4" visitedBranchPoints="4" sequenceCoverage="86.36" branchCoverage="100" maxCyclomaticComplexity="4" minCyclomaticComplexity="1" visitedClasses="1" numClasses="1" visitedMethods="2" numMethods="3" />
          <FullName>CI.CoverageConfigReader</FullName>
          <Methods>
            <Method cyclomaticComplexity="4" nPathComplexity="4" sequenceCoverage="100" branchCoverage="100" isConstructor="False" isGetter="False" isSetter="False" isStatic="True">
              <Summary numSequencePoints="15" visitedSequencePoints="15" numBranchPoints="4" visitedBranchPoints="4" sequenceCoverage="100" branchCoverage="100" maxCyclomaticComplexity="4" minCyclomaticComplexity="4" visitedClasses="0" numClasses="0" visitedMethods="1" numMethods="1" />
              <MetadataToken />
              <Name>CI.CoverageConfig CI.CoverageConfigReader::ReadConfig(System.String)</Name>
              <FileRef uid="2" />
              <SequencePoints>
                <SequencePoint vc="6" uspid="29" ordinal="0" sl="29" sc="1" el="29" ec="2" bec="0" bev="0" fileid="2" />
                <SequencePoint vc="6" uspid="30" ordinal="1" sl="30" sc="1" el="30" ec="2" bec="0" bev="0" fileid="2" />
                <SequencePoint vc="6" uspid="32" ordinal="2" sl="32" sc="1" el="32" ec="2" bec="2" bev="2" fileid="2" />
                <SequencePoint vc="1" uspid="33" ordinal="3" sl="33" sc="1" el="33" ec="2" bec="0" bev="0" fileid="2" />
                <SequencePoint vc="1" uspid="34" ordinal="4" sl="34" sc="1" el="34" ec="2" bec="0" bev="0" fileid="2" />
                <SequencePoint vc="5" uspid="37" ordinal="5" sl="37" sc="1" el="37" ec="2" bec="0" bev="0" fileid="2" />
                <SequencePoint vc="5" uspid="39" ordinal="6" sl="39" sc="1" el="39" ec="2" bec="2" bev="2" fileid="2" />
                <SequencePoint vc="1" uspid="40" ordinal="7" sl="40" sc="1" el="40" ec="2" bec="0" bev="0" fileid="2" />
                <SequencePoint vc="1" uspid="41" ordinal="8" sl="41" sc="1" el="41" ec="2" bec="0" bev="0" fileid="2" />
                <SequencePoint vc="4" uspid="45" ordinal="9" sl="45" sc="1" el="45" ec="2" bec="0" bev="0" fileid="2" />
                <SequencePoint vc="4" uspid="46" ordinal="10" sl="46" sc="1" el="46" ec="2" bec="0" bev="0" fileid="2" />
                <SequencePoint vc="1" uspid="48" ordinal="11" sl="48" sc="1" el="48" ec="2" bec="0" bev="0" fileid="2" />
                <SequencePoint vc="1" uspid="49" ordinal="12" sl="49" sc="1" el="49" ec="2" bec="0" bev="0" fileid="2" />
                <SequencePoint vc="1" uspid="50" ordinal="13" sl="50" sc="1" el="50" ec="2" bec="0" bev="0" fileid="2" />
                <SequencePoint vc="6" uspid="52" ordinal="14" sl="52" sc="1" el="52" ec="2" bec="0" bev="0" fileid="2" />
              </SequencePoints>
              <BranchPoints>
                <BranchPoint vc="1" uspid="32" ordinal="0" path="0" offset="30" offsetend="32" sl="32" fileid="2" />
                <BranchPoint vc="5" uspid="32" ordinal="1" path="1" offset="30" offsetend="37" sl="32" fileid="2" />
                <BranchPoint vc="1" uspid="39" ordinal="2" path="0" offset="58" offsetend="60" sl="39" fileid="2" />
                <BranchPoint vc="4" uspid="39" ordinal="3" path="1" offset="58" offsetend="65" sl="39" fileid="2" />
              </BranchPoints>
              <MethodPoint vc="15" uspid="0" p8:type="SequencePoint" ordinal="0" offset="0" sc="0" sl="29" ec="1" el="52" bec="0" bev="0" fileid="2" xmlns:p8="xsi" />
            </Method>
            <Method cyclomaticComplexity="1" nPathComplexity="1" sequenceCoverage="0" branchCoverage="100" isConstructor="True" isGetter="False" isSetter="False" isStatic="True">
              <Summary numSequencePoints="3" visitedSequencePoints="0" numBranchPoints="0" visitedBranchPoints="0" sequenceCoverage="0" branchCoverage="100" maxCyclomaticComplexity="1" minCyclomaticComplexity="1" visitedClasses="0" numClasses="0" visitedMethods="0" numMethods="1" />
              <MetadataToken />
              <Name>System.Void CI.CoverageConfigReader::.ctor()</Name>
              <FileRef uid="2" />
              <SequencePoints>
                <SequencePoint vc="0" uspid="19" ordinal="0" sl="19" sc="1" el="19" ec="2" bec="0" bev="0" fileid="2" />
                <SequencePoint vc="0" uspid="20" ordinal="1" sl="20" sc="1" el="20" ec="2" bec="0" bev="0" fileid="2" />
                <SequencePoint vc="0" uspid="21" ordinal="2" sl="21" sc="1" el="21" ec="2" bec="0" bev="0" fileid="2" />
              </SequencePoints>
              <BranchPoints />
              <MethodPoint vc="0" uspid="0" p8:type="SequencePoint" ordinal="1" offset="1" sc="0" sl="19" ec="1" el="21" bec="0" bev="0" fileid="2" xmlns:p8="xsi" />
            </Method>
            <Method cyclomaticComplexity="1" nPathComplexity="1" sequenceCoverage="100" branchCoverage="100" isConstructor="True" isGetter="False" isSetter="False" isStatic="True">
              <Summary numSequencePoints="4" visitedSequencePoints="4" numBranchPoints="0" visitedBranchPoints="0" sequenceCoverage="100" branchCoverage="100" maxCyclomaticComplexity="1" minCyclomaticComplexity="1" visitedClasses="0" numClasses="0" visitedMethods="1" numMethods="1" />
              <MetadataToken />
              <Name>System.Void CI.CoverageConfigReader::.ctor(CI.IFileSystem)</Name>
              <FileRef uid="2" />
              <SequencePoints>
                <SequencePoint vc="6" uspid="23" ordinal="0" sl="23" sc="1" el="23" ec="2" bec="0" bev="0" fileid="2" />
                <SequencePoint vc="6" uspid="24" ordinal="1" sl="24" sc="1" el="24" ec="2" bec="0" bev="0" fileid="2" />
                <SequencePoint vc="6" uspid="25" ordinal="2" sl="25" sc="1" el="25" ec="2" bec="0" bev="0" fileid="2" />
                <SequencePoint vc="6" uspid="26" ordinal="3" sl="26" sc="1" el="26" ec="2" bec="0" bev="0" fileid="2" />
              </SequencePoints>
              <BranchPoints />
              <MethodPoint vc="4" uspid="0" p8:type="SequencePoint" ordinal="2" offset="2" sc="0" sl="23" ec="1" el="26" bec="0" bev="0" fileid="2" xmlns:p8="xsi" />
            </Method>
          </Methods>
        </Class>
        <Class>
          <Summary numSequencePoints="179" visitedSequencePoints="166" numBranchPoints="60" visitedBranchPoints="45" sequenceCoverage="92.73" branchCoverage="75" maxCyclomaticComplexity="28" minCyclomaticComplexity="1" visitedClasses="1" numClasses="1" visitedMethods="5" numMethods="6" />
          <FullName>CI.CoverageThresholdChecker</FullName>
          <Methods>
            <Method cyclomaticComplexity="20" nPathComplexity="20" sequenceCoverage="92.1" branchCoverage="90" isConstructor="False" isGetter="False" isSetter="False" isStatic="True">
              <Summary numSequencePoints="76" visitedSequencePoints="70" numBranchPoints="20" visitedBranchPoints="18" sequenceCoverage="92.1" branchCoverage="90" maxCyclomaticComplexity="20" minCyclomaticComplexity="20" visitedClasses="0" numClasses="0" visitedMethods="1" numMethods="1" />
              <MetadataToken />
              <Name>System.Boolean CI.CoverageThresholdChecker::CheckThresholds(System.String,System.String&amp;)</Name>
              <FileRef uid="3" />
              <SequencePoints>
                <SequencePoint vc="6" uspid="34" ordinal="0" sl="34" sc="1" el="34" ec="2" bec="0" bev="0" fileid="3" />
                <SequencePoint vc="6" uspid="35" ordinal="1" sl="35" sc="1" el="35" ec="2" bec="0" bev="0" fileid="3" />
                <SequencePoint vc="6" uspid="38" ordinal="2" sl="38" sc="1" el="38" ec="2" bec="0" bev="0" fileid="3" />
                <SequencePoint vc="6" uspid="40" ordinal="3" sl="40" sc="1" el="40" ec="2" bec="2" bev="2" fileid="3" />
                <SequencePoint vc="1" uspid="41" ordinal="4" sl="41" sc="1" el="41" ec="2" bec="0" bev="0" fileid="3" />
                <SequencePoint vc="1" uspid="42" ordinal="5" sl="42" sc="1" el="42" ec="2" bec="0" bev="0" fileid="3" />
                <SequencePoint vc="1" uspid="43" ordinal="6" sl="43" sc="1" el="43" ec="2" bec="0" bev="0" fileid="3" />
                <SequencePoint vc="5" uspid="47" ordinal="7" sl="47" sc="1" el="47" ec="2" bec="0" bev="0" fileid="3" />
                <SequencePoint vc="5" uspid="48" ordinal="8" sl="48" sc="1" el="48" ec="2" bec="0" bev="0" fileid="3" />
                <SequencePoint vc="4" uspid="50" ordinal="9" sl="50" sc="1" el="50" ec="2" bec="2" bev="2" fileid="3" />
                <SequencePoint vc="1" uspid="51" ordinal="10" sl="51" sc="1" el="51" ec="2" bec="0" bev="0" fileid="3" />
                <SequencePoint vc="1" uspid="52" ordinal="11" sl="52" sc="1" el="52" ec="2" bec="0" bev="0" fileid="3" />
                <SequencePoint vc="1" uspid="53" ordinal="12" sl="53" sc="1" el="53" ec="2" bec="0" bev="0" fileid="3" />
                <SequencePoint vc="3" uspid="57" ordinal="13" sl="57" sc="1" el="57" ec="2" bec="0" bev="0" fileid="3" />
                <SequencePoint vc="3" uspid="58" ordinal="14" sl="58" sc="1" el="58" ec="2" bec="0" bev="0" fileid="3" />
                <SequencePoint vc="3" uspid="59" ordinal="15" sl="59" sc="1" el="59" ec="2" bec="0" bev="0" fileid="3" />
                <SequencePoint vc="3" uspid="60" ordinal="16" sl="60" sc="1" el="60" ec="2" bec="0" bev="0" fileid="3" />
                <SequencePoint vc="3" uspid="61" ordinal="17" sl="61" sc="1" el="61" ec="2" bec="0" bev="0" fileid="3" />
                <SequencePoint vc="3" uspid="62" ordinal="18" sl="62" sc="1" el="62" ec="2" bec="0" bev="0" fileid="3" />
                <SequencePoint vc="3" uspid="63" ordinal="19" sl="63" sc="1" el="63" ec="2" bec="0" bev="0" fileid="3" />
                <SequencePoint vc="3" uspid="66" ordinal="20" sl="66" sc="1" el="66" ec="2" bec="0" bev="0" fileid="3" />
                <SequencePoint vc="3" uspid="68" ordinal="21" sl="68" sc="1" el="68" ec="2" bec="2" bev="2" fileid="3" />
                <SequencePoint vc="1" uspid="69" ordinal="22" sl="69" sc="1" el="69" ec="2" bec="0" bev="0" fileid="3" />
                <SequencePoint vc="1" uspid="70" ordinal="23" sl="70" sc="1" el="70" ec="2" bec="0" bev="0" fileid="3" />
                <SequencePoint vc="1" uspid="71" ordinal="24" sl="71" sc="1" el="71" ec="2" bec="0" bev="0" fileid="3" />
                <SequencePoint vc="2" uspid="74" ordinal="25" sl="74" sc="1" el="74" ec="2" bec="0" bev="0" fileid="3" />
                <SequencePoint vc="2" uspid="76" ordinal="26" sl="76" sc="1" el="76" ec="2" bec="2" bev="1" fileid="3" />
                <SequencePoint vc="0" uspid="77" ordinal="27" sl="77" sc="1" el="77" ec="2" bec="0" bev="0" fileid="3" />
                <SequencePoint vc="0" uspid="78" ordinal="28" sl="78" sc="1" el="78" ec="2" bec="0" bev="0" fileid="3" />
                <SequencePoint vc="0" uspid="79" ordinal="29" sl="79" sc="1" el="79" ec="2" bec="0" bev="0" fileid="3" />
                <SequencePoint vc="2" uspid="82" ordinal="30" sl="82" sc="1" el="82" ec="2" bec="0" bev="0" fileid="3" />
                <SequencePoint vc="2" uspid="84" ordinal="31" sl="84" sc="1" el="84" ec="2" bec="2" bev="1" fileid="3" />
                <SequencePoint vc="0" uspid="85" ordinal="32" sl="85" sc="1" el="85" ec="2" bec="0" bev="0" fileid="3" />
                <SequencePoint vc="0" uspid="86" ordinal="33" sl="86" sc="1" el="86" ec="2" bec="0" bev="0" fileid="3" />
                <SequencePoint vc="0" uspid="87" ordinal="34" sl="87" sc="1" el="87" ec="2" bec="0" bev="0" fileid="3" />
                <SequencePoint vc="2" uspid="90" ordinal="35" sl="90" sc="1" el="90" ec="2" bec="0" bev="0" fileid="3" />
                <SequencePoint vc="12" uspid="92" ordinal="36" sl="92" sc="1" el="92" ec="2" bec="2" bev="2" fileid="3" />
                <SequencePoint vc="3" uspid="93" ordinal="37" sl="93" sc="1" el="93" ec="2" bec="0" bev="0" fileid="3" />
                <SequencePoint vc="3" uspid="94" ordinal="38" sl="94" sc="1" el="94" ec="2" bec="2" bev="2" fileid="3" />
                <SequencePoint vc="1" uspid="95" ordinal="39" sl="95" sc="1" el="95" ec="2" bec="0" bev="0" fileid="3" />
                <SequencePoint vc="1" uspid="96" ordinal="40" sl="96" sc="1" el="96" ec="2" bec="0" bev="0" fileid="3" />
                <SequencePoint vc="1" uspid="97" ordinal="41" sl="97" sc="1" el="97" ec="2" bec="0" bev="0" fileid="3" />
                <SequencePoint vc="1" uspid="98" ordinal="42" sl="98" sc="1" el="98" ec="2" bec="0" bev="0" fileid="3" />
                <SequencePoint vc="1" uspid="99" ordinal="43" sl="99" sc="1" el="99" ec="2" bec="0" bev="0" fileid="3" />
                <SequencePoint vc="1" uspid="100" ordinal="44" sl="100" sc="1" el="100" ec="2" bec="0" bev="0" fileid="3" />
                <SequencePoint vc="1" uspid="101" ordinal="45" sl="101" sc="1" el="101" ec="2" bec="0" bev="0" fileid="3" />
                <SequencePoint vc="1" uspid="102" ordinal="46" sl="102" sc="1" el="102" ec="2" bec="0" bev="0" fileid="3" />
                <SequencePoint vc="3" uspid="104" ordinal="47" sl="104" sc="1" el="104" ec="2" bec="2" bev="2" fileid="3" />
                <SequencePoint vc="1" uspid="105" ordinal="48" sl="105" sc="1" el="105" ec="2" bec="0" bev="0" fileid="3" />
                <SequencePoint vc="1" uspid="106" ordinal="49" sl="106" sc="1" el="106" ec="2" bec="0" bev="0" fileid="3" />
                <SequencePoint vc="1" uspid="107" ordinal="50" sl="107" sc="1" el="107" ec="2" bec="0" bev="0" fileid="3" />
                <SequencePoint vc="1" uspid="108" ordinal="51" sl="108" sc="1" el="108" ec="2" bec="0" bev="0" fileid="3" />
                <SequencePoint vc="1" uspid="109" ordinal="52" sl="109" sc="1" el="109" ec="2" bec="0" bev="0" fileid="3" />
                <SequencePoint vc="1" uspid="110" ordinal="53" sl="110" sc="1" el="110" ec="2" bec="0" bev="0" fileid="3" />
                <SequencePoint vc="1" uspid="111" ordinal="54" sl="111" sc="1" el="111" ec="2" bec="0" bev="0" fileid="3" />
                <SequencePoint vc="1" uspid="112" ordinal="55" sl="112" sc="1" el="112" ec="2" bec="0" bev="0" fileid="3" />
                <SequencePoint vc="3" uspid="114" ordinal="56" sl="114" sc="1" el="114" ec="2" bec="2" bev="2" fileid="3" />
                <SequencePoint vc="1" uspid="115" ordinal="57" sl="115" sc="1" el="115" ec="2" bec="0" bev="0" fileid="3" />
                <SequencePoint vc="1" uspid="116" ordinal="58" sl="116" sc="1" el="116" ec="2" bec="0" bev="0" fileid="3" />
                <SequencePoint vc="1" uspid="117" ordinal="59" sl="117" sc="1" el="117" ec="2" bec="0" bev="0" fileid="3" />
                <SequencePoint vc="1" uspid="118" ordinal="60" sl="118" sc="1" el="118" ec="2" bec="0" bev="0" fileid="3" />
                <SequencePoint vc="1" uspid="119" ordinal="61" sl="119" sc="1" el="119" ec="2" bec="0" bev="0" fileid="3" />
                <SequencePoint vc="1" uspid="120" ordinal="62" sl="120" sc="1" el="120" ec="2" bec="0" bev="0" fileid="3" />
                <SequencePoint vc="1" uspid="121" ordinal="63" sl="121" sc="1" el="121" ec="2" bec="0" bev="0" fileid="3" />
                <SequencePoint vc="1" uspid="122" ordinal="64" sl="122" sc="1" el="122" ec="2" bec="0" bev="0" fileid="3" />
                <SequencePoint vc="3" uspid="123" ordinal="65" sl="123" sc="1" el="123" ec="2" bec="0" bev="0" fileid="3" />
                <SequencePoint vc="2" uspid="125" ordinal="66" sl="125" sc="1" el="125" ec="2" bec="2" bev="2" fileid="3" />
                <SequencePoint vc="1" uspid="126" ordinal="67" sl="126" sc="1" el="126" ec="2" bec="0" bev="0" fileid="3" />
                <SequencePoint vc="1" uspid="127" ordinal="68" sl="127" sc="1" el="127" ec="2" bec="0" bev="0" fileid="3" />
                <SequencePoint vc="1" uspid="128" ordinal="69" sl="128" sc="1" el="128" ec="2" bec="0" bev="0" fileid="3" />
                <SequencePoint vc="1" uspid="131" ordinal="70" sl="131" sc="1" el="131" ec="2" bec="0" bev="0" fileid="3" />
                <SequencePoint vc="1" uspid="134" ordinal="71" sl="134" sc="1" el="134" ec="2" bec="0" bev="0" fileid="3" />
                <SequencePoint vc="1" uspid="135" ordinal="72" sl="135" sc="1" el="135" ec="2" bec="0" bev="0" fileid="3" />
                <SequencePoint vc="1" uspid="136" ordinal="73" sl="136" sc="1" el="136" ec="2" bec="0" bev="0" fileid="3" />
                <SequencePoint vc="1" uspid="137" ordinal="74" sl="137" sc="1" el="137" ec="2" bec="0" bev="0" fileid="3" />
                <SequencePoint vc="6" uspid="140" ordinal="75" sl="140" sc="1" el="140" ec="2" bec="0" bev="0" fileid="3" />
              </SequencePoints>
              <BranchPoints>
                <BranchPoint vc="1" uspid="40" ordinal="0" path="0" offset="26" offsetend="28" sl="40" fileid="3" />
                <BranchPoint vc="5" uspid="40" ordinal="1" path="1" offset="26" offsetend="43" sl="40" fileid="3" />
                <BranchPoint vc="1" uspid="50" ordinal="2" path="0" offset="65" offsetend="67" sl="50" fileid="3" />
                <BranchPoint vc="3" uspid="50" ordinal="3" path="1" offset="65" offsetend="82" sl="50" fileid="3" />
                <BranchPoint vc="1" uspid="68" ordinal="4" path="0" offset="180" offsetend="182" sl="68" fileid="3" />
                <BranchPoint vc="2" uspid="68" ordinal="5" path="1" offset="180" offsetend="197" sl="68" fileid="3" />
                <BranchPoint vc="0" uspid="76" ordinal="6" path="0" offset="221" offsetend="223" sl="76" fileid="3" />
                <BranchPoint vc="2" uspid="76" ordinal="7" path="1" offset="221" offsetend="238" sl="76" fileid="3" />
                <BranchPoint vc="0" uspid="84" ordinal="8" path="0" offset="257" offsetend="259" sl="84" fileid="3" />
                <BranchPoint vc="2" uspid="84" ordinal="9" path="1" offset="257" offsetend="274" sl="84" fileid="3" />
                <BranchPoint vc="3" uspid="92" ordinal="17" path="1" offset="577" offsetend="295" sl="92" fileid="3" />
                <BranchPoint vc="1" uspid="94" ordinal="10" path="0" offset="330" offsetend="332" sl="94" fileid="3" />
                <BranchPoint vc="3" uspid="94" ordinal="11" path="1" offset="330" offsetend="393" sl="94" fileid="3" />
                <BranchPoint vc="1" uspid="104" ordinal="12" path="0" offset="418" offsetend="420" sl="104" fileid="3" />
                <BranchPoint vc="3" uspid="104" ordinal="13" path="1" offset="418" offsetend="481" sl="104" fileid="3" />
                <BranchPoint vc="1" uspid="114" ordinal="14" path="0" offset="506" offsetend="508" sl="114" fileid="3" />
                <BranchPoint vc="3" uspid="114" ordinal="15" path="1" offset="506" offsetend="569" sl="114" fileid="3" />
                <BranchPoint vc="2" uspid="92" ordinal="16" path="0" offset="577" offsetend="582" sl="92" fileid="3" />
                <BranchPoint vc="1" uspid="125" ordinal="18" path="0" offset="613" offsetend="615" sl="125" fileid="3" />
                <BranchPoint vc="1" uspid="125" ordinal="19" path="1" offset="613" offsetend="634" sl="125" fileid="3" />
              </BranchPoints>
              <MethodPoint vc="70" uspid="0" p8:type="SequencePoint" ordinal="0" offset="0" sc="0" sl="34" ec="1" el="140" bec="0" bev="0" fileid="3" xmlns:p8="xsi" />
            </Method>
            <Method cyclomaticComplexity="4" nPathComplexity="4" sequenceCoverage="100" branchCoverage="100" isConstructor="False" isGetter="False" isSetter="False" isStatic="True">
              <Summary numSequencePoints="13" visitedSequencePoints="13" numBranchPoints="4" visitedBranchPoints="4" sequenceCoverage="100" branchCoverage="100" maxCyclomaticComplexity="4" minCyclomaticComplexity="4" visitedClasses="0" numClasses="0" visitedMethods="1" numMethods="1" />
              <MetadataToken />
              <Name>System.Collections.Generic.List`1&lt;System.String&gt; CI.CoverageThresholdChecker::FindCoverageReports(System.String)</Name>
              <FileRef uid="3" />
              <SequencePoints>
                <SequencePoint vc="6" uspid="143" ordinal="0" sl="143" sc="1" el="143" ec="2" bec="0" bev="0" fileid="3" />
                <SequencePoint vc="6" uspid="144" ordinal="1" sl="144" sc="1" el="144" ec="2" bec="0" bev="0" fileid="3" />
                <SequencePoint vc="6" uspid="145" ordinal="2" sl="145" sc="1" el="145" ec="2" bec="0" bev="0" fileid="3" />
                <SequencePoint vc="30" uspid="147" ordinal="3" sl="147" sc="1" el="147" ec="2" bec="2" bev="2" fileid="3" />
                <SequencePoint vc="6" uspid="148" ordinal="4" sl="148" sc="1" el="148" ec="2" bec="0" bev="0" fileid="3" />
                <SequencePoint vc="6" uspid="149" ordinal="5" sl="149" sc="1" el="149" ec="2" bec="0" bev="0" fileid="3" />
                <SequencePoint vc="6" uspid="151" ordinal="6" sl="151" sc="1" el="151" ec="2" bec="2" bev="2" fileid="3" />
                <SequencePoint vc="6" uspid="152" ordinal="7" sl="152" sc="1" el="152" ec="2" bec="0" bev="0" fileid="3" />
                <SequencePoint vc="6" uspid="153" ordinal="8" sl="153" sc="1" el="153" ec="2" bec="0" bev="0" fileid="3" />
                <SequencePoint vc="6" uspid="154" ordinal="9" sl="154" sc="1" el="154" ec="2" bec="0" bev="0" fileid="3" />
                <SequencePoint vc="6" uspid="155" ordinal="10" sl="155" sc="1" el="155" ec="2" bec="0" bev="0" fileid="3" />
                <SequencePoint vc="6" uspid="157" ordinal="11" sl="157" sc="1" el="157" ec="2" bec="0" bev="0" fileid="3" />
                <SequencePoint vc="6" uspid="158" ordinal="12" sl="158" sc="1" el="158" ec="2" bec="0" bev="0" fileid="3" />
              </SequencePoints>
              <BranchPoints>
                <BranchPoint vc="6" uspid="147" ordinal="3" path="1" offset="79" offsetend="26" sl="147" fileid="3" />
                <BranchPoint vc="6" uspid="151" ordinal="0" path="0" offset="57" offsetend="59" sl="151" fileid="3" />
                <BranchPoint vc="6" uspid="151" ordinal="1" path="1" offset="57" offsetend="70" sl="151" fileid="3" />
                <BranchPoint vc="6" uspid="147" ordinal="2" path="0" offset="79" offsetend="81" sl="147" fileid="3" />
              </BranchPoints>
              <MethodPoint vc="13" uspid="0" p8:type="SequencePoint" ordinal="1" offset="1" sc="0" sl="143" ec="1" el="158" bec="0" bev="0" fileid="3" xmlns:p8="xsi" />
            </Method>
            <Method cyclomaticComplexity="28" nPathComplexity="28" sequenceCoverage="93.33" branchCoverage="64.28" isConstructor="False" isGetter="False" isSetter="False" isStatic="True">
              <Summary numSequencePoints="60" visitedSequencePoints="56" numBranchPoints="28" visitedBranchPoints="18" sequenceCoverage="93.33" branchCoverage="64.28" maxCyclomaticComplexity="28" minCyclomaticComplexity="28" visitedClasses="0" numClasses="0" visitedMethods="1" numMethods="1" />
              <MetadataToken />
              <Name>System.Collections.Generic.List`1&lt;CI.ModuleCoverage&gt; CI.CoverageThresholdChecker::GetModuleCoverages(System.Collections.Generic.List`1&lt;System.String&gt;)</Name>
              <FileRef uid="3" />
              <SequencePoints>
                <SequencePoint vc="5" uspid="161" ordinal="0" sl="161" sc="1" el="161" ec="2" bec="0" bev="0" fileid="3" />
                <SequencePoint vc="5" uspid="162" ordinal="1" sl="162" sc="1" el="162" ec="2" bec="0" bev="0" fileid="3" />
                <SequencePoint vc="26" uspid="164" ordinal="2" sl="164" sc="1" el="164" ec="2" bec="2" bev="2" fileid="3" />
                <SequencePoint vc="6" uspid="165" ordinal="3" sl="165" sc="1" el="165" ec="2" bec="0" bev="0" fileid="3" />
                <SequencePoint vc="6" uspid="166" ordinal="4" sl="166" sc="1" el="166" ec="2" bec="0" bev="0" fileid="3" />
                <SequencePoint vc="6" uspid="167" ordinal="5" sl="167" sc="1" el="167" ec="2" bec="0" bev="0" fileid="3" />
                <SequencePoint vc="5" uspid="168" ordinal="6" sl="168" sc="1" el="168" ec="2" bec="2" bev="1" fileid="3" />
                <SequencePoint vc="5" uspid="169" ordinal="7" sl="169" sc="1" el="169" ec="2" bec="4" bev="2" fileid="3" />
                <SequencePoint vc="5" uspid="171" ordinal="8" sl="171" sc="1" el="171" ec="2" bec="0" bev="0" fileid="3" />
                <SequencePoint vc="25" uspid="173" ordinal="9" sl="173" sc="1" el="173" ec="2" bec="2" bev="2" fileid="3" />
                <SequencePoint vc="5" uspid="174" ordinal="10" sl="174" sc="1" el="174" ec="2" bec="0" bev="0" fileid="3" />
                <SequencePoint vc="5" uspid="175" ordinal="11" sl="175" sc="1" el="175" ec="2" bec="0" bev="0" fileid="3" />
                <SequencePoint vc="5" uspid="176" ordinal="12" sl="176" sc="1" el="176" ec="2" bec="4" bev="2" fileid="3" />
                <SequencePoint vc="5" uspid="179" ordinal="13" sl="179" sc="1" el="179" ec="2" bec="4" bev="2" fileid="3" />
                <SequencePoint vc="5" uspid="180" ordinal="14" sl="180" sc="1" el="180" ec="2" bec="0" bev="0" fileid="3" />
                <SequencePoint vc="0" uspid="181" ordinal="15" sl="181" sc="1" el="181" ec="2" bec="0" bev="0" fileid="3" />
                <SequencePoint vc="0" uspid="182" ordinal="16" sl="182" sc="1" el="182" ec="2" bec="0" bev="0" fileid="3" />
                <SequencePoint vc="5" uspid="185" ordinal="17" sl="185" sc="1" el="185" ec="2" bec="0" bev="0" fileid="3" />
                <SequencePoint vc="5" uspid="186" ordinal="18" sl="186" sc="1" el="186" ec="2" bec="0" bev="0" fileid="3" />
                <SequencePoint vc="5" uspid="187" ordinal="19" sl="187" sc="1" el="187" ec="2" bec="0" bev="0" fileid="3" />
                <SequencePoint vc="5" uspid="188" ordinal="20" sl="188" sc="1" el="188" ec="2" bec="0" bev="0" fileid="3" />
                <SequencePoint vc="5" uspid="189" ordinal="21" sl="189" sc="1" el="189" ec="2" bec="0" bev="0" fileid="3" />
                <SequencePoint vc="5" uspid="190" ordinal="22" sl="190" sc="1" el="190" ec="2" bec="0" bev="0" fileid="3" />
                <SequencePoint vc="5" uspid="192" ordinal="23" sl="192" sc="1" el="192" ec="2" bec="0" bev="0" fileid="3" />
                <SequencePoint vc="25" uspid="194" ordinal="24" sl="194" sc="1" el="194" ec="2" bec="2" bev="2" fileid="3" />
                <SequencePoint vc="5" uspid="195" ordinal="25" sl="195" sc="1" el="195" ec="2" bec="0" bev="0" fileid="3" />
                <SequencePoint vc="5" uspid="196" ordinal="26" sl="196" sc="1" el="196" ec="2" bec="0" bev="0" fileid="3" />
                <SequencePoint vc="5" uspid="198" ordinal="27" sl="198" sc="1" el="198" ec="2" bec="2" bev="1" fileid="3" />
                <SequencePoint vc="0" uspid="199" ordinal="28" sl="199" sc="1" el="199" ec="2" bec="0" bev="0" fileid="3" />
                <SequencePoint vc="0" uspid="200" ordinal="29" sl="200" sc="1" el="200" ec="2" bec="0" bev="0" fileid="3" />
                <SequencePoint vc="5" uspid="203" ordinal="30" sl="203" sc="1" el="203" ec="2" bec="0" bev="0" fileid="3" />
                <SequencePoint vc="5" uspid="204" ordinal="31" sl="204" sc="1" el="204" ec="2" bec="0" bev="0" fileid="3" />
                <SequencePoint vc="5" uspid="205" ordinal="32" sl="205" sc="1" el="205" ec="2" bec="0" bev="0" fileid="3" />
                <SequencePoint vc="5" uspid="206" ordinal="33" sl="206" sc="1" el="206" ec="2" bec="0" bev="0" fileid="3" />
                <SequencePoint vc="5" uspid="207" ordinal="34" sl="207" sc="1" el="207" ec="2" bec="0" bev="0" fileid="3" />
                <SequencePoint vc="5" uspid="208" ordinal="35" sl="208" sc="1" el="208" ec="2" bec="0" bev="0" fileid="3" />
                <SequencePoint vc="5" uspid="209" ordinal="36" sl="209" sc="1" el="209" ec="2" bec="0" bev="0" fileid="3" />
                <SequencePoint vc="5" uspid="212" ordinal="37" sl="212" sc="1" el="212" ec="2" bec="2" bev="2" fileid="3" />
                <SequencePoint vc="4" uspid="213" ordinal="38" sl="213" sc="1" el="213" ec="2" bec="0" bev="0" fileid="3" />
                <SequencePoint vc="4" uspid="214" ordinal="39" sl="214" sc="1" el="214" ec="2" bec="4" bev="2" fileid="3" />
                <SequencePoint vc="4" uspid="215" ordinal="40" sl="215" sc="1" el="215" ec="2" bec="0" bev="0" fileid="3" />
                <SequencePoint vc="4" uspid="216" ordinal="41" sl="216" sc="1" el="216" ec="2" bec="0" bev="0" fileid="3" />
                <SequencePoint vc="4" uspid="217" ordinal="42" sl="217" sc="1" el="217" ec="2" bec="0" bev="0" fileid="3" />
                <SequencePoint vc="4" uspid="218" ordinal="43" sl="218" sc="1" el="218" ec="2" bec="0" bev="0" fileid="3" />
                <SequencePoint vc="4" uspid="219" ordinal="44" sl="219" sc="1" el="219" ec="2" bec="0" bev="0" fileid="3" />
                <SequencePoint vc="4" uspid="220" ordinal="45" sl="220" sc="1" el="220" ec="2" bec="0" bev="0" fileid="3" />
                <SequencePoint vc="4" uspid="221" ordinal="46" sl="221" sc="1" el="221" ec="2" bec="0" bev="0" fileid="3" />
                <SequencePoint vc="4" uspid="222" ordinal="47" sl="222" sc="1" el="222" ec="2" bec="0" bev="0" fileid="3" />
                <SequencePoint vc="4" uspid="223" ordinal="48" sl="223" sc="1" el="223" ec="2" bec="0" bev="0" fileid="3" />
                <SequencePoint vc="4" uspid="224" ordinal="49" sl="224" sc="1" el="224" ec="2" bec="0" bev="0" fileid="3" />
                <SequencePoint vc="4" uspid="225" ordinal="50" sl="225" sc="1" el="225" ec="2" bec="0" bev="0" fileid="3" />
                <SequencePoint vc="4" uspid="226" ordinal="51" sl="226" sc="1" el="226" ec="2" bec="0" bev="0" fileid="3" />
                <SequencePoint vc="4" uspid="227" ordinal="52" sl="227" sc="1" el="227" ec="2" bec="0" bev="0" fileid="3" />
                <SequencePoint vc="4" uspid="228" ordinal="53" sl="228" sc="1" el="228" ec="2" bec="0" bev="0" fileid="3" />
                <SequencePoint vc="4" uspid="229" ordinal="54" sl="229" sc="1" el="229" ec="2" bec="0" bev="0" fileid="3" />
                <SequencePoint vc="4" uspid="230" ordinal="55" sl="230" sc="1" el="230" ec="2" bec="0" bev="0" fileid="3" />
                <SequencePoint vc="5" uspid="231" ordinal="56" sl="231" sc="1" el="231" ec="2" bec="0" bev="0" fileid="3" />
                <SequencePoint vc="5" uspid="232" ordinal="57" sl="232" sc="1" el="232" ec="2" bec="0" bev="0" fileid="3" />
                <SequencePoint vc="4" uspid="234" ordinal="58" sl="234" sc="1" el="234" ec="2" bec="0" bev="0" fileid="3" />
                <SequencePoint vc="4" uspid="235" ordinal="59" sl="235" sc="1" el="235" ec="2" bec="0" bev="0" fileid="3" />
              </SequencePoints>
              <BranchPoints>
                <BranchPoint vc="6" uspid="164" ordinal="27" path="1" offset="880" offsetend="20" sl="164" fileid="3" />
                <BranchPoint vc="0" uspid="168" ordinal="0" path="0" offset="52" offsetend="54" sl="168" fileid="3" />
                <BranchPoint vc="5" uspid="168" ordinal="1" path="1" offset="52" offsetend="58" sl="168" fileid="3" />
                <BranchPoint vc="0" uspid="169" ordinal="2" path="0" offset="67" offsetend="69" sl="169" fileid="3" />
                <BranchPoint vc="5" uspid="169" ordinal="3" path="1" offset="67" offsetend="72" sl="169" fileid="3" />
                <BranchPoint vc="0" uspid="169" ordinal="4" path="0" offset="80" offsetend="82" sl="169" fileid="3" />
                <BranchPoint vc="5" uspid="169" ordinal="5" path="1" offset="80" offsetend="88" sl="169" fileid="3" />
                <BranchPoint vc="5" uspid="173" ordinal="25" path="1" offset="852" offsetend="126" sl="173" fileid="3" />
                <BranchPoint vc="0" uspid="176" ordinal="6" path="0" offset="159" offsetend="161" sl="176" fileid="3" />
                <BranchPoint vc="5" uspid="176" ordinal="7" path="1" offset="159" offsetend="164" sl="176" fileid="3" />
                <BranchPoint vc="0" uspid="176" ordinal="8" path="0" offset="172" offsetend="174" sl="176" fileid="3" />
                <BranchPoint vc="5" uspid="176" ordinal="9" path="1" offset="172" offsetend="180" sl="176" fileid="3" />
                <BranchPoint vc="5" uspid="179" ordinal="10" path="0" offset="195" offsetend="197" sl="179" fileid="3" />
                <BranchPoint vc="0" uspid="179" ordinal="11" path="1" offset="195" offsetend="212" sl="179" fileid="3" />
                <BranchPoint vc="0" uspid="179" ordinal="12" path="0" offset="217" offsetend="219" sl="179" fileid="3" />
                <BranchPoint vc="5" uspid="179" ordinal="13" path="1" offset="217" offsetend="225" sl="179" fileid="3" />
                <BranchPoint vc="5" uspid="194" ordinal="17" path="1" offset="599" offsetend="327" sl="194" fileid="3" />
                <BranchPoint vc="0" uspid="198" ordinal="14" path="0" offset="367" offsetend="369" sl="198" fileid="3" />
                <BranchPoint vc="5" uspid="198" ordinal="15" path="1" offset="367" offsetend="375" sl="198" fileid="3" />
                <BranchPoint vc="5" uspid="194" ordinal="16" path="0" offset="599" offsetend="604" sl="194" fileid="3" />
                <BranchPoint vc="4" uspid="212" ordinal="18" path="0" offset="636" offsetend="641" sl="212" fileid="3" />
                <BranchPoint vc="4" uspid="214" ordinal="20" path="0" offset="751" offsetend="753" sl="214" fileid="3" />
                <BranchPoint vc="0" uspid="214" ordinal="21" path="1" offset="751" offsetend="770" sl="214" fileid="3" />
                <BranchPoint vc="4" uspid="214" ordinal="22" path="0" offset="797" offsetend="799" sl="214" fileid="3" />
                <BranchPoint vc="0" uspid="214" ordinal="23" path="1" offset="797" offsetend="816" sl="214" fileid="3" />
                <BranchPoint vc="5" uspid="212" ordinal="19" path="1" offset="636" offsetend="844" sl="212" fileid="3" />
                <BranchPoint vc="5" uspid="173" ordinal="24" path="0" offset="852" offsetend="857" sl="173" fileid="3" />
                <BranchPoint vc="4" uspid="164" ordinal="26" path="0" offset="880" offsetend="885" sl="164" fileid="3" />
              </BranchPoints>
              <MethodPoint vc="56" uspid="0" p8:type="SequencePoint" ordinal="2" offset="2" sc="0" sl="161" ec="1" el="235" bec="0" bev="0" fileid="3" xmlns:p8="xsi" />
            </Method>
            <Method cyclomaticComplexity="8" nPathComplexity="8" sequenceCoverage="100" branchCoverage="62.5" isConstructor="False" isGetter="False" isSetter="False" isStatic="True">
              <Summary numSequencePoints="23" visitedSequencePoints="23" numBranchPoints="8" visitedBranchPoints="5" sequenceCoverage="100" branchCoverage="62.5" maxCyclomaticComplexity="8" minCyclomaticComplexity="8" visitedClasses="0" numClasses="0" visitedMethods="1" numMethods="1" />
              <MetadataToken />
              <Name>CI.CoverageTotals CI.CoverageThresholdChecker::CalculateOverallCoverage(System.Collections.Generic.List`1&lt;CI.ModuleCoverage&gt;)</Name>
              <FileRef uid="3" />
              <SequencePoints>
                <SequencePoint vc="3" uspid="238" ordinal="0" sl="238" sc="1" el="238" ec="2" bec="0" bev="0" fileid="3" />
                <SequencePoint vc="3" uspid="239" ordinal="1" sl="239" sc="1" el="239" ec="2" bec="0" bev="0" fileid="3" />
                <SequencePoint vc="3" uspid="240" ordinal="2" sl="240" sc="1" el="240" ec="2" bec="0" bev="0" fileid="3" />
                <SequencePoint vc="3" uspid="241" ordinal="3" sl="241" sc="1" el="241" ec="2" bec="0" bev="0" fileid="3" />
                <SequencePoint vc="3" uspid="242" ordinal="4" sl="242" sc="1" el="242" ec="2" bec="0" bev="0" fileid="3" />
                <SequencePoint vc="3" uspid="243" ordinal="5" sl="243" sc="1" el="243" ec="2" bec="0" bev="0" fileid="3" />
                <SequencePoint vc="3" uspid="244" ordinal="6" sl="244" sc="1" el="244" ec="2" bec="0" bev="0" fileid="3" />
                <SequencePoint vc="17" uspid="246" ordinal="7" sl="246" sc="1" el="246" ec="2" bec="2" bev="2" fileid="3" />
                <SequencePoint vc="4" uspid="247" ordinal="8" sl="247" sc="1" el="247" ec="2" bec="0" bev="0" fileid="3" />
                <SequencePoint vc="4" uspid="248" ordinal="9" sl="248" sc="1" el="248" ec="2" bec="0" bev="0" fileid="3" />
                <SequencePoint vc="4" uspid="249" ordinal="10" sl="249" sc="1" el="249" ec="2" bec="0" bev="0" fileid="3" />
                <SequencePoint vc="4" uspid="250" ordinal="11" sl="250" sc="1" el="250" ec="2" bec="0" bev="0" fileid="3" />
                <SequencePoint vc="4" uspid="251" ordinal="12" sl="251" sc="1" el="251" ec="2" bec="0" bev="0" fileid="3" />
                <SequencePoint vc="4" uspid="252" ordinal="13" sl="252" sc="1" el="252" ec="2" bec="0" bev="0" fileid="3" />
                <SequencePoint vc="4" uspid="253" ordinal="14" sl="253" sc="1" el="253" ec="2" bec="0" bev="0" fileid="3" />
                <SequencePoint vc="4" uspid="254" ordinal="15" sl="254" sc="1" el="254" ec="2" bec="0" bev="0" fileid="3" />
                <SequencePoint vc="3" uspid="256" ordinal="16" sl="256" sc="1" el="256" ec="2" bec="6" bev="3" fileid="3" />
                <SequencePoint vc="3" uspid="257" ordinal="17" sl="257" sc="1" el="257" ec="2" bec="0" bev="0" fileid="3" />
                <SequencePoint vc="3" uspid="258" ordinal="18" sl="258" sc="1" el="258" ec="2" bec="0" bev="0" fileid="3" />
                <SequencePoint vc="3" uspid="259" ordinal="19" sl="259" sc="1" el="259" ec="2" bec="0" bev="0" fileid="3" />
                <SequencePoint vc="3" uspid="260" ordinal="20" sl="260" sc="1" el="260" ec="2" bec="0" bev="0" fileid="3" />
                <SequencePoint vc="3" uspid="261" ordinal="21" sl="261" sc="1" el="261" ec="2" bec="0" bev="0" fileid="3" />
                <SequencePoint vc="3" uspid="262" ordinal="22" sl="262" sc="1" el="262" ec="2" bec="0" bev="0" fileid="3" />
              </SequencePoints>
              <BranchPoints>
                <BranchPoint vc="4" uspid="246" ordinal="1" path="1" offset="156" offsetend="74" sl="246" fileid="3" />
                <BranchPoint vc="3" uspid="246" ordinal="0" path="0" offset="156" offsetend="158" sl="246" fileid="3" />
                <BranchPoint vc="3" uspid="256" ordinal="2" path="0" offset="191" offsetend="193" sl="256" fileid="3" />
                <BranchPoint vc="0" uspid="256" ordinal="3" path="1" offset="191" offsetend="208" sl="256" fileid="3" />
                <BranchPoint vc="3" uspid="256" ordinal="4" path="0" offset="234" offsetend="236" sl="256" fileid="3" />
                <BranchPoint vc="0" uspid="256" ordinal="5" path="1" offset="234" offsetend="251" sl="256" fileid="3" />
                <BranchPoint vc="3" uspid="256" ordinal="6" path="0" offset="278" offsetend="280" sl="256" fileid="3" />
                <BranchPoint vc="0" uspid="256" ordinal="7" path="1" offset="278" offsetend="297" sl="256" fileid="3" />
              </BranchPoints>
              <MethodPoint vc="23" uspid="0" p8:type="SequencePoint" ordinal="3" offset="3" sc="0" sl="238" ec="1" el="262" bec="0" bev="0" fileid="3" xmlns:p8="xsi" />
            </Method>
            <Method cyclomaticComplexity="1" nPathComplexity="1" sequenceCoverage="0" branchCoverage="100" isConstructor="True" isGetter="False" isSetter="False" isStatic="True">
              <Summary numSequencePoints="3" visitedSequencePoints="0" numBranchPoints="0" visitedBranchPoints="0" sequenceCoverage="0" branchCoverage="100" maxCyclomaticComplexity="1" minCyclomaticComplexity="1" visitedClasses="0" numClasses="0" visitedMethods="0" numMethods="1" />
              <MetadataToken />
              <Name>System.Void CI.CoverageThresholdChecker::.ctor()</Name>
              <FileRef uid="3" />
              <SequencePoints>
                <SequencePoint vc="0" uspid="24" ordinal="0" sl="24" sc="1" el="24" ec="2" bec="0" bev="0" fileid="3" />
                <SequencePoint vc="0" uspid="25" ordinal="1" sl="25" sc="1" el="25" ec="2" bec="0" bev="0" fileid="3" />
                <SequencePoint vc="0" uspid="26" ordinal="2" sl="26" sc="1" el="26" ec="2" bec="0" bev="0" fileid="3" />
              </SequencePoints>
              <BranchPoints />
              <MethodPoint vc="0" uspid="0" p8:type="SequencePoint" ordinal="4" offset="4" sc="0" sl="24" ec="1" el="26" bec="0" bev="0" fileid="3" xmlns:p8="xsi" />
            </Method>
            <Method cyclomaticComplexity="1" nPathComplexity="1" sequenceCoverage="100" branchCoverage="100" isConstructor="True" isGetter="False" isSetter="False" isStatic="True">
              <Summary numSequencePoints="4" visitedSequencePoints="4" numBranchPoints="0" visitedBranchPoints="0" sequenceCoverage="100" branchCoverage="100" maxCyclomaticComplexity="1" minCyclomaticComplexity="1" visitedClasses="0" numClasses="0" visitedMethods="1" numMethods="1" />
              <MetadataToken />
              <Name>System.Void CI.CoverageThresholdChecker::.ctor(CI.IFileSystem)</Name>
              <FileRef uid="3" />
              <SequencePoints>
                <SequencePoint vc="6" uspid="28" ordinal="0" sl="28" sc="1" el="28" ec="2" bec="0" bev="0" fileid="3" />
                <SequencePoint vc="6" uspid="29" ordinal="1" sl="29" sc="1" el="29" ec="2" bec="0" bev="0" fileid="3" />
                <SequencePoint vc="6" uspid="30" ordinal="2" sl="30" sc="1" el="30" ec="2" bec="0" bev="0" fileid="3" />
                <SequencePoint vc="6" uspid="31" ordinal="3" sl="31" sc="1" el="31" ec="2" bec="0" bev="0" fileid="3" />
              </SequencePoints>
              <BranchPoints />
              <MethodPoint vc="4" uspid="0" p8:type="SequencePoint" ordinal="5" offset="5" sc="0" sl="28" ec="1" el="31" bec="0" bev="0" fileid="3" xmlns:p8="xsi" />
            </Method>
          </Methods>
        </Class>
        <Class>
          <Summary numSequencePoints="8" visitedSequencePoints="8" numBranchPoints="0" visitedBranchPoints="0" sequenceCoverage="100" branchCoverage="100" maxCyclomaticComplexity="1" minCyclomaticComplexity="1" visitedClasses="1" numClasses="1" visitedMethods="8" numMethods="8" />
          <FullName>CI.ModuleCoverage</FullName>
          <Methods>
            <Method cyclomaticComplexity="1" nPathComplexity="1" sequenceCoverage="100" branchCoverage="100" isConstructor="False" isGetter="True" isSetter="False" isStatic="True">
              <Summary numSequencePoints="1" visitedSequencePoints="1" numBranchPoints="0" visitedBranchPoints="0" sequenceCoverage="100" branchCoverage="100" maxCyclomaticComplexity="1" minCyclomaticComplexity="1" visitedClasses="0" numClasses="0" visitedMethods="1" numMethods="1" />
              <MetadataToken />
              <Name>System.String CI.ModuleCoverage::get_ModuleName()</Name>
              <FileRef uid="3" />
              <SequencePoints>
                <SequencePoint vc="11" uspid="267" ordinal="0" sl="267" sc="1" el="267" ec="2" bec="0" bev="0" fileid="3" />
              </SequencePoints>
              <BranchPoints />
              <MethodPoint vc="1" uspid="0" p8:type="SequencePoint" ordinal="0" offset="0" sc="0" sl="267" ec="1" el="267" bec="0" bev="0" fileid="3" xmlns:p8="xsi" />
            </Method>
            <Method cyclomaticComplexity="1" nPathComplexity="1" sequenceCoverage="100" branchCoverage="100" isConstructor="False" isGetter="True" isSetter="False" isStatic="True">
              <Summary numSequencePoints="1" visitedSequencePoints="1" numBranchPoints="0" visitedBranchPoints="0" sequenceCoverage="100" branchCoverage="100" maxCyclomaticComplexity="1" minCyclomaticComplexity="1" visitedClasses="0" numClasses="0" visitedMethods="1" numMethods="1" />
              <MetadataToken />
              <Name>System.Double CI.ModuleCoverage::get_LineVisited()</Name>
              <FileRef uid="3" />
              <SequencePoints>
                <SequencePoint vc="8" uspid="268" ordinal="0" sl="268" sc="1" el="268" ec="2" bec="0" bev="0" fileid="3" />
              </SequencePoints>
              <BranchPoints />
              <MethodPoint vc="1" uspid="0" p8:type="SequencePoint" ordinal="1" offset="1" sc="0" sl="268" ec="1" el="268" bec="0" bev="0" fileid="3" xmlns:p8="xsi" />
            </Method>
            <Method cyclomaticComplexity="1" nPathComplexity="1" sequenceCoverage="100" branchCoverage="100" isConstructor="False" isGetter="True" isSetter="False" isStatic="True">
              <Summary numSequencePoints="1" visitedSequencePoints="1" numBranchPoints="0" visitedBranchPoints="0" sequenceCoverage="100" branchCoverage="100" maxCyclomaticComplexity="1" minCyclomaticComplexity="1" visitedClasses="0" numClasses="0" visitedMethods="1" numMethods="1" />
              <MetadataToken />
              <Name>System.Double CI.ModuleCoverage::get_LineCovered()</Name>
              <FileRef uid="3" />
              <SequencePoints>
                <SequencePoint vc="8" uspid="269" ordinal="0" sl="269" sc="1" el="269" ec="2" bec="0" bev="0" fileid="3" />
              </SequencePoints>
              <BranchPoints />
              <MethodPoint vc="1" uspid="0" p8:type="SequencePoint" ordinal="2" offset="2" sc="0" sl="269" ec="1" el="269" bec="0" bev="0" fileid="3" xmlns:p8="xsi" />
            </Method>
            <Method cyclomaticComplexity="1" nPathComplexity="1" sequenceCoverage="100" branchCoverage="100" isConstructor="False" isGetter="True" isSetter="False" isStatic="True">
              <Summary numSequencePoints="1" visitedSequencePoints="1" numBranchPoints="0" visitedBranchPoints="0" sequenceCoverage="100" branchCoverage="100" maxCyclomaticComplexity="1" minCyclomaticComplexity="1" visitedClasses="0" numClasses="0" visitedMethods="1" numMethods="1" />
              <MetadataToken />
              <Name>System.Double CI.ModuleCoverage::get_BranchVisited()</Name>
              <FileRef uid="3" />
              <SequencePoints>
                <SequencePoint vc="8" uspid="270" ordinal="0" sl="270" sc="1" el="270" ec="2" bec="0" bev="0" fileid="3" />
              </SequencePoints>
              <BranchPoints />
              <MethodPoint vc="1" uspid="0" p8:type="SequencePoint" ordinal="3" offset="3" sc="0" sl="270" ec="1" el="270" bec="0" bev="0" fileid="3" xmlns:p8="xsi" />
            </Method>
            <Method cyclomaticComplexity="1" nPathComplexity="1" sequenceCoverage="100" branchCoverage="100" isConstructor="False" isGetter="True" isSetter="False" isStatic="True">
              <Summary numSequencePoints="1" visitedSequencePoints="1" numBranchPoints="0" visitedBranchPoints="0" sequenceCoverage="100" branchCoverage="100" maxCyclomaticComplexity="1" minCyclomaticComplexity="1" visitedClasses="0" numClasses="0" visitedMethods="1" numMethods="1" />
              <MetadataToken />
              <Name>System.Double CI.ModuleCoverage::get_BranchCovered()</Name>
              <FileRef uid="3" />
              <SequencePoints>
                <SequencePoint vc="8" uspid="271" ordinal="0" sl="271" sc="1" el="271" ec="2" bec="0" bev="0" fileid="3" />
              </SequencePoints>
              <BranchPoints />
              <MethodPoint vc="1" uspid="0" p8:type="SequencePoint" ordinal="4" offset="4" sc="0" sl="271" ec="1" el="271" bec="0" bev="0" fileid="3" xmlns:p8="xsi" />
            </Method>
            <Method cyclomaticComplexity="1" nPathComplexity="1" sequenceCoverage="100" branchCoverage="100" isConstructor="False" isGetter="True" isSetter="False" isStatic="True">
              <Summary numSequencePoints="1" visitedSequencePoints="1" numBranchPoints="0" visitedBranchPoints="0" sequenceCoverage="100" branchCoverage="100" maxCyclomaticComplexity="1" minCyclomaticComplexity="1" visitedClasses="0" numClasses="0" visitedMethods="1" numMethods="1" />
              <MetadataToken />
              <Name>System.Double CI.ModuleCoverage::get_MethodVisited()</Name>
              <FileRef uid="3" />
              <SequencePoints>
                <SequencePoint vc="8" uspid="272" ordinal="0" sl="272" sc="1" el="272" ec="2" bec="0" bev="0" fileid="3" />
              </SequencePoints>
              <BranchPoints />
              <MethodPoint vc="1" uspid="0" p8:type="SequencePoint" ordinal="5" offset="5" sc="0" sl="272" ec="1" el="272" bec="0" bev="0" fileid="3" xmlns:p8="xsi" />
            </Method>
            <Method cyclomaticComplexity="1" nPathComplexity="1" sequenceCoverage="100" branchCoverage="100" isConstructor="False" isGetter="True" isSetter="False" isStatic="True">
              <Summary numSequencePoints="1" visitedSequencePoints="1" numBranchPoints="0" visitedBranchPoints="0" sequenceCoverage="100" branchCoverage="100" maxCyclomaticComplexity="1" minCyclomaticComplexity="1" visitedClasses="0" numClasses="0" visitedMethods="1" numMethods="1" />
              <MetadataToken />
              <Name>System.Double CI.ModuleCoverage::get_MethodCovered()</Name>
              <FileRef uid="3" />
              <SequencePoints>
                <SequencePoint vc="8" uspid="273" ordinal="0" sl="273" sc="1" el="273" ec="2" bec="0" bev="0" fileid="3" />
              </SequencePoints>
              <BranchPoints />
              <MethodPoint vc="1" uspid="0" p8:type="SequencePoint" ordinal="6" offset="6" sc="0" sl="273" ec="1" el="273" bec="0" bev="0" fileid="3" xmlns:p8="xsi" />
            </Method>
            <Method cyclomaticComplexity="1" nPathComplexity="1" sequenceCoverage="100" branchCoverage="100" isConstructor="False" isGetter="True" isSetter="False" isStatic="True">
              <Summary numSequencePoints="1" visitedSequencePoints="1" numBranchPoints="0" visitedBranchPoints="0" sequenceCoverage="100" branchCoverage="100" maxCyclomaticComplexity="1" minCyclomaticComplexity="1" visitedClasses="0" numClasses="0" visitedMethods="1" numMethods="1" />
              <MetadataToken />
              <Name>CI.CoverageTotals CI.ModuleCoverage::get_Totals()</Name>
              <FileRef uid="3" />
              <SequencePoints>
                <SequencePoint vc="20" uspid="274" ordinal="0" sl="274" sc="1" el="274" ec="2" bec="0" bev="0" fileid="3" />
              </SequencePoints>
              <BranchPoints />
              <MethodPoint vc="1" uspid="0" p8:type="SequencePoint" ordinal="7" offset="7" sc="0" sl="274" ec="1" el="274" bec="0" bev="0" fileid="3" xmlns:p8="xsi" />
            </Method>
          </Methods>
        </Class>
        <Class>
          <Summary numSequencePoints="3" visitedSequencePoints="3" numBranchPoints="0" visitedBranchPoints="0" sequenceCoverage="100" branchCoverage="100" maxCyclomaticComplexity="1" minCyclomaticComplexity="1" visitedClasses="1" numClasses="1" visitedMethods="3" numMethods="3" />
          <FullName>CI.CoverageTotals</FullName>
          <Methods>
            <Method cyclomaticComplexity="1" nPathComplexity="1" sequenceCoverage="100" branchCoverage="100" isConstructor="False" isGetter="True" isSetter="False" isStatic="True">
              <Summary numSequencePoints="1" visitedSequencePoints="1" numBranchPoints="0" visitedBranchPoints="0" sequenceCoverage="100" branchCoverage="100" maxCyclomaticComplexity="1" minCyclomaticComplexity="1" visitedClasses="0" numClasses="0" visitedMethods="1" numMethods="1" />
              <MetadataToken />
              <Name>System.Double CI.CoverageTotals::get_LineCoverage()</Name>
              <FileRef uid="3" />
              <SequencePoints>
                <SequencePoint vc="14" uspid="279" ordinal="0" sl="279" sc="1" el="279" ec="2" bec="0" bev="0" fileid="3" />
              </SequencePoints>
              <BranchPoints />
              <MethodPoint vc="1" uspid="0" p8:type="SequencePoint" ordinal="0" offset="0" sc="0" sl="279" ec="1" el="279" bec="0" bev="0" fileid="3" xmlns:p8="xsi" />
            </Method>
            <Method cyclomaticComplexity="1" nPathComplexity="1" sequenceCoverage="100" branchCoverage="100" isConstructor="False" isGetter="True" isSetter="False" isStatic="True">
              <Summary numSequencePoints="1" visitedSequencePoints="1" numBranchPoints="0" visitedBranchPoints="0" sequenceCoverage="100" branchCoverage="100" maxCyclomaticComplexity="1" minCyclomaticComplexity="1" visitedClasses="0" numClasses="0" visitedMethods="1" numMethods="1" />
              <MetadataToken />
              <Name>System.Double CI.CoverageTotals::get_BranchCoverage()</Name>
              <FileRef uid="3" />
              <SequencePoints>
                <SequencePoint vc="14" uspid="280" ordinal="0" sl="280" sc="1" el="280" ec="2" bec="0" bev="0" fileid="3" />
              </SequencePoints>
              <BranchPoints />
              <MethodPoint vc="1" uspid="0" p8:type="SequencePoint" ordinal="1" offset="1" sc="0" sl="280" ec="1" el="280" bec="0" bev="0" fileid="3" xmlns:p8="xsi" />
            </Method>
            <Method cyclomaticComplexity="1" nPathComplexity="1" sequenceCoverage="100" branchCoverage="100" isConstructor="False" isGetter="True" isSetter="False" isStatic="True">
              <Summary numSequencePoints="1" visitedSequencePoints="1" numBranchPoints="0" visitedBranchPoints="0" sequenceCoverage="100" branchCoverage="100" maxCyclomaticComplexity="1" minCyclomaticComplexity="1" visitedClasses="0" numClasses="0" visitedMethods="1" numMethods="1" />
              <MetadataToken />
              <Name>System.Double CI.CoverageTotals::get_MethodCoverage()</Name>
              <FileRef uid="3" />
              <SequencePoints>
                <SequencePoint vc="14" uspid="281" ordinal="0" sl="281" sc="1" el="281" ec="2" bec="0" bev="0" fileid="3" />
              </SequencePoints>
              <BranchPoints />
              <MethodPoint vc="1" uspid="0" p8:type="SequencePoint" ordinal="2" offset="2" sc="0" sl="281" ec="1" el="281" bec="0" bev="0" fileid="3" xmlns:p8="xsi" />
            </Method>
          </Methods>
        </Class>
        <Class>
          <Summary numSequencePoints="45" visitedSequencePoints="36" numBranchPoints="14" visitedBranchPoints="10" sequenceCoverage="80" branchCoverage="71.42" maxCyclomaticComplexity="14" minCyclomaticComplexity="14" visitedClasses="1" numClasses="1" visitedMethods="1" numMethods="1" />
          <FullName>CI.ProcessRunner</FullName>
          <Methods>
            <Method cyclomaticComplexity="14" nPathComplexity="14" sequenceCoverage="80" branchCoverage="71.42" isConstructor="False" isGetter="False" isSetter="False" isStatic="True">
              <Summary numSequencePoints="45" visitedSequencePoints="36" numBranchPoints="14" visitedBranchPoints="10" sequenceCoverage="80" branchCoverage="71.42" maxCyclomaticComplexity="14" minCyclomaticComplexity="14" visitedClasses="0" numClasses="0" visitedMethods="1" numMethods="1" />
              <MetadataToken />
              <Name>System.Int32 CI.ProcessRunner::Run(System.String,System.String,System.String,System.Func`2&lt;System.String,System.Boolean&gt;)</Name>
              <FileRef uid="4" />
              <SequencePoints>
                <SequencePoint vc="7" uspid="20" ordinal="0" sl="20" sc="1" el="20" ec="2" bec="0" bev="0" fileid="4" />
                <SequencePoint vc="7" uspid="21" ordinal="1" sl="21" sc="1" el="21" ec="2" bec="0" bev="0" fileid="4" />
                <SequencePoint vc="7" uspid="22" ordinal="2" sl="22" sc="1" el="22" ec="2" bec="0" bev="0" fileid="4" />
                <SequencePoint vc="7" uspid="23" ordinal="3" sl="23" sc="1" el="23" ec="2" bec="0" bev="0" fileid="4" />
                <SequencePoint vc="7" uspid="24" ordinal="4" sl="24" sc="1" el="24" ec="2" bec="0" bev="0" fileid="4" />
                <SequencePoint vc="7" uspid="25" ordinal="5" sl="25" sc="1" el="25" ec="2" bec="0" bev="0" fileid="4" />
                <SequencePoint vc="7" uspid="26" ordinal="6" sl="26" sc="1" el="26" ec="2" bec="0" bev="0" fileid="4" />
                <SequencePoint vc="7" uspid="27" ordinal="7" sl="27" sc="1" el="27" ec="2" bec="0" bev="0" fileid="4" />
                <SequencePoint vc="7" uspid="28" ordinal="8" sl="28" sc="1" el="28" ec="2" bec="0" bev="0" fileid="4" />
                <SequencePoint vc="7" uspid="29" ordinal="9" sl="29" sc="1" el="29" ec="2" bec="0" bev="0" fileid="4" />
                <SequencePoint vc="7" uspid="31" ordinal="10" sl="31" sc="1" el="31" ec="2" bec="2" bev="2" fileid="4" />
                <SequencePoint vc="1" uspid="32" ordinal="11" sl="32" sc="1" el="32" ec="2" bec="0" bev="0" fileid="4" />
                <SequencePoint vc="1" uspid="33" ordinal="12" sl="33" sc="1" el="33" ec="2" bec="0" bev="0" fileid="4" />
                <SequencePoint vc="1" uspid="34" ordinal="13" sl="34" sc="1" el="34" ec="2" bec="0" bev="0" fileid="4" />
                <SequencePoint vc="7" uspid="37" ordinal="14" sl="37" sc="1" el="37" ec="2" bec="0" bev="0" fileid="4" />
                <SequencePoint vc="7" uspid="38" ordinal="15" sl="38" sc="1" el="38" ec="2" bec="0" bev="0" fileid="4" />
                <SequencePoint vc="7" uspid="40" ordinal="16" sl="40" sc="1" el="40" ec="2" bec="0" bev="0" fileid="4" />
                <SequencePoint vc="12" uspid="41" ordinal="17" sl="41" sc="1" el="41" ec="2" bec="0" bev="0" fileid="4" />
                <SequencePoint vc="12" uspid="42" ordinal="18" sl="42" sc="1" el="42" ec="2" bec="6" bev="6" fileid="4" />
                <SequencePoint vc="6" uspid="43" ordinal="19" sl="43" sc="1" el="43" ec="2" bec="0" bev="0" fileid="4" />
                <SequencePoint vc="6" uspid="44" ordinal="20" sl="44" sc="1" el="44" ec="2" bec="0" bev="0" fileid="4" />
                <SequencePoint vc="6" uspid="45" ordinal="21" sl="45" sc="1" el="45" ec="2" bec="0" bev="0" fileid="4" />
                <SequencePoint vc="19" uspid="46" ordinal="22" sl="46" sc="1" el="46" ec="2" bec="0" bev="0" fileid="4" />
                <SequencePoint vc="7" uspid="48" ordinal="23" sl="48" sc="1" el="48" ec="2" bec="0" bev="0" fileid="4" />
                <SequencePoint vc="6" uspid="49" ordinal="24" sl="49" sc="1" el="49" ec="2" bec="0" bev="0" fileid="4" />
                <SequencePoint vc="6" uspid="50" ordinal="25" sl="50" sc="1" el="50" ec="2" bec="6" bev="2" fileid="4" />
                <SequencePoint vc="0" uspid="51" ordinal="26" sl="51" sc="1" el="51" ec="2" bec="0" bev="0" fileid="4" />
                <SequencePoint vc="0" uspid="52" ordinal="27" sl="52" sc="1" el="52" ec="2" bec="0" bev="0" fileid="4" />
                <SequencePoint vc="0" uspid="53" ordinal="28" sl="53" sc="1" el="53" ec="2" bec="0" bev="0" fileid="4" />
                <SequencePoint vc="13" uspid="54" ordinal="29" sl="54" sc="1" el="54" ec="2" bec="0" bev="0" fileid="4" />
                <SequencePoint vc="7" uspid="56" ordinal="30" sl="56" sc="1" el="56" ec="2" bec="0" bev="0" fileid="4" />
                <SequencePoint vc="6" uspid="57" ordinal="31" sl="57" sc="1" el="57" ec="2" bec="0" bev="0" fileid="4" />
                <SequencePoint vc="6" uspid="58" ordinal="32" sl="58" sc="1" el="58" ec="2" bec="0" bev="0" fileid="4" />
                <SequencePoint vc="6" uspid="59" ordinal="33" sl="59" sc="1" el="59" ec="2" bec="0" bev="0" fileid="4" />
                <SequencePoint vc="6" uspid="61" ordinal="34" sl="61" sc="1" el="61" ec="2" bec="0" bev="0" fileid="4" />
                <SequencePoint vc="1" uspid="63" ordinal="35" sl="63" sc="1" el="63" ec="2" bec="0" bev="0" fileid="4" />
                <SequencePoint vc="1" uspid="64" ordinal="36" sl="64" sc="1" el="64" ec="2" bec="0" bev="0" fileid="4" />
                <SequencePoint vc="1" uspid="66" ordinal="37" sl="66" sc="1" el="66" ec="2" bec="0" bev="0" fileid="4" />
                <SequencePoint vc="0" uspid="68" ordinal="38" sl="68" sc="1" el="68" ec="2" bec="0" bev="0" fileid="4" />
                <SequencePoint vc="0" uspid="69" ordinal="39" sl="69" sc="1" el="69" ec="2" bec="0" bev="0" fileid="4" />
                <SequencePoint vc="0" uspid="71" ordinal="40" sl="71" sc="1" el="71" ec="2" bec="0" bev="0" fileid="4" />
                <SequencePoint vc="0" uspid="73" ordinal="41" sl="73" sc="1" el="73" ec="2" bec="0" bev="0" fileid="4" />
                <SequencePoint vc="0" uspid="74" ordinal="42" sl="74" sc="1" el="74" ec="2" bec="0" bev="0" fileid="4" />
                <SequencePoint vc="0" uspid="76" ordinal="43" sl="76" sc="1" el="76" ec="2" bec="0" bev="0" fileid="4" />
                <SequencePoint vc="7" uspid="78" ordinal="44" sl="78" sc="1" el="78" ec="2" bec="0" bev="0" fileid="4" />
              </SequencePoints>
              <BranchPoints>
                <BranchPoint vc="1" uspid="31" ordinal="0" path="0" offset="75" offsetend="77" sl="31" fileid="4" />
                <BranchPoint vc="7" uspid="31" ordinal="1" path="1" offset="75" offsetend="87" sl="31" fileid="4" />
                <BranchPoint vc="6" uspid="42" ordinal="0" path="0" offset="7" offsetend="9" sl="42" fileid="4" />
                <BranchPoint vc="1" uspid="42" ordinal="2" path="0" offset="15" offsetend="17" sl="42" fileid="4" />
                <BranchPoint vc="5" uspid="42" ordinal="3" path="1" offset="15" offsetend="36" sl="42" fileid="4" />
                <BranchPoint vc="6" uspid="42" ordinal="1" path="1" offset="7" offsetend="39" sl="42" fileid="4" />
                <BranchPoint vc="6" uspid="42" ordinal="4" path="0" offset="42" offsetend="44" sl="42" fileid="4" />
                <BranchPoint vc="12" uspid="42" ordinal="5" path="1" offset="42" offsetend="58" sl="42" fileid="4" />
                <BranchPoint vc="0" uspid="50" ordinal="0" path="0" offset="7" offsetend="9" sl="50" fileid="4" />
                <BranchPoint vc="0" uspid="50" ordinal="2" path="0" offset="15" offsetend="17" sl="50" fileid="4" />
                <BranchPoint vc="0" uspid="50" ordinal="3" path="1" offset="15" offsetend="36" sl="50" fileid="4" />
                <BranchPoint vc="6" uspid="50" ordinal="1" path="1" offset="7" offsetend="39" sl="50" fileid="4" />
                <BranchPoint vc="0" uspid="50" ordinal="4" path="0" offset="42" offsetend="44" sl="50" fileid="4" />
                <BranchPoint vc="6" uspid="50" ordinal="5" path="1" offset="42" offsetend="63" sl="50" fileid="4" />
              </BranchPoints>
              <MethodPoint vc="36" uspid="0" p8:type="SequencePoint" ordinal="0" offset="0" sc="0" sl="20" ec="1" el="78" bec="0" bev="0" fileid="4" xmlns:p8="xsi" />
            </Method>
          </Methods>
        </Class>
        <Class>
          <Summary numSequencePoints="29" visitedSequencePoints="26" numBranchPoints="2" visitedBranchPoints="2" sequenceCoverage="89.65" branchCoverage="100" maxCyclomaticComplexity="2" minCyclomaticComplexity="1" visitedClasses="1" numClasses="1" visitedMethods="3" numMethods="4" />
          <FullName>CI.GitHookSetup</FullName>
          <Methods>
            <Method cyclomaticComplexity="2" nPathComplexity="2" sequenceCoverage="100" branchCoverage="100" isConstructor="False" isGetter="False" isSetter="False" isStatic="True">
              <Summary numSequencePoints="9" visitedSequencePoints="9" numBranchPoints="2" visitedBranchPoints="2" sequenceCoverage="100" branchCoverage="100" maxCyclomaticComplexity="2" minCyclomaticComplexity="2" visitedClasses="0" numClasses="0" visitedMethods="1" numMethods="1" />
              <MetadataToken />
              <Name>System.Void CI.GitHookSetup::SetupPreCommitHook(System.String)</Name>
              <FileRef uid="4" />
              <SequencePoints>
                <SequencePoint vc="6" uspid="101" ordinal="0" sl="101" sc="1" el="101" ec="2" bec="0" bev="0" fileid="4" />
                <SequencePoint vc="6" uspid="102" ordinal="1" sl="102" sc="1" el="102" ec="2" bec="0" bev="0" fileid="4" />
                <SequencePoint vc="6" uspid="103" ordinal="2" sl="103" sc="1" el="103" ec="2" bec="0" bev="0" fileid="4" />
                <SequencePoint vc="6" uspid="105" ordinal="3" sl="105" sc="1" el="105" ec="2" bec="0" bev="0" fileid="4" />
                <SequencePoint vc="6" uspid="108" ordinal="4" sl="108" sc="1" el="108" ec="2" bec="2" bev="2" fileid="4" />
                <SequencePoint vc="6" uspid="109" ordinal="5" sl="109" sc="1" el="109" ec="2" bec="0" bev="0" fileid="4" />
                <SequencePoint vc="6" uspid="110" ordinal="6" sl="110" sc="1" el="110" ec="2" bec="0" bev="0" fileid="4" />
                <SequencePoint vc="6" uspid="111" ordinal="7" sl="111" sc="1" el="111" ec="2" bec="0" bev="0" fileid="4" />
                <SequencePoint vc="6" uspid="112" ordinal="8" sl="112" sc="1" el="112" ec="2" bec="0" bev="0" fileid="4" />
              </SequencePoints>
              <BranchPoints>
                <BranchPoint vc="6" uspid="108" ordinal="0" path="0" offset="58" offsetend="60" sl="108" fileid="4" />
                <BranchPoint vc="6" uspid="108" ordinal="1" path="1" offset="58" offsetend="75" sl="108" fileid="4" />
              </BranchPoints>
              <MethodPoint vc="9" uspid="0" p8:type="SequencePoint" ordinal="0" offset="0" sc="0" sl="101" ec="1" el="112" bec="0" bev="0" fileid="4" xmlns:p8="xsi" />
            </Method>
            <Method cyclomaticComplexity="1" nPathComplexity="1" sequenceCoverage="100" branchCoverage="100" isConstructor="False" isGetter="False" isSetter="False" isStatic="True">
              <Summary numSequencePoints="13" visitedSequencePoints="13" numBranchPoints="0" visitedBranchPoints="0" sequenceCoverage="100" branchCoverage="100" maxCyclomaticComplexity="1" minCyclomaticComplexity="1" visitedClasses="0" numClasses="0" visitedMethods="1" numMethods="1" />
              <MetadataToken />
              <Name>System.String CI.GitHookSetup::GetHookContent()</Name>
              <FileRef uid="4" />
              <SequencePoints>
                <SequencePoint vc="6" uspid="115" ordinal="0" sl="115" sc="1" el="115" ec="2" bec="0" bev="0" fileid="4" />
                <SequencePoint vc="6" uspid="116" ordinal="1" sl="116" sc="1" el="116" ec="2" bec="0" bev="0" fileid="4" />
                <SequencePoint vc="6" uspid="117" ordinal="2" sl="117" sc="1" el="117" ec="2" bec="0" bev="0" fileid="4" />
                <SequencePoint vc="6" uspid="118" ordinal="3" sl="118" sc="1" el="118" ec="2" bec="0" bev="0" fileid="4" />
                <SequencePoint vc="6" uspid="119" ordinal="4" sl="119" sc="1" el="119" ec="2" bec="0" bev="0" fileid="4" />
                <SequencePoint vc="6" uspid="120" ordinal="5" sl="120" sc="1" el="120" ec="2" bec="0" bev="0" fileid="4" />
                <SequencePoint vc="6" uspid="121" ordinal="6" sl="121" sc="1" el="121" ec="2" bec="0" bev="0" fileid="4" />
                <SequencePoint vc="6" uspid="122" ordinal="7" sl="122" sc="1" el="122" ec="2" bec="0" bev="0" fileid="4" />
                <SequencePoint vc="6" uspid="123" ordinal="8" sl="123" sc="1" el="123" ec="2" bec="0" bev="0" fileid="4" />
                <SequencePoint vc="6" uspid="124" ordinal="9" sl="124" sc="1" el="124" ec="2" bec="0" bev="0" fileid="4" />
                <SequencePoint vc="6" uspid="125" ordinal="10" sl="125" sc="1" el="125" ec="2" bec="0" bev="0" fileid="4" />
                <SequencePoint vc="6" uspid="126" ordinal="11" sl="126" sc="1" el="126" ec="2" bec="0" bev="0" fileid="4" />
                <SequencePoint vc="6" uspid="127" ordinal="12" sl="127" sc="1" el="127" ec="2" bec="0" bev="0" fileid="4" />
              </SequencePoints>
              <BranchPoints />
              <MethodPoint vc="13" uspid="0" p8:type="SequencePoint" ordinal="1" offset="1" sc="0" sl="115" ec="1" el="127" bec="0" bev="0" fileid="4" xmlns:p8="xsi" />
            </Method>
            <Method cyclomaticComplexity="1" nPathComplexity="1" sequenceCoverage="0" branchCoverage="100" isConstructor="True" isGetter="False" isSetter="False" isStatic="True">
              <Summary numSequencePoints="3" visitedSequencePoints="0" numBranchPoints="0" visitedBranchPoints="0" sequenceCoverage="0" branchCoverage="100" maxCyclomaticComplexity="1" minCyclomaticComplexity="1" visitedClasses="0" numClasses="0" visitedMethods="0" numMethods="1" />
              <MetadataToken />
              <Name>System.Void CI.GitHookSetup::.ctor()</Name>
              <FileRef uid="4" />
              <SequencePoints>
                <SequencePoint vc="0" uspid="91" ordinal="0" sl="91" sc="1" el="91" ec="2" bec="0" bev="0" fileid="4" />
                <SequencePoint vc="0" uspid="92" ordinal="1" sl="92" sc="1" el="92" ec="2" bec="0" bev="0" fileid="4" />
                <SequencePoint vc="0" uspid="93" ordinal="2" sl="93" sc="1" el="93" ec="2" bec="0" bev="0" fileid="4" />
              </SequencePoints>
              <BranchPoints />
              <MethodPoint vc="0" uspid="0" p8:type="SequencePoint" ordinal="2" offset="2" sc="0" sl="91" ec="1" el="93" bec="0" bev="0" fileid="4" xmlns:p8="xsi" />
            </Method>
            <Method cyclomaticComplexity="1" nPathComplexity="1" sequenceCoverage="100" branchCoverage="100" isConstructor="True" isGetter="False" isSetter="False" isStatic="True">
              <Summary numSequencePoints="4" visitedSequencePoints="4" numBranchPoints="0" visitedBranchPoints="0" sequenceCoverage="100" branchCoverage="100" maxCyclomaticComplexity="1" minCyclomaticComplexity="1" visitedClasses="0" numClasses="0" visitedMethods="1" numMethods="1" />
              <MetadataToken />
              <Name>System.Void CI.GitHookSetup::.ctor(CI.IFileSystem)</Name>
              <FileRef uid="4" />
              <SequencePoints>
                <SequencePoint vc="6" uspid="95" ordinal="0" sl="95" sc="1" el="95" ec="2" bec="0" bev="0" fileid="4" />
                <SequencePoint vc="6" uspid="96" ordinal="1" sl="96" sc="1" el="96" ec="2" bec="0" bev="0" fileid="4" />
                <SequencePoint vc="6" uspid="97" ordinal="2" sl="97" sc="1" el="97" ec="2" bec="0" bev="0" fileid="4" />
                <SequencePoint vc="6" uspid="98" ordinal="3" sl="98" sc="1" el="98" ec="2" bec="0" bev="0" fileid="4" />
              </SequencePoints>
              <BranchPoints />
              <MethodPoint vc="4" uspid="0" p8:type="SequencePoint" ordinal="3" offset="3" sc="0" sl="95" ec="1" el="98" bec="0" bev="0" fileid="4" xmlns:p8="xsi" />
            </Method>
          </Methods>
        </Class>
        <Class>
          <Summary numSequencePoints="26" visitedSequencePoints="12" numBranchPoints="2" visitedBranchPoints="2" sequenceCoverage="46.15" branchCoverage="100" maxCyclomaticComplexity="2" minCyclomaticComplexity="1" visitedClasses="1" numClasses="1" visitedMethods="4" numMethods="5" />
          <FullName>CI.FileSystem</FullName>
          <Methods>
            <Method cyclomaticComplexity="1" nPathComplexity="1" sequenceCoverage="100" branchCoverage="100" isConstructor="False" isGetter="False" isSetter="False" isStatic="True">
              <Summary numSequencePoints="3" visitedSequencePoints="3" numBranchPoints="0" visitedBranchPoints="0" sequenceCoverage="100" branchCoverage="100" maxCyclomaticComplexity="1" minCyclomaticComplexity="1" visitedClasses="0" numClasses="0" visitedMethods="1" numMethods="1" />
              <MetadataToken />
              <Name>System.Void CI.FileSystem::WriteAllText(System.String,System.String)</Name>
              <FileRef uid="4" />
              <SequencePoints>
                <SequencePoint vc="1" uspid="142" ordinal="0" sl="142" sc="1" el="142" ec="2" bec="0" bev="0" fileid="4" />
                <SequencePoint vc="1" uspid="143" ordinal="1" sl="143" sc="1" el="143" ec="2" bec="0" bev="0" fileid="4" />
                <SequencePoint vc="1" uspid="144" ordinal="2" sl="144" sc="1" el="144" ec="2" bec="0" bev="0" fileid="4" />
              </SequencePoints>
              <BranchPoints />
              <MethodPoint vc="3" uspid="0" p8:type="SequencePoint" ordinal="0" offset="0" sc="0" sl="142" ec="1" el="144" bec="0" bev="0" fileid="4" xmlns:p8="xsi" />
            </Method>
            <Method cyclomaticComplexity="2" nPathComplexity="2" sequenceCoverage="100" branchCoverage="100" isConstructor="False" isGetter="False" isSetter="False" isStatic="True">
              <Summary numSequencePoints="3" visitedSequencePoints="3" numBranchPoints="2" visitedBranchPoints="2" sequenceCoverage="100" branchCoverage="100" maxCyclomaticComplexity="2" minCyclomaticComplexity="2" visitedClasses="0" numClasses="0" visitedMethods="1" numMethods="1" />
              <MetadataToken />
              <Name>System.String CI.FileSystem::ReadAllText(System.String)</Name>
              <FileRef uid="4" />
              <SequencePoints>
                <SequencePoint vc="2" uspid="147" ordinal="0" sl="147" sc="1" el="147" ec="2" bec="0" bev="0" fileid="4" />
                <SequencePoint vc="2" uspid="148" ordinal="1" sl="148" sc="1" el="148" ec="2" bec="2" bev="2" fileid="4" />
                <SequencePoint vc="2" uspid="149" ordinal="2" sl="149" sc="1" el="149" ec="2" bec="0" bev="0" fileid="4" />
              </SequencePoints>
              <BranchPoints>
                <BranchPoint vc="1" uspid="148" ordinal="0" path="0" offset="7" offsetend="9" sl="148" fileid="4" />
                <BranchPoint vc="1" uspid="148" ordinal="1" path="1" offset="7" offsetend="12" sl="148" fileid="4" />
              </BranchPoints>
              <MethodPoint vc="3" uspid="0" p8:type="SequencePoint" ordinal="1" offset="1" sc="0" sl="147" ec="1" el="149" bec="0" bev="0" fileid="4" xmlns:p8="xsi" />
            </Method>
            <Method cyclomaticComplexity="1" nPathComplexity="1" sequenceCoverage="0" branchCoverage="100" isConstructor="False" isGetter="False" isSetter="False" isStatic="True">
              <Summary numSequencePoints="14" visitedSequencePoints="0" numBranchPoints="0" visitedBranchPoints="0" sequenceCoverage="0" branchCoverage="100" maxCyclomaticComplexity="1" minCyclomaticComplexity="1" visitedClasses="0" numClasses="0" visitedMethods="0" numMethods="1" />
              <MetadataToken />
              <Name>System.Void CI.FileSystem::SetFileExecutable(System.String)</Name>
              <FileRef uid="4" />
              <SequencePoints>
                <SequencePoint vc="0" uspid="152" ordinal="0" sl="152" sc="1" el="152" ec="2" bec="0" bev="0" fileid="4" />
                <SequencePoint vc="0" uspid="154" ordinal="1" sl="154" sc="1" el="154" ec="2" bec="0" bev="0" fileid="4" />
                <SequencePoint vc="0" uspid="155" ordinal="2" sl="155" sc="1" el="155" ec="2" bec="0" bev="0" fileid="4" />
                <SequencePoint vc="0" uspid="156" ordinal="3" sl="156" sc="1" el="156" ec="2" bec="0" bev="0" fileid="4" />
                <SequencePoint vc="0" uspid="157" ordinal="4" sl="157" sc="1" el="157" ec="2" bec="0" bev="0" fileid="4" />
                <SequencePoint vc="0" uspid="158" ordinal="5" sl="158" sc="1" el="158" ec="2" bec="0" bev="0" fileid="4" />
                <SequencePoint vc="0" uspid="159" ordinal="6" sl="159" sc="1" el="159" ec="2" bec="0" bev="0" fileid="4" />
                <SequencePoint vc="0" uspid="160" ordinal="7" sl="160" sc="1" el="160" ec="2" bec="0" bev="0" fileid="4" />
                <SequencePoint vc="0" uspid="161" ordinal="8" sl="161" sc="1" el="161" ec="2" bec="0" bev="0" fileid="4" />
                <SequencePoint vc="0" uspid="162" ordinal="9" sl="162" sc="1" el="162" ec="2" bec="0" bev="0" fileid="4" />
[...]
              </SequencePoints>
              <BranchPoints>
                <BranchPoint vc="1" uspid="216" ordinal="0" path="0" offset="16" offsetend="18" sl="216" fileid="4" />
                <BranchPoint vc="7" uspid="216" ordinal="1" path="1" offset="16" offsetend="43" sl="216" fileid="4" />
                <BranchPoint vc="1" uspid="222" ordinal="2" path="0" offset="49" offsetend="51" sl="222" fileid="4" />
                <BranchPoint vc="6" uspid="222" ordinal="3" path="1" offset="49" offsetend="58" sl="222" fileid="4" />
                <BranchPoint vc="1" uspid="224" ordinal="4" path="0" offset="80" offsetend="82" sl="224" fileid="4" />
                <BranchPoint vc="6" uspid="224" ordinal="5" path="1" offset="80" offsetend="89" sl="224" fileid="4" />
                <BranchPoint vc="1" uspid="238" ordinal="6" path="0" offset="153" offsetend="155" sl="238" fileid="4" />
                <BranchPoint vc="6" uspid="238" ordinal="7" path="1" offset="153" offsetend="164" sl="238" fileid="4" />
                <BranchPoint vc="1" uspid="247" ordinal="8" path="0" offset="211" offsetend="213" sl="247" fileid="4" />
                <BranchPoint vc="5" uspid="247" ordinal="9" path="1" offset="211" offsetend="220" sl="247" fileid="4" />
                <BranchPoint vc="4" uspid="254" ordinal="10" path="0" offset="249" offsetend="251" sl="254" fileid="4" />
                <BranchPoint vc="1" uspid="254" ordinal="11" path="1" offset="249" offsetend="268" sl="254" fileid="4" />
                <BranchPoint vc="0" uspid="231" ordinal="0" path="0" offset="2" offsetend="4" sl="231" fileid="4" />
                <BranchPoint vc="0" uspid="231" ordinal="1" path="1" offset="2" offsetend="18" sl="231" fileid="4" />
                <BranchPoint vc="0" uspid="231" ordinal="2" path="0" offset="21" offsetend="23" sl="231" fileid="4" />
                <BranchPoint vc="0" uspid="231" ordinal="3" path="1" offset="21" offsetend="28" sl="231" fileid="4" />
              </BranchPoints>
              <MethodPoint vc="32" uspid="0" p8:type="SequencePoint" ordinal="0" offset="0" sc="0" sl="214" ec="1" el="265" bec="0" bev="0" fileid="4" xmlns:p8="xsi" />
            </Method>
            <Method cyclomaticComplexity="2" nPathComplexity="2" sequenceCoverage="100" branchCoverage="100" isConstructor="False" isGetter="False" isSetter="False" isStatic="True">
              <Summary numSequencePoints="10" visitedSequencePoints="10" numBranchPoints="2" visitedBranchPoints="2" sequenceCoverage="100" branchCoverage="100" maxCyclomaticComplexity="2" minCyclomaticComplexity="2" visitedClasses="0" numClasses="0" visitedMethods="1" numMethods="1" />
              <MetadataToken />
              <Name>System.Void CI.CiRunner::SetupHooks()</Name>
              <FileRef uid="4" />
              <SequencePoints>
                <SequencePoint vc="2" uspid="268" ordinal="0" sl="268" sc="1" el="268" ec="2" bec="0" bev="0" fileid="4" />
                <SequencePoint vc="2" uspid="269" ordinal="1" sl="269" sc="1" el="269" ec="2" bec="0" bev="0" fileid="4" />
                <SequencePoint vc="2" uspid="270" ordinal="2" sl="270" sc="1" el="270" ec="2" bec="2" bev="2" fileid="4" />
                <SequencePoint vc="1" uspid="271" ordinal="3" sl="271" sc="1" el="271" ec="2" bec="0" bev="0" fileid="4" />
                <SequencePoint vc="1" uspid="272" ordinal="4" sl="272" sc="1" el="272" ec="2" bec="0" bev="0" fileid="4" />
                <SequencePoint vc="1" uspid="275" ordinal="5" sl="275" sc="1" el="275" ec="2" bec="0" bev="0" fileid="4" />
                <SequencePoint vc="1" uspid="276" ordinal="6" sl="276" sc="1" el="276" ec="2" bec="0" bev="0" fileid="4" />
                <SequencePoint vc="1" uspid="278" ordinal="7" sl="278" sc="1" el="278" ec="2" bec="0" bev="0" fileid="4" />
                <SequencePoint vc="1" uspid="280" ordinal="8" sl="280" sc="1" el="280" ec="2" bec="0" bev="0" fileid="4" />
                <SequencePoint vc="1" uspid="281" ordinal="9" sl="281" sc="1" el="281" ec="2" bec="0" bev="0" fileid="4" />
              </SequencePoints>
              <BranchPoints>
                <BranchPoint vc="1" uspid="270" ordinal="0" path="0" offset="14" offsetend="16" sl="270" fileid="4" />
                <BranchPoint vc="1" uspid="270" ordinal="1" path="1" offset="14" offsetend="28" sl="270" fileid="4" />
              </BranchPoints>
              <MethodPoint vc="10" uspid="0" p8:type="SequencePoint" ordinal="1" offset="1" sc="0" sl="268" ec="1" el="281" bec="0" bev="0" fileid="4" xmlns:p8="xsi" />
            </Method>
            <Method cyclomaticComplexity="6" nPathComplexity="6" sequenceCoverage="100" branchCoverage="100" isConstructor="False" isGetter="False" isSetter="False" isStatic="True">
              <Summary numSequencePoints="12" visitedSequencePoints="12" numBranchPoints="6" visitedBranchPoints="6" sequenceCoverage="100" branchCoverage="100" maxCyclomaticComplexity="6" minCyclomaticComplexity="6" visitedClasses="0" numClasses="0" visitedMethods="1" numMethods="1" />
              <MetadataToken />
              <Name>System.String CI.CiRunner::FindRepositoryRoot()</Name>
              <FileRef uid="4" />
              <SequencePoints>
                <SequencePoint vc="10" uspid="284" ordinal="0" sl="284" sc="1" el="284" ec="2" bec="0" bev="0" fileid="4" />
                <SequencePoint vc="10" uspid="285" ordinal="1" sl="285" sc="1" el="285" ec="2" bec="2" bev="2" fileid="4" />
                <SequencePoint vc="10" uspid="286" ordinal="2" sl="286" sc="1" el="286" ec="2" bec="0" bev="0" fileid="4" />
                <SequencePoint vc="26" uspid="288" ordinal="3" sl="288" sc="1" el="288" ec="2" bec="2" bev="2" fileid="4" />
                <SequencePoint vc="24" uspid="289" ordinal="4" sl="289" sc="1" el="289" ec="2" bec="0" bev="0" fileid="4" />
                <SequencePoint vc="24" uspid="290" ordinal="5" sl="290" sc="1" el="290" ec="2" bec="2" bev="2" fileid="4" />
                <SequencePoint vc="8" uspid="291" ordinal="6" sl="291" sc="1" el="291" ec="2" bec="0" bev="0" fileid="4" />
                <SequencePoint vc="8" uspid="292" ordinal="7" sl="292" sc="1" el="292" ec="2" bec="0" bev="0" fileid="4" />
                <SequencePoint vc="16" uspid="295" ordinal="8" sl="295" sc="1" el="295" ec="2" bec="0" bev="0" fileid="4" />
                <SequencePoint vc="16" uspid="296" ordinal="9" sl="296" sc="1" el="296" ec="2" bec="0" bev="0" fileid="4" />
                <SequencePoint vc="2" uspid="298" ordinal="10" sl="298" sc="1" el="298" ec="2" bec="0" bev="0" fileid="4" />
                <SequencePoint vc="10" uspid="299" ordinal="11" sl="299" sc="1" el="299" ec="2" bec="0" bev="0" fileid="4" />
              </SequencePoints>
              <BranchPoints>
                <BranchPoint vc="10" uspid="285" ordinal="0" path="0" offset="8" offsetend="10" sl="285" fileid="4" />
                <BranchPoint vc="10" uspid="285" ordinal="1" path="1" offset="8" offsetend="16" sl="285" fileid="4" />
                <BranchPoint vc="24" uspid="288" ordinal="5" path="1" offset="84" offsetend="26" sl="288" fileid="4" />
                <BranchPoint vc="8" uspid="290" ordinal="2" path="0" offset="56" offsetend="58" sl="290" fileid="4" />
                <BranchPoint vc="16" uspid="290" ordinal="3" path="1" offset="56" offsetend="68" sl="290" fileid="4" />
                <BranchPoint vc="2" uspid="288" ordinal="4" path="0" offset="84" offsetend="86" sl="288" fileid="4" />
              </BranchPoints>
              <MethodPoint vc="12" uspid="0" p8:type="SequencePoint" ordinal="2" offset="2" sc="0" sl="284" ec="1" el="299" bec="0" bev="0" fileid="4" xmlns:p8="xsi" />
            </Method>
            <Method cyclomaticComplexity="1" nPathComplexity="1" sequenceCoverage="0" branchCoverage="100" isConstructor="True" isGetter="False" isSetter="False" isStatic="True">
              <Summary numSequencePoints="3" visitedSequencePoints="0" numBranchPoints="0" visitedBranchPoints="0" sequenceCoverage="0" branchCoverage="100" maxCyclomaticComplexity="1" minCyclomaticComplexity="1" visitedClasses="0" numClasses="0" visitedMethods="0" numMethods="1" />
              <MetadataToken />
              <Name>System.Void CI.CiRunner::.ctor()</Name>
              <FileRef uid="4" />
              <SequencePoints>
                <SequencePoint vc="0" uspid="189" ordinal="0" sl="189" sc="1" el="189" ec="2" bec="0" bev="0" fileid="4" />
                <SequencePoint vc="0" uspid="190" ordinal="1" sl="190" sc="1" el="190" ec="2" bec="0" bev="0" fileid="4" />
                <SequencePoint vc="0" uspid="191" ordinal="2" sl="191" sc="1" el="191" ec="2" bec="0" bev="0" fileid="4" />
              </SequencePoints>
              <BranchPoints />
              <MethodPoint vc="0" uspid="0" p8:type="SequencePoint" ordinal="3" offset="3" sc="0" sl="189" ec="1" el="191" bec="0" bev="0" fileid="4" xmlns:p8="xsi" />
            </Method>
            <Method cyclomaticComplexity="1" nPathComplexity="1" sequenceCoverage="0" branchCoverage="100" isConstructor="True" isGetter="False" isSetter="False" isStatic="True">
              <Summary numSequencePoints="3" visitedSequencePoints="0" numBranchPoints="0" visitedBranchPoints="0" sequenceCoverage="0" branchCoverage="100" maxCyclomaticComplexity="1" minCyclomaticComplexity="1" visitedClasses="0" numClasses="0" visitedMethods="0" numMethods="1" />
              <MetadataToken />
              <Name>System.Void CI.CiRunner::.ctor(CI.IProcessRunner,CI.IGitHookSetup,CI.IFileSystem)</Name>
              <FileRef uid="4" />
              <SequencePoints>
                <SequencePoint vc="0" uspid="194" ordinal="0" sl="194" sc="1" el="194" ec="2" bec="0" bev="0" fileid="4" />
                <SequencePoint vc="0" uspid="195" ordinal="1" sl="195" sc="1" el="195" ec="2" bec="0" bev="0" fileid="4" />
                <SequencePoint vc="0" uspid="196" ordinal="2" sl="196" sc="1" el="196" ec="2" bec="0" bev="0" fileid="4" />
              </SequencePoints>
              <BranchPoints />
              <MethodPoint vc="0" uspid="0" p8:type="SequencePoint" ordinal="4" offset="4" sc="0" sl="194" ec="1" el="196" bec="0" bev="0" fileid="4" xmlns:p8="xsi" />
            </Method>
            <Method cyclomaticComplexity="1" nPathComplexity="1" sequenceCoverage="100" branchCoverage="100" isConstructor="True" isGetter="False" isSetter="False" isStatic="True">
              <Summary numSequencePoints="3" visitedSequencePoints="3" numBranchPoints="0" visitedBranchPoints="0" sequenceCoverage="100" branchCoverage="100" maxCyclomaticComplexity="1" minCyclomaticComplexity="1" visitedClasses="0" numClasses="0" visitedMethods="1" numMethods="1" />
              <MetadataToken />
              <Name>System.Void CI.CiRunner::.ctor(CI.IProcessRunner,CI.IGitHookSetup,CI.IFileSystem,CI.ICoverageConfigReader,CI.ICoverageThresholdChecker)</Name>
              <FileRef uid="4" />
              <SequencePoints>
                <SequencePoint vc="10" uspid="199" ordinal="0" sl="199" sc="1" el="199" ec="2" bec="0" bev="0" fileid="4" />
                <SequencePoint vc="10" uspid="200" ordinal="1" sl="200" sc="1" el="200" ec="2" bec="0" bev="0" fileid="4" />
                <SequencePoint vc="10" uspid="201" ordinal="2" sl="201" sc="1" el="201" ec="2" bec="0" bev="0" fileid="4" />
              </SequencePoints>
              <BranchPoints />
              <MethodPoint vc="3" uspid="0" p8:type="SequencePoint" ordinal="5" offset="5" sc="0" sl="199" ec="1" el="201" bec="0" bev="0" fileid="4" xmlns:p8="xsi" />
            </Method>
            <Method cyclomaticComplexity="1" nPathComplexity="1" sequenceCoverage="100" branchCoverage="100" isConstructor="True" isGetter="False" isSetter="False" isStatic="True">
              <Summary numSequencePoints="9" visitedSequencePoints="9" numBranchPoints="0" visitedBranchPoints="0" sequenceCoverage="100" branchCoverage="100" maxCyclomaticComplexity="1" minCyclomaticComplexity="1" visitedClasses="0" numClasses="0" visitedMethods="1" numMethods="1" />
              <MetadataToken />
              <Name>System.Void CI.CiRunner::.ctor(CI.IProcessRunner,CI.IGitHookSetup,CI.IFileSystem,CI.ICoverageConfigReader,CI.ICoverageThresholdChecker,System.String)</Name>
              <FileRef uid="4" />
              <SequencePoints>
                <SequencePoint vc="10" uspid="203" ordinal="0" sl="203" sc="1" el="203" ec="2" bec="0" bev="0" fileid="4" />
                <SequencePoint vc="10" uspid="204" ordinal="1" sl="204" sc="1" el="204" ec="2" bec="0" bev="0" fileid="4" />
                <SequencePoint vc="10" uspid="205" ordinal="2" sl="205" sc="1" el="205" ec="2" bec="0" bev="0" fileid="4" />
                <SequencePoint vc="10" uspid="206" ordinal="3" sl="206" sc="1" el="206" ec="2" bec="0" bev="0" fileid="4" />
                <SequencePoint vc="10" uspid="207" ordinal="4" sl="207" sc="1" el="207" ec="2" bec="0" bev="0" fileid="4" />
                <SequencePoint vc="10" uspid="208" ordinal="5" sl="208" sc="1" el="208" ec="2" bec="0" bev="0" fileid="4" />
                <SequencePoint vc="10" uspid="209" ordinal="6" sl="209" sc="1" el="209" ec="2" bec="0" bev="0" fileid="4" />
                <SequencePoint vc="10" uspid="210" ordinal="7" sl="210" sc="1" el="210" ec="2" bec="0" bev="0" fileid="4" />
                <SequencePoint vc="10" uspid="211" ordinal="8" sl="211" sc="1" el="211" ec="2" bec="0" bev="0" fileid="4" />
              </SequencePoints>
              <BranchPoints />
              <MethodPoint vc="9" uspid="0" p8:type="SequencePoint" ordinal="6" offset="6" sc="0" sl="203" ec="1" el="211" bec="0" bev="0" fileid="4" xmlns:p8="xsi" />
            </Method>
          </Methods>
        </Class>
        <Class>
          <Summary numSequencePoints="29" visitedSequencePoints="13" numBranchPoints="10" visitedBranchPoints="4" sequenceCoverage="44.82" branchCoverage="40" maxCyclomaticComplexity="10" minCyclomaticComplexity="10" visitedClasses="1" numClasses="1" visitedMethods="1" numMethods="1" />
          <FullName>CI.Program</FullName>
          <Methods>
            <Method cyclomaticComplexity="10" nPathComplexity="10" sequenceCoverage="44.82" branchCoverage="40" isConstructor="False" isGetter="False" isSetter="False" isStatic="True">
              <Summary numSequencePoints="29" visitedSequencePoints="13" numBranchPoints="10" visitedBranchPoints="4" sequenceCoverage="44.82" branchCoverage="40" maxCyclomaticComplexity="10" minCyclomaticComplexity="10" visitedClasses="0" numClasses="0" visitedMethods="1" numMethods="1" />
              <MetadataToken />
              <Name>System.Int32 CI.Program::Main(System.String[])</Name>
              <FileRef uid="4" />
              <SequencePoints>
                <SequencePoint vc="1" uspid="305" ordinal="0" sl="305" sc="1" el="305" ec="2" bec="0" bev="0" fileid="4" />
                <SequencePoint vc="1" uspid="306" ordinal="1" sl="306" sc="1" el="306" ec="2" bec="2" bev="1" fileid="4" />
                <SequencePoint vc="1" uspid="308" ordinal="2" sl="308" sc="1" el="308" ec="2" bec="0" bev="0" fileid="4" />
                <SequencePoint vc="1" uspid="309" ordinal="3" sl="309" sc="1" el="309" ec="2" bec="0" bev="0" fileid="4" />
                <SequencePoint vc="4" uspid="311" ordinal="4" sl="311" sc="1" el="311" ec="2" bec="2" bev="1" fileid="4" />
                <SequencePoint vc="1" uspid="312" ordinal="5" sl="312" sc="1" el="312" ec="2" bec="0" bev="0" fileid="4" />
                <SequencePoint vc="1" uspid="313" ordinal="6" sl="313" sc="1" el="313" ec="2" bec="4" bev="2" fileid="4" />
                <SequencePoint vc="0" uspid="316" ordinal="7" sl="316" sc="1" el="316" ec="2" bec="0" bev="0" fileid="4" />
                <SequencePoint vc="0" uspid="317" ordinal="8" sl="317" sc="1" el="317" ec="2" bec="0" bev="0" fileid="4" />
                <SequencePoint vc="0" uspid="319" ordinal="9" sl="319" sc="1" el="319" ec="2" bec="0" bev="0" fileid="4" />
                <SequencePoint vc="0" uspid="320" ordinal="10" sl="320" sc="1" el="320" ec="2" bec="0" bev="0" fileid="4" />
                <SequencePoint vc="1" uspid="322" ordinal="11" sl="322" sc="1" el="322" ec="2" bec="0" bev="0" fileid="4" />
                <SequencePoint vc="1" uspid="323" ordinal="12" sl="323" sc="1" el="323" ec="2" bec="0" bev="0" fileid="4" />
                <SequencePoint vc="1" uspid="324" ordinal="13" sl="324" sc="1" el="324" ec="2" bec="0" bev="0" fileid="4" />
                <SequencePoint vc="1" uspid="325" ordinal="14" sl="325" sc="1" el="325" ec="2" bec="0" bev="0" fileid="4" />
                <SequencePoint vc="1" uspid="326" ordinal="15" sl="326" sc="1" el="326" ec="2" bec="0" bev="0" fileid="4" />
                <SequencePoint vc="0" uspid="328" ordinal="16" sl="328" sc="1" el="328" ec="2" bec="0" bev="0" fileid="4" />
                <SequencePoint vc="0" uspid="330" ordinal="17" sl="330" sc="1" el="330" ec="2" bec="0" bev="0" fileid="4" />
                <SequencePoint vc="0" uspid="332" ordinal="18" sl="332" sc="1" el="332" ec="2" bec="2" bev="0" fileid="4" />
                <SequencePoint vc="0" uspid="333" ordinal="19" sl="333" sc="1" el="333" ec="2" bec="0" bev="0" fileid="4" />
                <SequencePoint vc="0" uspid="335" ordinal="20" sl="335" sc="1" el="335" ec="2" bec="0" bev="0" fileid="4" />
                <SequencePoint vc="0" uspid="336" ordinal="21" sl="336" sc="1" el="336" ec="2" bec="0" bev="0" fileid="4" />
                <SequencePoint vc="0" uspid="337" ordinal="22" sl="337" sc="1" el="337" ec="2" bec="0" bev="0" fileid="4" />
                <SequencePoint vc="0" uspid="339" ordinal="23" sl="339" sc="1" el="339" ec="2" bec="0" bev="0" fileid="4" />
                <SequencePoint vc="0" uspid="340" ordinal="24" sl="340" sc="1" el="340" ec="2" bec="0" bev="0" fileid="4" />
                <SequencePoint vc="0" uspid="341" ordinal="25" sl="341" sc="1" el="341" ec="2" bec="0" bev="0" fileid="4" />
                <SequencePoint vc="0" uspid="342" ordinal="26" sl="342" sc="1" el="342" ec="2" bec="0" bev="0" fileid="4" />
                <SequencePoint vc="0" uspid="346" ordinal="27" sl="346" sc="1" el="346" ec="2" bec="0" bev="0" fileid="4" />
                <SequencePoint vc="1" uspid="347" ordinal="28" sl="347" sc="1" el="347" ec="2" bec="0" bev="0" fileid="4" />
              </SequencePoints>
              <BranchPoints>
                <BranchPoint vc="0" uspid="306" ordinal="0" path="0" offset="2" offsetend="4" sl="306" fileid="4" />
                <BranchPoint vc="1" uspid="306" ordinal="1" path="1" offset="2" offsetend="11" sl="306" fileid="4" />
                <BranchPoint vc="1" uspid="311" ordinal="7" path="1" offset="172" offsetend="26" sl="311" fileid="4" />
                <BranchPoint vc="1" uspid="313" ordinal="2" path="0" offset="53" offsetend="55" sl="313" fileid="4" />
                <BranchPoint vc="0" uspid="313" ordinal="3" path="1" offset="53" offsetend="71" sl="313" fileid="4" />
                <BranchPoint vc="0" uspid="313" ordinal="5" path="1" offset="67" offsetend="75" sl="313" fileid="4" />
                <BranchPoint vc="1" uspid="313" ordinal="4" path="0" offset="67" offsetend="79" sl="313" fileid="4" />
                <BranchPoint vc="0" uspid="311" ordinal="6" path="0" offset="172" offsetend="177" sl="311" fileid="4" />
                <BranchPoint vc="0" uspid="332" ordinal="8" path="0" offset="188" offsetend="190" sl="332" fileid="4" />
                <BranchPoint vc="0" uspid="332" ordinal="9" path="1" offset="188" offsetend="230" sl="332" fileid="4" />
              </BranchPoints>
              <MethodPoint vc="13" uspid="0" p8:type="SequencePoint" ordinal="0" offset="0" sc="0" sl="305" ec="1" el="347" bec="0" bev="0" fileid="4" xmlns:p8="xsi" />
            </Method>
          </Methods>
        </Class>
      </Classes>
    </Module>
  </Modules>
</CoverageSession>